12:41:25 INFO  : Launching XSCT server: xsct.bat -n  -interactive C:\LocalWorkspace\EE277workspace\Lab2_2021v\Lab2_LEDBehaviorVitis\temp_xsdb_launch_script.tcl
12:41:25 INFO  : Platform repository initialization has completed.
12:41:25 INFO  : Registering command handlers for Vitis TCF services
12:41:28 INFO  : XSCT server has started successfully.
12:41:30 INFO  : plnx-install-location is set to ''
12:41:30 INFO  : Successfully done setting XSCT server connection channel  
12:41:30 INFO  : Successfully done query RDI_DATADIR 
12:41:30 INFO  : Successfully done setting workspace for the tool. 
12:43:30 INFO  : Result from executing command 'getProjects': design_1_wrapper
12:43:30 INFO  : Result from executing command 'getPlatforms': 
12:43:31 WARN  : An unexpected exception occurred in the module 'platform project logging'
12:43:31 INFO  : Platform 'design_1_wrapper' is added to custom repositories.
12:43:38 INFO  : Platform 'design_1_wrapper' is added to custom repositories.
12:45:51 INFO  : Result from executing command 'getProjects': design_1_wrapper
12:45:51 INFO  : Result from executing command 'getPlatforms': design_1_wrapper|C:/LocalWorkspace/EE277workspace/Lab2_2021v/Lab2_LEDBehaviorVitis/design_1_wrapper/export/design_1_wrapper/design_1_wrapper.xpfm
12:45:51 INFO  : Checking for BSP changes to sync application flags for project 'led_system'...
12:46:18 INFO  : Connected to target on host '127.0.0.1' and port '3121'.
12:46:18 INFO  : Jtag cable 'Digilent Zybo Z7 210351B7A98FA' is selected.
12:46:18 INFO  : 'jtag frequency' command is executed.
12:46:19 INFO  : Context for 'APU' is selected.
12:46:19 INFO  : System reset is completed.
12:46:22 INFO  : 'after 3000' command is executed.
12:46:22 INFO  : 'targets -set -filter {jtag_cable_name =~ "Digilent Zybo Z7 210351B7A98FA" && level==0 && jtag_device_ctx=="jsn-Zybo Z7-210351B7A98FA-13722093-0"}' command is executed.
12:46:23 INFO  : Device configured successfully with "C:/LocalWorkspace/EE277workspace/Lab2_2021v/Lab2_LEDBehaviorVitis/led_system/_ide/bitstream/design_1_wrapper.bit"
12:46:23 INFO  : Context for 'APU' is selected.
12:46:23 INFO  : Hardware design and registers information is loaded from 'C:/LocalWorkspace/EE277workspace/Lab2_2021v/Lab2_LEDBehaviorVitis/design_1_wrapper/export/design_1_wrapper/hw/design_1_wrapper.xsa'.
12:46:23 INFO  : 'configparams force-mem-access 1' command is executed.
12:46:23 INFO  : Context for 'APU' is selected.
12:46:23 INFO  : Sourcing of 'C:/LocalWorkspace/EE277workspace/Lab2_2021v/Lab2_LEDBehaviorVitis/led_system/_ide/psinit/ps7_init.tcl' is done.
12:46:23 INFO  : 'ps7_init' command is executed.
12:46:23 INFO  : 'ps7_post_config' command is executed.
12:46:23 INFO  : Context for processor 'ps7_cortexa9_0' is selected.
12:46:24 INFO  : The application 'C:/LocalWorkspace/EE277workspace/Lab2_2021v/Lab2_LEDBehaviorVitis/led_system/Debug/led_system.elf' is downloaded to processor 'ps7_cortexa9_0'.
12:46:24 INFO  : 'configparams force-mem-access 0' command is executed.
12:46:24 INFO  : ----------------XSDB Script----------------
connect -url tcp:127.0.0.1:3121
targets -set -nocase -filter {name =~"APU*"}
rst -system
after 3000
targets -set -filter {jtag_cable_name =~ "Digilent Zybo Z7 210351B7A98FA" && level==0 && jtag_device_ctx=="jsn-Zybo Z7-210351B7A98FA-13722093-0"}
fpga -file C:/LocalWorkspace/EE277workspace/Lab2_2021v/Lab2_LEDBehaviorVitis/led_system/_ide/bitstream/design_1_wrapper.bit
targets -set -nocase -filter {name =~"APU*"}
loadhw -hw C:/LocalWorkspace/EE277workspace/Lab2_2021v/Lab2_LEDBehaviorVitis/design_1_wrapper/export/design_1_wrapper/hw/design_1_wrapper.xsa -mem-ranges [list {0x40000000 0xbfffffff}] -regs
configparams force-mem-access 1
targets -set -nocase -filter {name =~"APU*"}
source C:/LocalWorkspace/EE277workspace/Lab2_2021v/Lab2_LEDBehaviorVitis/led_system/_ide/psinit/ps7_init.tcl
ps7_init
ps7_post_config
targets -set -nocase -filter {name =~ "*A9*#0"}
dow C:/LocalWorkspace/EE277workspace/Lab2_2021v/Lab2_LEDBehaviorVitis/led_system/Debug/led_system.elf
configparams force-mem-access 0
----------------End of Script----------------

12:46:24 INFO  : Context for processor 'ps7_cortexa9_0' is selected.
12:46:24 INFO  : 'con' command is executed.
12:46:24 INFO  : ----------------XSDB Script (After Launch)----------------
targets -set -nocase -filter {name =~ "*A9*#0"}
con
----------------End of Script----------------

12:46:24 INFO  : Launch script is exported to file 'C:\LocalWorkspace\EE277workspace\Lab2_2021v\Lab2_LEDBehaviorVitis\led_system_system\_ide\scripts\systemdebugger_led_system_system_standalone.tcl'
13:13:52 INFO  : Disconnected from the channel tcfchan#3.
15:17:09 INFO  : Launching XSCT server: xsct.bat -n  -interactive C:\LocalWorkspace\EE277workspace\Lab2_2021v\Lab2_LEDBehaviorVitis\temp_xsdb_launch_script.tcl
15:17:13 INFO  : XSCT server has started successfully.
15:17:13 INFO  : Successfully done setting XSCT server connection channel  
15:17:13 INFO  : plnx-install-location is set to ''
15:17:13 INFO  : Successfully done setting workspace for the tool. 
15:17:13 INFO  : Platform repository initialization has completed.
15:17:14 INFO  : Registering command handlers for Vitis TCF services
15:17:17 INFO  : Successfully done query RDI_DATADIR 
