13:35:51 INFO  : Launching XSCT server: xsct.bat -n  -interactive C:\LocalWorkspace\EE277workspace\Lab4\VitisWorkspace_Lab4\temp_xsdb_launch_script.tcl
13:35:51 INFO  : Platform repository initialization has completed.
13:35:52 INFO  : Registering command handlers for Vitis TCF services
13:35:54 INFO  : XSCT server has started successfully.
13:35:57 INFO  : Successfully done setting XSCT server connection channel  
13:35:57 INFO  : plnx-install-location is set to ''
13:35:57 INFO  : Successfully done query RDI_DATADIR 
13:35:57 INFO  : Successfully done setting workspace for the tool. 
13:39:02 INFO  : Platform 'design_1_wrapper' is added to custom repositories.
13:39:04 INFO  : [Import] Updating active build configuration of the system project 'Zybo-Z7-10-HDMI_system' to 'Debug' after the import.
13:46:34 INFO  : Hardware specification for platform project 'design_1_wrapper' is updated.
13:47:40 INFO  : Hardware specification for platform project 'design_1_wrapper' is updated.
13:48:40 INFO  : Result from executing command 'removePlatformRepo': 
13:49:14 INFO  : Hardware specification for platform project 'design_1_wrapper' is updated.
13:50:33 INFO  : Launching XSCT server: xsct.bat -n  -interactive C:\LocalWorkspace\EE277workspace\Lab4\VitisWorkspace_Lab4\temp_xsdb_launch_script.tcl
13:50:34 INFO  : Platform repository initialization has completed.
13:50:35 INFO  : XSCT server has started successfully.
13:50:35 INFO  : plnx-install-location is set to ''
13:50:36 INFO  : Successfully done setting XSCT server connection channel  
13:50:36 INFO  : Successfully done setting workspace for the tool. 
13:50:36 INFO  : Successfully done query RDI_DATADIR 
13:50:36 INFO  : Registering command handlers for Vitis TCF services
13:51:01 INFO  : Hardware specification for platform project 'design_1_wrapper' is updated.
13:51:18 INFO  : Launching XSCT server: xsct.bat -n  -interactive C:\LocalWorkspace\EE277workspace\Lab4\VitisWorkspace_Lab4\temp_xsdb_launch_script.tcl
13:51:19 INFO  : Platform repository initialization has completed.
13:51:20 INFO  : XSCT server has started successfully.
13:51:20 INFO  : Successfully done setting XSCT server connection channel  
13:51:20 INFO  : plnx-install-location is set to ''
13:51:20 INFO  : Successfully done setting workspace for the tool. 
13:51:21 INFO  : Successfully done query RDI_DATADIR 
13:51:21 INFO  : Registering command handlers for Vitis TCF services
13:55:29 INFO  : Hardware specification for platform project 'design_1_wrapper' is updated.
14:02:12 INFO  : Result from executing command 'getProjects': design_1_wrapper
14:02:12 INFO  : Result from executing command 'getPlatforms': design_1_wrapper|C:/LocalWorkspace/EE277workspace/Lab4/ZyboZ7_10_HDMI_sw.ide/design_1_wrapper/export/design_1_wrapper/design_1_wrapper.xpfm
14:02:13 INFO  : Checking for BSP changes to sync application flags for project 'Zybo-Z7-10-HDMI'...
14:53:08 INFO  : Connected to target on host '127.0.0.1' and port '3121'.
14:53:09 INFO  : Jtag cable 'Digilent Zybo Z7 210351B7A98FA' is selected.
14:53:09 INFO  : 'jtag frequency' command is executed.
14:53:09 INFO  : Context for 'APU' is selected.
14:53:09 INFO  : System reset is completed.
14:53:12 INFO  : 'after 3000' command is executed.
14:53:12 INFO  : 'targets -set -filter {jtag_cable_name =~ "Digilent Zybo Z7 210351B7A98FA" && level==0 && jtag_device_ctx=="jsn-Zybo Z7-210351B7A98FA-13722093-0"}' command is executed.
14:53:13 INFO  : Device configured successfully with "C:/LocalWorkspace/EE277workspace/Lab4/VitisWorkspace_Lab4/Zybo-Z7-10-HDMI/_ide/bitstream/design_1_wrapper.bit"
14:53:13 INFO  : Context for 'APU' is selected.
14:53:13 INFO  : Hardware design and registers information is loaded from 'C:/LocalWorkspace/EE277workspace/Lab4/ZyboZ7_10_HDMI_sw.ide/design_1_wrapper/export/design_1_wrapper/hw/design_1_wrapper.xsa'.
14:53:13 INFO  : 'configparams force-mem-access 1' command is executed.
14:53:13 INFO  : Context for 'APU' is selected.
14:53:13 INFO  : Sourcing of 'C:/LocalWorkspace/EE277workspace/Lab4/VitisWorkspace_Lab4/Zybo-Z7-10-HDMI/_ide/psinit/ps7_init.tcl' is done.
14:53:14 INFO  : 'ps7_init' command is executed.
14:53:14 INFO  : 'ps7_post_config' command is executed.
14:53:14 INFO  : Context for processor 'ps7_cortexa9_0' is selected.
14:53:14 INFO  : The application 'C:/LocalWorkspace/EE277workspace/Lab4/VitisWorkspace_Lab4/Zybo-Z7-10-HDMI/Debug/Zybo-Z7-10-HDMI.elf' is downloaded to processor 'ps7_cortexa9_0'.
14:53:14 INFO  : 'configparams force-mem-access 0' command is executed.
14:53:14 INFO  : ----------------XSDB Script----------------
connect -url tcp:127.0.0.1:3121
targets -set -nocase -filter {name =~"APU*"}
rst -system
after 3000
targets -set -filter {jtag_cable_name =~ "Digilent Zybo Z7 210351B7A98FA" && level==0 && jtag_device_ctx=="jsn-Zybo Z7-210351B7A98FA-13722093-0"}
fpga -file C:/LocalWorkspace/EE277workspace/Lab4/VitisWorkspace_Lab4/Zybo-Z7-10-HDMI/_ide/bitstream/design_1_wrapper.bit
targets -set -nocase -filter {name =~"APU*"}
loadhw -hw C:/LocalWorkspace/EE277workspace/Lab4/ZyboZ7_10_HDMI_sw.ide/design_1_wrapper/export/design_1_wrapper/hw/design_1_wrapper.xsa -mem-ranges [list {0x40000000 0xbfffffff}] -regs
configparams force-mem-access 1
targets -set -nocase -filter {name =~"APU*"}
source C:/LocalWorkspace/EE277workspace/Lab4/VitisWorkspace_Lab4/Zybo-Z7-10-HDMI/_ide/psinit/ps7_init.tcl
ps7_init
ps7_post_config
targets -set -nocase -filter {name =~ "*A9*#0"}
dow C:/LocalWorkspace/EE277workspace/Lab4/VitisWorkspace_Lab4/Zybo-Z7-10-HDMI/Debug/Zybo-Z7-10-HDMI.elf
configparams force-mem-access 0
----------------End of Script----------------

14:53:14 INFO  : Context for processor 'ps7_cortexa9_0' is selected.
14:53:14 INFO  : 'con' command is executed.
14:53:14 INFO  : ----------------XSDB Script (After Launch)----------------
targets -set -nocase -filter {name =~ "*A9*#0"}
con
----------------End of Script----------------

14:53:14 INFO  : Launch script is exported to file 'C:\LocalWorkspace\EE277workspace\Lab4\VitisWorkspace_Lab4\Zybo-Z7-10-HDMI_system\_ide\scripts\systemdebugger_zybo-z7-10-hdmi_system_standalone.tcl'
15:20:28 INFO  : Disconnected from the channel tcfchan#3.
15:20:28 INFO  : Connected to target on host '127.0.0.1' and port '3121'.
15:20:28 INFO  : Jtag cable 'Digilent Zybo Z7 210351B7A98FA' is selected.
15:20:28 INFO  : 'jtag frequency' command is executed.
15:20:28 INFO  : Context for 'APU' is selected.
15:20:29 INFO  : System reset is completed.
15:20:32 INFO  : 'after 3000' command is executed.
15:20:32 INFO  : 'targets -set -filter {jtag_cable_name =~ "Digilent Zybo Z7 210351B7A98FA" && level==0 && jtag_device_ctx=="jsn-Zybo Z7-210351B7A98FA-13722093-0"}' command is executed.
15:20:33 INFO  : Device configured successfully with "C:/LocalWorkspace/EE277workspace/Lab4/VitisWorkspace_Lab4/Zybo-Z7-10-HDMI/_ide/bitstream/design_1_wrapper.bit"
15:20:33 INFO  : Context for 'APU' is selected.
15:20:33 INFO  : Hardware design and registers information is loaded from 'C:/LocalWorkspace/EE277workspace/Lab4/ZyboZ7_10_HDMI_sw.ide/design_1_wrapper/export/design_1_wrapper/hw/design_1_wrapper.xsa'.
15:20:33 INFO  : 'configparams force-mem-access 1' command is executed.
15:20:33 INFO  : Context for 'APU' is selected.
15:20:33 INFO  : Sourcing of 'C:/LocalWorkspace/EE277workspace/Lab4/VitisWorkspace_Lab4/Zybo-Z7-10-HDMI/_ide/psinit/ps7_init.tcl' is done.
15:20:33 INFO  : 'ps7_init' command is executed.
15:20:33 INFO  : 'ps7_post_config' command is executed.
15:20:33 INFO  : Context for processor 'ps7_cortexa9_0' is selected.
15:20:34 INFO  : The application 'C:/LocalWorkspace/EE277workspace/Lab4/VitisWorkspace_Lab4/Zybo-Z7-10-HDMI/Debug/Zybo-Z7-10-HDMI.elf' is downloaded to processor 'ps7_cortexa9_0'.
15:20:34 INFO  : 'configparams force-mem-access 0' command is executed.
15:20:34 INFO  : ----------------XSDB Script----------------
connect -url tcp:127.0.0.1:3121
targets -set -nocase -filter {name =~"APU*"}
rst -system
after 3000
targets -set -filter {jtag_cable_name =~ "Digilent Zybo Z7 210351B7A98FA" && level==0 && jtag_device_ctx=="jsn-Zybo Z7-210351B7A98FA-13722093-0"}
fpga -file C:/LocalWorkspace/EE277workspace/Lab4/VitisWorkspace_Lab4/Zybo-Z7-10-HDMI/_ide/bitstream/design_1_wrapper.bit
targets -set -nocase -filter {name =~"APU*"}
loadhw -hw C:/LocalWorkspace/EE277workspace/Lab4/ZyboZ7_10_HDMI_sw.ide/design_1_wrapper/export/design_1_wrapper/hw/design_1_wrapper.xsa -mem-ranges [list {0x40000000 0xbfffffff}] -regs
configparams force-mem-access 1
targets -set -nocase -filter {name =~"APU*"}
source C:/LocalWorkspace/EE277workspace/Lab4/VitisWorkspace_Lab4/Zybo-Z7-10-HDMI/_ide/psinit/ps7_init.tcl
ps7_init
ps7_post_config
targets -set -nocase -filter {name =~ "*A9*#0"}
dow C:/LocalWorkspace/EE277workspace/Lab4/VitisWorkspace_Lab4/Zybo-Z7-10-HDMI/Debug/Zybo-Z7-10-HDMI.elf
configparams force-mem-access 0
----------------End of Script----------------

15:20:34 INFO  : Context for processor 'ps7_cortexa9_0' is selected.
15:20:34 INFO  : 'con' command is executed.
15:20:34 INFO  : ----------------XSDB Script (After Launch)----------------
targets -set -nocase -filter {name =~ "*A9*#0"}
con
----------------End of Script----------------

15:20:34 INFO  : Launch script is exported to file 'C:\LocalWorkspace\EE277workspace\Lab4\VitisWorkspace_Lab4\Zybo-Z7-10-HDMI_system\_ide\scripts\systemdebugger_zybo-z7-10-hdmi_system_standalone.tcl'
10:01:58 INFO  : Disconnected from the channel tcfchan#4.
10:01:58 ERROR : Hardaware specification file used in the launch configuration 'SystemDebugger_Zybo-Z7-10-HDMI_system_Standalone' doesn't exist at the location 'C:/LocalWorkspace/EE277workspace/Lab4/ZyboZ7_10_HDMI_sw.ide/design_1_wrapper/export/design_1_wrapper/hw/design_1_wrapper.xsa'.
10:02:20 INFO  : Checking for BSP changes to sync application flags for project 'Zybo-Z7-10-HDMI'...
10:02:20 INFO  : Result from executing command 'getProjects': RemoteSystemsTempFiles;Zybo-Z7-10-HDMI;Zybo-Z7-10-HDMI_system;design_1_wrapper
10:02:20 ERROR : Failed to call write_mss 
Reason: C:/LocalWorkspace/EE277workspace/Lab4/ZyboZ7_10_HDMI_sw.ide/design_1_wrapper/export/design_1_wrapper/hw/design_1_wrapper.xsa is not available in the current workspace
use 'getprojects' command to see list of available projects in current workspace
10:02:20 ERROR : Failed to update application flags from BSP for 'Zybo-Z7-10-HDMI'. Reason: Failed to call write_mss 
Reason: C:/LocalWorkspace/EE277workspace/Lab4/ZyboZ7_10_HDMI_sw.ide/design_1_wrapper/export/design_1_wrapper/hw/design_1_wrapper.xsa is not available in the current workspace
use 'getprojects' command to see list of available projects in current workspace
java.lang.RuntimeException: Failed to call write_mss 
Reason: C:/LocalWorkspace/EE277workspace/Lab4/ZyboZ7_10_HDMI_sw.ide/design_1_wrapper/export/design_1_wrapper/hw/design_1_wrapper.xsa is not available in the current workspace
use 'getprojects' command to see list of available projects in current workspace
	at com.xilinx.sdk.xsdb.XsdbCommandUtils.handleResult(XsdbCommandUtils.java:389)
	at com.xilinx.sdk.xsdb.XsdbCommandUtils.executeAndRespond(XsdbCommandUtils.java:327)
	at com.xilinx.sdk.sw.SwPlatformUtils.createDefaultMss(SwPlatformUtils.java:73)
	at com.xilinx.sdx.sdk.core.util.BspCreationHelper.generateMssFile(BspCreationHelper.java:46)
	at com.xilinx.sdx.sdk.core.util.BspCreationHelper.create(BspCreationHelper.java:38)
	at com.xilinx.sdx.sdk.core.build.SdkMakefileGenerationListener.createSwPlatform(SdkMakefileGenerationListener.java:150)
	at com.xilinx.sdx.sdk.core.build.SdkMakefileGenerationListener.syncAppFlags(SdkMakefileGenerationListener.java:82)
	at com.xilinx.sdx.sdk.core.build.SdkMakefileGenerationListener.preMakefileGeneration(SdkMakefileGenerationListener.java:48)
	at com.xilinx.sdk.managedbuilder.XilinxGnuMakefileGenerator.notifyPreMakefileGenerationListeners(XilinxGnuMakefileGenerator.java:91)
	at com.xilinx.sdk.managedbuilder.XilinxGnuMakefileGenerator.generateMakefiles(XilinxGnuMakefileGenerator.java:40)
	at org.eclipse.cdt.managedbuilder.internal.core.CommonBuilder.performMakefileGeneration(CommonBuilder.java:1008)
	at org.eclipse.cdt.managedbuilder.internal.core.CommonBuilder.performPrebuildGeneration(CommonBuilder.java:873)
	at org.eclipse.cdt.managedbuilder.internal.core.CommonBuilder.build(CommonBuilder.java:748)
	at org.eclipse.cdt.managedbuilder.internal.core.CommonBuilder.build(CommonBuilder.java:510)
	at org.eclipse.cdt.managedbuilder.internal.core.CommonBuilder.build(CommonBuilder.java:459)
	at org.eclipse.core.internal.events.BuildManager$2.run(BuildManager.java:832)
	at org.eclipse.core.runtime.SafeRunner.run(SafeRunner.java:45)
	at org.eclipse.core.internal.events.BuildManager.basicBuild(BuildManager.java:220)
	at org.eclipse.core.internal.events.BuildManager.basicBuild(BuildManager.java:263)
	at org.eclipse.core.internal.events.BuildManager$1.run(BuildManager.java:316)
	at org.eclipse.core.runtime.SafeRunner.run(SafeRunner.java:45)
	at org.eclipse.core.internal.events.BuildManager.basicBuild(BuildManager.java:319)
	at org.eclipse.core.internal.events.BuildManager.basicBuildLoop(BuildManager.java:371)
	at org.eclipse.core.internal.events.BuildManager.build(BuildManager.java:392)
	at org.eclipse.core.internal.resources.Workspace.buildInternal(Workspace.java:515)
	at org.eclipse.core.internal.resources.Workspace.build(Workspace.java:412)
	at org.eclipse.ui.actions.BuildAction$1.runInWorkspace(BuildAction.java:291)
	at org.eclipse.core.internal.resources.InternalWorkspaceJob.run(InternalWorkspaceJob.java:42)
	at org.eclipse.core.internal.jobs.Worker.run(Worker.java:63)
10:02:21 ERROR : Failed to compute checksum of hardware specification file used by project 'Zybo-Z7-10-HDMI'
10:02:21 INFO  : Result from executing command 'getProjects': RemoteSystemsTempFiles;Zybo-Z7-10-HDMI;Zybo-Z7-10-HDMI_system;design_1_wrapper
10:02:21 WARN  : Failed to closehw "C:/LocalWorkspace/EE277workspace/Lab4/ZyboZ7_10_HDMI_sw.ide/design_1_wrapper/export/design_1_wrapper/hw/design_1_wrapper.xsa"
Reason: C:/LocalWorkspace/EE277workspace/Lab4/ZyboZ7_10_HDMI_sw.ide/design_1_wrapper/export/design_1_wrapper/hw/design_1_wrapper.xsa is not available in the current workspace
use 'getprojects' command to see list of available projects in current workspace
10:02:21 INFO  : Result from executing command 'getProjects': RemoteSystemsTempFiles;Zybo-Z7-10-HDMI;Zybo-Z7-10-HDMI_system;design_1_wrapper
10:02:21 ERROR : Failed to openhw "C:/LocalWorkspace/EE277workspace/Lab4/ZyboZ7_10_HDMI_sw.ide/design_1_wrapper/export/design_1_wrapper/hw/design_1_wrapper.xsa"
Reason: C:/LocalWorkspace/EE277workspace/Lab4/ZyboZ7_10_HDMI_sw.ide/design_1_wrapper/export/design_1_wrapper/hw/design_1_wrapper.xsa is not available in the current workspace
use 'getprojects' command to see list of available projects in current workspace
10:02:21 INFO  : Result from executing command 'getProjects': RemoteSystemsTempFiles;Zybo-Z7-10-HDMI;Zybo-Z7-10-HDMI_system;design_1_wrapper
10:02:21 ERROR : Failed to openhw "C:/LocalWorkspace/EE277workspace/Lab4/ZyboZ7_10_HDMI_sw.ide/design_1_wrapper/export/design_1_wrapper/hw/design_1_wrapper.xsa"
Reason: C:/LocalWorkspace/EE277workspace/Lab4/ZyboZ7_10_HDMI_sw.ide/design_1_wrapper/export/design_1_wrapper/hw/design_1_wrapper.xsa is not available in the current workspace
use 'getprojects' command to see list of available projects in current workspace
10:02:21 INFO  : Result from executing command 'getProjects': RemoteSystemsTempFiles;Zybo-Z7-10-HDMI;Zybo-Z7-10-HDMI_system;design_1_wrapper
10:02:21 ERROR : Failed to openhw "C:/LocalWorkspace/EE277workspace/Lab4/ZyboZ7_10_HDMI_sw.ide/design_1_wrapper/export/design_1_wrapper/hw/design_1_wrapper.xsa"
Reason: C:/LocalWorkspace/EE277workspace/Lab4/ZyboZ7_10_HDMI_sw.ide/design_1_wrapper/export/design_1_wrapper/hw/design_1_wrapper.xsa is not available in the current workspace
use 'getprojects' command to see list of available projects in current workspace
10:03:03 INFO  : Launching XSCT server: xsct.bat -n  -interactive C:\LocalWorkspace\EE277workspace\Lab4\VitisWorkspace_Lab4\temp_xsdb_launch_script.tcl
10:03:04 INFO  : Platform repository initialization has completed.
10:03:06 INFO  : XSCT server has started successfully.
10:03:06 INFO  : plnx-install-location is set to ''
10:03:06 INFO  : Successfully done setting XSCT server connection channel  
10:03:06 INFO  : Registering command handlers for Vitis TCF services
10:03:09 INFO  : Successfully done setting workspace for the tool. 
10:03:09 INFO  : Successfully done query RDI_DATADIR 
10:14:27 INFO  : Checking for BSP changes to sync application flags for project 'Zybo-Z7-10-HDMI'...
10:14:32 INFO  : The hardware specification used by project 'Zybo-Z7-10-HDMI' is out of sync with the platform. Resource files extracted from the hardware specification will be updated.
10:14:32 INFO  : The file 'C:\LocalWorkspace\EE277workspace\Lab4\VitisWorkspace_Lab4\Zybo-Z7-10-HDMI\_ide\bitstream\design_1_wrapper.bit' stored in project is removed.
10:14:32 INFO  : The updated bitstream files are copied from platform to folder 'C:\LocalWorkspace\EE277workspace\Lab4\VitisWorkspace_Lab4\Zybo-Z7-10-HDMI\_ide\bitstream' in project 'Zybo-Z7-10-HDMI'.
10:14:32 INFO  : The file 'C:\LocalWorkspace\EE277workspace\Lab4\VitisWorkspace_Lab4\Zybo-Z7-10-HDMI\_ide\psinit\ps7_init.tcl' stored in project is removed.
10:14:36 INFO  : The updated ps init files are copied from platform to folder 'C:\LocalWorkspace\EE277workspace\Lab4\VitisWorkspace_Lab4\Zybo-Z7-10-HDMI\_ide\psinit' in project 'Zybo-Z7-10-HDMI'.
10:14:38 ERROR : (XSDB Server)ERROR: [Hsi 55-1571] The design file C:/LocalWorkspace/EE277workspace/Lab4/VitisWorkspace_Lab4/design_1_wrapper/export/design_1_wrapper/hw/pmod_wrapper.xsa is already opened

10:14:57 INFO  : Connected to target on host '127.0.0.1' and port '3121'.
10:14:57 INFO  : Jtag cable 'Digilent Zybo Z7 210351B7A98FA' is selected.
10:14:57 INFO  : 'jtag frequency' command is executed.
10:14:57 INFO  : Context for 'APU' is selected.
10:14:57 INFO  : System reset is completed.
10:15:00 INFO  : 'after 3000' command is executed.
10:15:00 INFO  : 'targets -set -filter {jtag_cable_name =~ "Digilent Zybo Z7 210351B7A98FA" && level==0 && jtag_device_ctx=="jsn-Zybo Z7-210351B7A98FA-13722093-0"}' command is executed.
10:15:01 INFO  : Device configured successfully with "C:/LocalWorkspace/EE277workspace/Lab4/VitisWorkspace_Lab4/Zybo-Z7-10-HDMI/_ide/bitstream/pmod_wrapper.bit"
10:15:01 INFO  : Context for 'APU' is selected.
10:15:02 INFO  : Hardware design and registers information is loaded from 'C:/LocalWorkspace/EE277workspace/Lab4/VitisWorkspace_Lab4/design_1_wrapper/export/design_1_wrapper/hw/pmod_wrapper.xsa'.
10:15:02 INFO  : 'configparams force-mem-access 1' command is executed.
10:15:02 INFO  : Context for 'APU' is selected.
10:15:02 INFO  : Sourcing of 'C:/LocalWorkspace/EE277workspace/Lab4/VitisWorkspace_Lab4/Zybo-Z7-10-HDMI/_ide/psinit/ps7_init.tcl' is done.
10:15:02 INFO  : 'ps7_init' command is executed.
10:15:02 INFO  : 'ps7_post_config' command is executed.
10:15:02 INFO  : Context for processor 'ps7_cortexa9_0' is selected.
10:15:02 INFO  : The application 'C:/LocalWorkspace/EE277workspace/Lab4/VitisWorkspace_Lab4/Zybo-Z7-10-HDMI/Debug/Zybo-Z7-10-HDMI.elf' is downloaded to processor 'ps7_cortexa9_0'.
10:15:02 INFO  : 'configparams force-mem-access 0' command is executed.
10:15:02 INFO  : ----------------XSDB Script----------------
connect -url tcp:127.0.0.1:3121
targets -set -nocase -filter {name =~"APU*"}
rst -system
after 3000
targets -set -filter {jtag_cable_name =~ "Digilent Zybo Z7 210351B7A98FA" && level==0 && jtag_device_ctx=="jsn-Zybo Z7-210351B7A98FA-13722093-0"}
fpga -file C:/LocalWorkspace/EE277workspace/Lab4/VitisWorkspace_Lab4/Zybo-Z7-10-HDMI/_ide/bitstream/pmod_wrapper.bit
targets -set -nocase -filter {name =~"APU*"}
loadhw -hw C:/LocalWorkspace/EE277workspace/Lab4/VitisWorkspace_Lab4/design_1_wrapper/export/design_1_wrapper/hw/pmod_wrapper.xsa -mem-ranges [list {0x40000000 0xbfffffff}] -regs
configparams force-mem-access 1
targets -set -nocase -filter {name =~"APU*"}
source C:/LocalWorkspace/EE277workspace/Lab4/VitisWorkspace_Lab4/Zybo-Z7-10-HDMI/_ide/psinit/ps7_init.tcl
ps7_init
ps7_post_config
targets -set -nocase -filter {name =~ "*A9*#0"}
dow C:/LocalWorkspace/EE277workspace/Lab4/VitisWorkspace_Lab4/Zybo-Z7-10-HDMI/Debug/Zybo-Z7-10-HDMI.elf
configparams force-mem-access 0
----------------End of Script----------------

10:15:02 INFO  : Context for processor 'ps7_cortexa9_0' is selected.
10:15:02 INFO  : 'con' command is executed.
10:15:02 INFO  : ----------------XSDB Script (After Launch)----------------
targets -set -nocase -filter {name =~ "*A9*#0"}
con
----------------End of Script----------------

10:15:02 INFO  : Launch script is exported to file 'C:\LocalWorkspace\EE277workspace\Lab4\VitisWorkspace_Lab4\Zybo-Z7-10-HDMI_system\_ide\scripts\systemdebugger_zybo-z7-10-hdmi_system_standalone.tcl'
17:03:31 INFO  : Checking for BSP changes to sync application flags for project 'Zybo-Z7-10-HDMI'...
17:03:38 ERROR : (XSDB Server)ERROR: [Hsi 55-1571] The design file C:/LocalWorkspace/EE277workspace/Lab4/VitisWorkspace_Lab4/design_1_wrapper/export/design_1_wrapper/hw/pmod_wrapper.xsa is already opened

17:04:20 INFO  : Disconnected from the channel tcfchan#2.
17:04:20 INFO  : Connected to target on host '127.0.0.1' and port '3121'.
17:04:20 INFO  : Jtag cable 'Digilent Zybo Z7 210351B7A98FA' is selected.
17:04:20 INFO  : 'jtag frequency' command is executed.
17:04:20 INFO  : Context for 'APU' is selected.
17:04:20 INFO  : System reset is completed.
17:04:23 INFO  : 'after 3000' command is executed.
17:04:23 INFO  : 'targets -set -filter {jtag_cable_name =~ "Digilent Zybo Z7 210351B7A98FA" && level==0 && jtag_device_ctx=="jsn-Zybo Z7-210351B7A98FA-13722093-0"}' command is executed.
17:04:24 INFO  : Device configured successfully with "C:/LocalWorkspace/EE277workspace/Lab4/VitisWorkspace_Lab4/Zybo-Z7-10-HDMI/_ide/bitstream/pmod_wrapper.bit"
17:04:24 INFO  : Context for 'APU' is selected.
17:04:27 INFO  : Hardware design and registers information is loaded from 'C:/LocalWorkspace/EE277workspace/Lab4/VitisWorkspace_Lab4/design_1_wrapper/export/design_1_wrapper/hw/pmod_wrapper.xsa'.
17:04:27 INFO  : 'configparams force-mem-access 1' command is executed.
17:04:27 INFO  : Context for 'APU' is selected.
17:04:27 INFO  : Sourcing of 'C:/LocalWorkspace/EE277workspace/Lab4/VitisWorkspace_Lab4/Zybo-Z7-10-HDMI/_ide/psinit/ps7_init.tcl' is done.
17:04:27 INFO  : 'ps7_init' command is executed.
17:04:27 INFO  : 'ps7_post_config' command is executed.
17:04:27 INFO  : Context for processor 'ps7_cortexa9_0' is selected.
17:04:27 INFO  : The application 'C:/LocalWorkspace/EE277workspace/Lab4/VitisWorkspace_Lab4/Zybo-Z7-10-HDMI/Debug/Zybo-Z7-10-HDMI.elf' is downloaded to processor 'ps7_cortexa9_0'.
17:04:27 INFO  : 'configparams force-mem-access 0' command is executed.
17:04:27 INFO  : ----------------XSDB Script----------------
connect -url tcp:127.0.0.1:3121
targets -set -nocase -filter {name =~"APU*"}
rst -system
after 3000
targets -set -filter {jtag_cable_name =~ "Digilent Zybo Z7 210351B7A98FA" && level==0 && jtag_device_ctx=="jsn-Zybo Z7-210351B7A98FA-13722093-0"}
fpga -file C:/LocalWorkspace/EE277workspace/Lab4/VitisWorkspace_Lab4/Zybo-Z7-10-HDMI/_ide/bitstream/pmod_wrapper.bit
targets -set -nocase -filter {name =~"APU*"}
loadhw -hw C:/LocalWorkspace/EE277workspace/Lab4/VitisWorkspace_Lab4/design_1_wrapper/export/design_1_wrapper/hw/pmod_wrapper.xsa -mem-ranges [list {0x40000000 0xbfffffff}] -regs
configparams force-mem-access 1
targets -set -nocase -filter {name =~"APU*"}
source C:/LocalWorkspace/EE277workspace/Lab4/VitisWorkspace_Lab4/Zybo-Z7-10-HDMI/_ide/psinit/ps7_init.tcl
ps7_init
ps7_post_config
targets -set -nocase -filter {name =~ "*A9*#0"}
dow C:/LocalWorkspace/EE277workspace/Lab4/VitisWorkspace_Lab4/Zybo-Z7-10-HDMI/Debug/Zybo-Z7-10-HDMI.elf
configparams force-mem-access 0
----------------End of Script----------------

17:04:27 INFO  : Context for processor 'ps7_cortexa9_0' is selected.
17:04:27 INFO  : 'con' command is executed.
17:04:27 INFO  : ----------------XSDB Script (After Launch)----------------
targets -set -nocase -filter {name =~ "*A9*#0"}
con
----------------End of Script----------------

17:04:27 INFO  : Launch script is exported to file 'C:\LocalWorkspace\EE277workspace\Lab4\VitisWorkspace_Lab4\Zybo-Z7-10-HDMI_system\_ide\scripts\systemdebugger_zybo-z7-10-hdmi_system_standalone.tcl'
16:53:55 INFO  : Disconnected from the channel tcfchan#4.
