15:08:45 INFO  : Launching XSCT server: xsct.bat -n  -interactive C:\LocalWorkspace\EE277workspace\Lab3\Lab2_2021v_lab3mod\Lab3_VitisWorkspace\temp_xsdb_launch_script.tcl
15:08:45 INFO  : Platform repository initialization has completed.
15:08:46 INFO  : Registering command handlers for Vitis TCF services
15:08:47 INFO  : XSCT server has started successfully.
15:08:47 INFO  : plnx-install-location is set to ''
15:08:47 INFO  : Successfully done setting XSCT server connection channel  
15:08:47 INFO  : Successfully done query RDI_DATADIR 
15:08:47 INFO  : Successfully done setting workspace for the tool. 
15:10:46 INFO  : Result from executing command 'getProjects': design_1_wrapper_lab3
15:10:46 INFO  : Result from executing command 'getPlatforms': 
15:10:47 WARN  : An unexpected exception occurred in the module 'platform project logging'
15:10:47 INFO  : Platform 'design_1_wrapper_lab3' is added to custom repositories.
15:10:55 INFO  : Platform 'design_1_wrapper_lab3' is added to custom repositories.
15:11:37 INFO  : Result from executing command 'getProjects': design_1_wrapper_lab3
15:11:37 INFO  : Result from executing command 'getPlatforms': design_1_wrapper_lab3|C:/LocalWorkspace/EE277workspace/Lab3/Lab2_2021v_lab3mod/Lab3_VitisWorkspace/design_1_wrapper_lab3/export/design_1_wrapper_lab3/design_1_wrapper_lab3.xpfm
15:11:37 INFO  : Checking for BSP changes to sync application flags for project 'lab3_hdmi_output'...
15:19:05 INFO  : Checking for BSP changes to sync application flags for project 'lab3_hdmi_output'...
15:19:14 INFO  : Checking for BSP changes to sync application flags for project 'lab3_hdmi_output'...
15:20:52 INFO  : Checking for BSP changes to sync application flags for project 'lab3_hdmi_output'...
15:27:03 INFO  : Connected to target on host '127.0.0.1' and port '3121'.
15:27:03 INFO  : Jtag cable 'Digilent Zybo Z7 210351B7A98FA' is selected.
15:27:03 INFO  : 'jtag frequency' command is executed.
15:27:03 INFO  : Context for 'APU' is selected.
15:27:03 INFO  : System reset is completed.
15:27:06 INFO  : 'after 3000' command is executed.
15:27:07 INFO  : 'targets -set -filter {jtag_cable_name =~ "Digilent Zybo Z7 210351B7A98FA" && level==0 && jtag_device_ctx=="jsn-Zybo Z7-210351B7A98FA-13722093-0"}' command is executed.
15:27:08 INFO  : Device configured successfully with "C:/LocalWorkspace/EE277workspace/Lab3/Lab2_2021v_lab3mod/Lab3_VitisWorkspace/lab3_hdmi_output/_ide/bitstream/design_1_wrapper_lab3.bit"
15:27:08 INFO  : Context for 'APU' is selected.
15:27:08 INFO  : Hardware design and registers information is loaded from 'C:/LocalWorkspace/EE277workspace/Lab3/Lab2_2021v_lab3mod/Lab3_VitisWorkspace/design_1_wrapper_lab3/export/design_1_wrapper_lab3/hw/design_1_wrapper_lab3.xsa'.
15:27:08 INFO  : 'configparams force-mem-access 1' command is executed.
15:27:08 INFO  : Context for 'APU' is selected.
15:27:08 INFO  : Sourcing of 'C:/LocalWorkspace/EE277workspace/Lab3/Lab2_2021v_lab3mod/Lab3_VitisWorkspace/lab3_hdmi_output/_ide/psinit/ps7_init.tcl' is done.
15:27:08 INFO  : 'ps7_init' command is executed.
15:27:08 INFO  : 'ps7_post_config' command is executed.
15:27:08 INFO  : Context for processor 'ps7_cortexa9_0' is selected.
15:27:09 INFO  : The application 'C:/LocalWorkspace/EE277workspace/Lab3/Lab2_2021v_lab3mod/Lab3_VitisWorkspace/lab3_hdmi_output/Debug/lab3_hdmi_output.elf' is downloaded to processor 'ps7_cortexa9_0'.
15:27:09 INFO  : 'configparams force-mem-access 0' command is executed.
15:27:09 INFO  : ----------------XSDB Script----------------
connect -url tcp:127.0.0.1:3121
targets -set -nocase -filter {name =~"APU*"}
rst -system
after 3000
targets -set -filter {jtag_cable_name =~ "Digilent Zybo Z7 210351B7A98FA" && level==0 && jtag_device_ctx=="jsn-Zybo Z7-210351B7A98FA-13722093-0"}
fpga -file C:/LocalWorkspace/EE277workspace/Lab3/Lab2_2021v_lab3mod/Lab3_VitisWorkspace/lab3_hdmi_output/_ide/bitstream/design_1_wrapper_lab3.bit
targets -set -nocase -filter {name =~"APU*"}
loadhw -hw C:/LocalWorkspace/EE277workspace/Lab3/Lab2_2021v_lab3mod/Lab3_VitisWorkspace/design_1_wrapper_lab3/export/design_1_wrapper_lab3/hw/design_1_wrapper_lab3.xsa -mem-ranges [list {0x40000000 0xbfffffff}] -regs
configparams force-mem-access 1
targets -set -nocase -filter {name =~"APU*"}
source C:/LocalWorkspace/EE277workspace/Lab3/Lab2_2021v_lab3mod/Lab3_VitisWorkspace/lab3_hdmi_output/_ide/psinit/ps7_init.tcl
ps7_init
ps7_post_config
targets -set -nocase -filter {name =~ "*A9*#0"}
dow C:/LocalWorkspace/EE277workspace/Lab3/Lab2_2021v_lab3mod/Lab3_VitisWorkspace/lab3_hdmi_output/Debug/lab3_hdmi_output.elf
configparams force-mem-access 0
----------------End of Script----------------

15:27:09 INFO  : Context for processor 'ps7_cortexa9_0' is selected.
15:27:09 INFO  : 'con' command is executed.
15:27:09 INFO  : ----------------XSDB Script (After Launch)----------------
targets -set -nocase -filter {name =~ "*A9*#0"}
con
----------------End of Script----------------

15:27:09 INFO  : Launch script is exported to file 'C:\LocalWorkspace\EE277workspace\Lab3\Lab2_2021v_lab3mod\Lab3_VitisWorkspace\lab3_hdmi_output_system\_ide\scripts\systemdebugger_lab3_hdmi_output_system_standalone.tcl'
15:28:05 INFO  : Checking for BSP changes to sync application flags for project 'lab3_hdmi_output'...
15:28:22 INFO  : Disconnected from the channel tcfchan#4.
15:28:22 INFO  : Connected to target on host '127.0.0.1' and port '3121'.
15:28:22 INFO  : Jtag cable 'Digilent Zybo Z7 210351B7A98FA' is selected.
15:28:22 INFO  : 'jtag frequency' command is executed.
15:28:22 INFO  : Context for 'APU' is selected.
15:28:22 INFO  : System reset is completed.
15:28:25 INFO  : 'after 3000' command is executed.
15:28:26 INFO  : 'targets -set -filter {jtag_cable_name =~ "Digilent Zybo Z7 210351B7A98FA" && level==0 && jtag_device_ctx=="jsn-Zybo Z7-210351B7A98FA-13722093-0"}' command is executed.
15:28:27 INFO  : Device configured successfully with "C:/LocalWorkspace/EE277workspace/Lab3/Lab2_2021v_lab3mod/Lab3_VitisWorkspace/lab3_hdmi_output/_ide/bitstream/design_1_wrapper_lab3.bit"
15:28:27 INFO  : Context for 'APU' is selected.
15:28:27 INFO  : Hardware design and registers information is loaded from 'C:/LocalWorkspace/EE277workspace/Lab3/Lab2_2021v_lab3mod/Lab3_VitisWorkspace/design_1_wrapper_lab3/export/design_1_wrapper_lab3/hw/design_1_wrapper_lab3.xsa'.
15:28:27 INFO  : 'configparams force-mem-access 1' command is executed.
15:28:27 INFO  : Context for 'APU' is selected.
15:28:27 INFO  : Sourcing of 'C:/LocalWorkspace/EE277workspace/Lab3/Lab2_2021v_lab3mod/Lab3_VitisWorkspace/lab3_hdmi_output/_ide/psinit/ps7_init.tcl' is done.
15:28:27 INFO  : 'ps7_init' command is executed.
15:28:27 INFO  : 'ps7_post_config' command is executed.
15:28:27 INFO  : Context for processor 'ps7_cortexa9_0' is selected.
15:28:27 INFO  : The application 'C:/LocalWorkspace/EE277workspace/Lab3/Lab2_2021v_lab3mod/Lab3_VitisWorkspace/lab3_hdmi_output/Debug/lab3_hdmi_output.elf' is downloaded to processor 'ps7_cortexa9_0'.
15:28:27 INFO  : 'configparams force-mem-access 0' command is executed.
15:28:27 INFO  : ----------------XSDB Script----------------
connect -url tcp:127.0.0.1:3121
targets -set -nocase -filter {name =~"APU*"}
rst -system
after 3000
targets -set -filter {jtag_cable_name =~ "Digilent Zybo Z7 210351B7A98FA" && level==0 && jtag_device_ctx=="jsn-Zybo Z7-210351B7A98FA-13722093-0"}
fpga -file C:/LocalWorkspace/EE277workspace/Lab3/Lab2_2021v_lab3mod/Lab3_VitisWorkspace/lab3_hdmi_output/_ide/bitstream/design_1_wrapper_lab3.bit
targets -set -nocase -filter {name =~"APU*"}
loadhw -hw C:/LocalWorkspace/EE277workspace/Lab3/Lab2_2021v_lab3mod/Lab3_VitisWorkspace/design_1_wrapper_lab3/export/design_1_wrapper_lab3/hw/design_1_wrapper_lab3.xsa -mem-ranges [list {0x40000000 0xbfffffff}] -regs
configparams force-mem-access 1
targets -set -nocase -filter {name =~"APU*"}
source C:/LocalWorkspace/EE277workspace/Lab3/Lab2_2021v_lab3mod/Lab3_VitisWorkspace/lab3_hdmi_output/_ide/psinit/ps7_init.tcl
ps7_init
ps7_post_config
targets -set -nocase -filter {name =~ "*A9*#0"}
dow C:/LocalWorkspace/EE277workspace/Lab3/Lab2_2021v_lab3mod/Lab3_VitisWorkspace/lab3_hdmi_output/Debug/lab3_hdmi_output.elf
configparams force-mem-access 0
----------------End of Script----------------

15:28:28 INFO  : Context for processor 'ps7_cortexa9_0' is selected.
15:28:28 INFO  : 'con' command is executed.
15:28:28 INFO  : ----------------XSDB Script (After Launch)----------------
targets -set -nocase -filter {name =~ "*A9*#0"}
con
----------------End of Script----------------

15:28:28 INFO  : Launch script is exported to file 'C:\LocalWorkspace\EE277workspace\Lab3\Lab2_2021v_lab3mod\Lab3_VitisWorkspace\lab3_hdmi_output_system\_ide\scripts\systemdebugger_lab3_hdmi_output_system_standalone.tcl'
15:29:54 INFO  : Disconnected from the channel tcfchan#6.
15:29:54 INFO  : Connected to target on host '127.0.0.1' and port '3121'.
15:29:54 INFO  : Jtag cable 'Digilent Zybo Z7 210351B7A98FA' is selected.
15:29:54 INFO  : 'jtag frequency' command is executed.
15:29:54 INFO  : Context for 'APU' is selected.
15:29:54 INFO  : System reset is completed.
15:29:57 INFO  : 'after 3000' command is executed.
15:29:57 INFO  : 'targets -set -filter {jtag_cable_name =~ "Digilent Zybo Z7 210351B7A98FA" && level==0 && jtag_device_ctx=="jsn-Zybo Z7-210351B7A98FA-13722093-0"}' command is executed.
15:29:58 INFO  : Device configured successfully with "C:/LocalWorkspace/EE277workspace/Lab3/Lab2_2021v_lab3mod/Lab3_VitisWorkspace/lab3_hdmi_output/_ide/bitstream/design_1_wrapper_lab3.bit"
15:29:58 INFO  : Context for 'APU' is selected.
15:29:58 INFO  : Hardware design and registers information is loaded from 'C:/LocalWorkspace/EE277workspace/Lab3/Lab2_2021v_lab3mod/Lab3_VitisWorkspace/design_1_wrapper_lab3/export/design_1_wrapper_lab3/hw/design_1_wrapper_lab3.xsa'.
15:29:58 INFO  : 'configparams force-mem-access 1' command is executed.
15:29:58 INFO  : Context for 'APU' is selected.
15:29:58 INFO  : Sourcing of 'C:/LocalWorkspace/EE277workspace/Lab3/Lab2_2021v_lab3mod/Lab3_VitisWorkspace/lab3_hdmi_output/_ide/psinit/ps7_init.tcl' is done.
15:29:59 INFO  : 'ps7_init' command is executed.
15:29:59 INFO  : 'ps7_post_config' command is executed.
15:29:59 INFO  : Context for processor 'ps7_cortexa9_0' is selected.
15:29:59 INFO  : The application 'C:/LocalWorkspace/EE277workspace/Lab3/Lab2_2021v_lab3mod/Lab3_VitisWorkspace/lab3_hdmi_output/Debug/lab3_hdmi_output.elf' is downloaded to processor 'ps7_cortexa9_0'.
15:29:59 INFO  : 'configparams force-mem-access 0' command is executed.
15:29:59 INFO  : ----------------XSDB Script----------------
connect -url tcp:127.0.0.1:3121
targets -set -nocase -filter {name =~"APU*"}
rst -system
after 3000
targets -set -filter {jtag_cable_name =~ "Digilent Zybo Z7 210351B7A98FA" && level==0 && jtag_device_ctx=="jsn-Zybo Z7-210351B7A98FA-13722093-0"}
fpga -file C:/LocalWorkspace/EE277workspace/Lab3/Lab2_2021v_lab3mod/Lab3_VitisWorkspace/lab3_hdmi_output/_ide/bitstream/design_1_wrapper_lab3.bit
targets -set -nocase -filter {name =~"APU*"}
loadhw -hw C:/LocalWorkspace/EE277workspace/Lab3/Lab2_2021v_lab3mod/Lab3_VitisWorkspace/design_1_wrapper_lab3/export/design_1_wrapper_lab3/hw/design_1_wrapper_lab3.xsa -mem-ranges [list {0x40000000 0xbfffffff}] -regs
configparams force-mem-access 1
targets -set -nocase -filter {name =~"APU*"}
source C:/LocalWorkspace/EE277workspace/Lab3/Lab2_2021v_lab3mod/Lab3_VitisWorkspace/lab3_hdmi_output/_ide/psinit/ps7_init.tcl
ps7_init
ps7_post_config
targets -set -nocase -filter {name =~ "*A9*#0"}
dow C:/LocalWorkspace/EE277workspace/Lab3/Lab2_2021v_lab3mod/Lab3_VitisWorkspace/lab3_hdmi_output/Debug/lab3_hdmi_output.elf
configparams force-mem-access 0
----------------End of Script----------------

15:29:59 INFO  : Context for processor 'ps7_cortexa9_0' is selected.
15:29:59 INFO  : 'con' command is executed.
15:29:59 INFO  : ----------------XSDB Script (After Launch)----------------
targets -set -nocase -filter {name =~ "*A9*#0"}
con
----------------End of Script----------------

15:29:59 INFO  : Launch script is exported to file 'C:\LocalWorkspace\EE277workspace\Lab3\Lab2_2021v_lab3mod\Lab3_VitisWorkspace\lab3_hdmi_output_system\_ide\scripts\systemdebugger_lab3_hdmi_output_system_standalone.tcl'
15:43:09 INFO  : Checking for BSP changes to sync application flags for project 'lab3_hdmi_output'...
15:47:05 INFO  : Checking for BSP changes to sync application flags for project 'lab3_hdmi_output'...
15:47:27 INFO  : Disconnected from the channel tcfchan#7.
15:47:27 INFO  : Connected to target on host '127.0.0.1' and port '3121'.
15:47:27 INFO  : Jtag cable 'Digilent Zybo Z7 210351B7A98FA' is selected.
15:47:27 INFO  : 'jtag frequency' command is executed.
15:47:27 INFO  : Context for 'APU' is selected.
15:47:27 INFO  : System reset is completed.
15:47:30 INFO  : 'after 3000' command is executed.
15:47:30 INFO  : 'targets -set -filter {jtag_cable_name =~ "Digilent Zybo Z7 210351B7A98FA" && level==0 && jtag_device_ctx=="jsn-Zybo Z7-210351B7A98FA-13722093-0"}' command is executed.
15:47:31 INFO  : Device configured successfully with "C:/LocalWorkspace/EE277workspace/Lab3/Lab2_2021v_lab3mod/Lab3_VitisWorkspace/lab3_hdmi_output/_ide/bitstream/design_1_wrapper_lab3.bit"
15:47:31 INFO  : Context for 'APU' is selected.
15:47:31 INFO  : Hardware design and registers information is loaded from 'C:/LocalWorkspace/EE277workspace/Lab3/Lab2_2021v_lab3mod/Lab3_VitisWorkspace/design_1_wrapper_lab3/export/design_1_wrapper_lab3/hw/design_1_wrapper_lab3.xsa'.
15:47:31 INFO  : 'configparams force-mem-access 1' command is executed.
15:47:31 INFO  : Context for 'APU' is selected.
15:47:31 INFO  : Sourcing of 'C:/LocalWorkspace/EE277workspace/Lab3/Lab2_2021v_lab3mod/Lab3_VitisWorkspace/lab3_hdmi_output/_ide/psinit/ps7_init.tcl' is done.
15:47:32 INFO  : 'ps7_init' command is executed.
15:47:32 INFO  : 'ps7_post_config' command is executed.
15:47:32 INFO  : Context for processor 'ps7_cortexa9_0' is selected.
15:47:32 INFO  : The application 'C:/LocalWorkspace/EE277workspace/Lab3/Lab2_2021v_lab3mod/Lab3_VitisWorkspace/lab3_hdmi_output/Debug/lab3_hdmi_output.elf' is downloaded to processor 'ps7_cortexa9_0'.
15:47:32 INFO  : 'configparams force-mem-access 0' command is executed.
15:47:32 INFO  : ----------------XSDB Script----------------
connect -url tcp:127.0.0.1:3121
targets -set -nocase -filter {name =~"APU*"}
rst -system
after 3000
targets -set -filter {jtag_cable_name =~ "Digilent Zybo Z7 210351B7A98FA" && level==0 && jtag_device_ctx=="jsn-Zybo Z7-210351B7A98FA-13722093-0"}
fpga -file C:/LocalWorkspace/EE277workspace/Lab3/Lab2_2021v_lab3mod/Lab3_VitisWorkspace/lab3_hdmi_output/_ide/bitstream/design_1_wrapper_lab3.bit
targets -set -nocase -filter {name =~"APU*"}
loadhw -hw C:/LocalWorkspace/EE277workspace/Lab3/Lab2_2021v_lab3mod/Lab3_VitisWorkspace/design_1_wrapper_lab3/export/design_1_wrapper_lab3/hw/design_1_wrapper_lab3.xsa -mem-ranges [list {0x40000000 0xbfffffff}] -regs
configparams force-mem-access 1
targets -set -nocase -filter {name =~"APU*"}
source C:/LocalWorkspace/EE277workspace/Lab3/Lab2_2021v_lab3mod/Lab3_VitisWorkspace/lab3_hdmi_output/_ide/psinit/ps7_init.tcl
ps7_init
ps7_post_config
targets -set -nocase -filter {name =~ "*A9*#0"}
dow C:/LocalWorkspace/EE277workspace/Lab3/Lab2_2021v_lab3mod/Lab3_VitisWorkspace/lab3_hdmi_output/Debug/lab3_hdmi_output.elf
configparams force-mem-access 0
----------------End of Script----------------

15:47:32 INFO  : Context for processor 'ps7_cortexa9_0' is selected.
15:47:32 INFO  : 'con' command is executed.
15:47:32 INFO  : ----------------XSDB Script (After Launch)----------------
targets -set -nocase -filter {name =~ "*A9*#0"}
con
----------------End of Script----------------

15:47:32 INFO  : Launch script is exported to file 'C:\LocalWorkspace\EE277workspace\Lab3\Lab2_2021v_lab3mod\Lab3_VitisWorkspace\lab3_hdmi_output_system\_ide\scripts\systemdebugger_lab3_hdmi_output_system_standalone.tcl'
15:48:35 INFO  : Disconnected from the channel tcfchan#9.
15:48:35 INFO  : Connected to target on host '127.0.0.1' and port '3121'.
15:48:35 INFO  : Jtag cable 'Digilent Zybo Z7 210351B7A98FA' is selected.
15:48:35 INFO  : 'jtag frequency' command is executed.
15:48:35 INFO  : Context for 'APU' is selected.
15:48:35 INFO  : System reset is completed.
15:48:38 INFO  : 'after 3000' command is executed.
15:48:38 INFO  : 'targets -set -filter {jtag_cable_name =~ "Digilent Zybo Z7 210351B7A98FA" && level==0 && jtag_device_ctx=="jsn-Zybo Z7-210351B7A98FA-13722093-0"}' command is executed.
15:48:39 INFO  : Device configured successfully with "C:/LocalWorkspace/EE277workspace/Lab3/Lab2_2021v_lab3mod/Lab3_VitisWorkspace/lab3_hdmi_output/_ide/bitstream/design_1_wrapper_lab3.bit"
15:48:39 INFO  : Context for 'APU' is selected.
15:48:39 INFO  : Hardware design and registers information is loaded from 'C:/LocalWorkspace/EE277workspace/Lab3/Lab2_2021v_lab3mod/Lab3_VitisWorkspace/design_1_wrapper_lab3/export/design_1_wrapper_lab3/hw/design_1_wrapper_lab3.xsa'.
15:48:39 INFO  : 'configparams force-mem-access 1' command is executed.
15:48:39 INFO  : Context for 'APU' is selected.
15:48:39 INFO  : Sourcing of 'C:/LocalWorkspace/EE277workspace/Lab3/Lab2_2021v_lab3mod/Lab3_VitisWorkspace/lab3_hdmi_output/_ide/psinit/ps7_init.tcl' is done.
15:48:40 INFO  : 'ps7_init' command is executed.
15:48:40 INFO  : 'ps7_post_config' command is executed.
15:48:40 INFO  : Context for processor 'ps7_cortexa9_0' is selected.
15:48:40 INFO  : The application 'C:/LocalWorkspace/EE277workspace/Lab3/Lab2_2021v_lab3mod/Lab3_VitisWorkspace/lab3_hdmi_output/Debug/lab3_hdmi_output.elf' is downloaded to processor 'ps7_cortexa9_0'.
15:48:40 INFO  : 'configparams force-mem-access 0' command is executed.
15:48:40 INFO  : ----------------XSDB Script----------------
connect -url tcp:127.0.0.1:3121
targets -set -nocase -filter {name =~"APU*"}
rst -system
after 3000
targets -set -filter {jtag_cable_name =~ "Digilent Zybo Z7 210351B7A98FA" && level==0 && jtag_device_ctx=="jsn-Zybo Z7-210351B7A98FA-13722093-0"}
fpga -file C:/LocalWorkspace/EE277workspace/Lab3/Lab2_2021v_lab3mod/Lab3_VitisWorkspace/lab3_hdmi_output/_ide/bitstream/design_1_wrapper_lab3.bit
targets -set -nocase -filter {name =~"APU*"}
loadhw -hw C:/LocalWorkspace/EE277workspace/Lab3/Lab2_2021v_lab3mod/Lab3_VitisWorkspace/design_1_wrapper_lab3/export/design_1_wrapper_lab3/hw/design_1_wrapper_lab3.xsa -mem-ranges [list {0x40000000 0xbfffffff}] -regs
configparams force-mem-access 1
targets -set -nocase -filter {name =~"APU*"}
source C:/LocalWorkspace/EE277workspace/Lab3/Lab2_2021v_lab3mod/Lab3_VitisWorkspace/lab3_hdmi_output/_ide/psinit/ps7_init.tcl
ps7_init
ps7_post_config
targets -set -nocase -filter {name =~ "*A9*#0"}
dow C:/LocalWorkspace/EE277workspace/Lab3/Lab2_2021v_lab3mod/Lab3_VitisWorkspace/lab3_hdmi_output/Debug/lab3_hdmi_output.elf
configparams force-mem-access 0
----------------End of Script----------------

15:48:40 INFO  : Context for processor 'ps7_cortexa9_0' is selected.
15:48:40 INFO  : 'con' command is executed.
15:48:40 INFO  : ----------------XSDB Script (After Launch)----------------
targets -set -nocase -filter {name =~ "*A9*#0"}
con
----------------End of Script----------------

15:48:40 INFO  : Launch script is exported to file 'C:\LocalWorkspace\EE277workspace\Lab3\Lab2_2021v_lab3mod\Lab3_VitisWorkspace\lab3_hdmi_output_system\_ide\scripts\systemdebugger_lab3_hdmi_output_system_standalone.tcl'
15:50:47 INFO  : Checking for BSP changes to sync application flags for project 'lab3_hdmi_output'...
15:50:56 INFO  : Disconnected from the channel tcfchan#10.
15:50:56 INFO  : Connected to target on host '127.0.0.1' and port '3121'.
15:50:57 INFO  : Jtag cable 'Digilent Zybo Z7 210351B7A98FA' is selected.
15:50:57 INFO  : 'jtag frequency' command is executed.
15:50:57 INFO  : Context for 'APU' is selected.
15:50:57 INFO  : System reset is completed.
15:51:00 INFO  : 'after 3000' command is executed.
15:51:00 INFO  : 'targets -set -filter {jtag_cable_name =~ "Digilent Zybo Z7 210351B7A98FA" && level==0 && jtag_device_ctx=="jsn-Zybo Z7-210351B7A98FA-13722093-0"}' command is executed.
15:51:01 INFO  : Device configured successfully with "C:/LocalWorkspace/EE277workspace/Lab3/Lab2_2021v_lab3mod/Lab3_VitisWorkspace/lab3_hdmi_output/_ide/bitstream/design_1_wrapper_lab3.bit"
15:51:01 INFO  : Context for 'APU' is selected.
15:51:01 INFO  : Hardware design and registers information is loaded from 'C:/LocalWorkspace/EE277workspace/Lab3/Lab2_2021v_lab3mod/Lab3_VitisWorkspace/design_1_wrapper_lab3/export/design_1_wrapper_lab3/hw/design_1_wrapper_lab3.xsa'.
15:51:01 INFO  : 'configparams force-mem-access 1' command is executed.
15:51:01 INFO  : Context for 'APU' is selected.
15:51:01 INFO  : Sourcing of 'C:/LocalWorkspace/EE277workspace/Lab3/Lab2_2021v_lab3mod/Lab3_VitisWorkspace/lab3_hdmi_output/_ide/psinit/ps7_init.tcl' is done.
15:51:01 INFO  : 'ps7_init' command is executed.
15:51:01 INFO  : 'ps7_post_config' command is executed.
15:51:01 INFO  : Context for processor 'ps7_cortexa9_0' is selected.
15:51:02 INFO  : The application 'C:/LocalWorkspace/EE277workspace/Lab3/Lab2_2021v_lab3mod/Lab3_VitisWorkspace/lab3_hdmi_output/Debug/lab3_hdmi_output.elf' is downloaded to processor 'ps7_cortexa9_0'.
15:51:02 INFO  : 'configparams force-mem-access 0' command is executed.
15:51:02 INFO  : ----------------XSDB Script----------------
connect -url tcp:127.0.0.1:3121
targets -set -nocase -filter {name =~"APU*"}
rst -system
after 3000
targets -set -filter {jtag_cable_name =~ "Digilent Zybo Z7 210351B7A98FA" && level==0 && jtag_device_ctx=="jsn-Zybo Z7-210351B7A98FA-13722093-0"}
fpga -file C:/LocalWorkspace/EE277workspace/Lab3/Lab2_2021v_lab3mod/Lab3_VitisWorkspace/lab3_hdmi_output/_ide/bitstream/design_1_wrapper_lab3.bit
targets -set -nocase -filter {name =~"APU*"}
loadhw -hw C:/LocalWorkspace/EE277workspace/Lab3/Lab2_2021v_lab3mod/Lab3_VitisWorkspace/design_1_wrapper_lab3/export/design_1_wrapper_lab3/hw/design_1_wrapper_lab3.xsa -mem-ranges [list {0x40000000 0xbfffffff}] -regs
configparams force-mem-access 1
targets -set -nocase -filter {name =~"APU*"}
source C:/LocalWorkspace/EE277workspace/Lab3/Lab2_2021v_lab3mod/Lab3_VitisWorkspace/lab3_hdmi_output/_ide/psinit/ps7_init.tcl
ps7_init
ps7_post_config
targets -set -nocase -filter {name =~ "*A9*#0"}
dow C:/LocalWorkspace/EE277workspace/Lab3/Lab2_2021v_lab3mod/Lab3_VitisWorkspace/lab3_hdmi_output/Debug/lab3_hdmi_output.elf
configparams force-mem-access 0
----------------End of Script----------------

15:51:02 INFO  : Context for processor 'ps7_cortexa9_0' is selected.
15:51:02 INFO  : 'con' command is executed.
15:51:02 INFO  : ----------------XSDB Script (After Launch)----------------
targets -set -nocase -filter {name =~ "*A9*#0"}
con
----------------End of Script----------------

15:51:02 INFO  : Launch script is exported to file 'C:\LocalWorkspace\EE277workspace\Lab3\Lab2_2021v_lab3mod\Lab3_VitisWorkspace\lab3_hdmi_output_system\_ide\scripts\systemdebugger_lab3_hdmi_output_system_standalone.tcl'
15:52:33 INFO  : Disconnected from the channel tcfchan#12.
