16:15:21 DEBUG : Logs will be stored at 'C:/LocalWorkspace/EE277_local/EE277_Drive_Dec17_2024/EE277_FinalProject/Impl_1/Vitis/newWorkspace/IDE.log'.
16:15:23 INFO  : Launching XSCT server: xsct.bat -n  -interactive C:\LocalWorkspace\EE277_local\EE277_Drive_Dec17_2024\EE277_FinalProject\Impl_1\Vitis\newWorkspace\temp_xsdb_launch_script.tcl
16:15:24 INFO  : Platform repository initialization has completed.
16:15:24 INFO  : Registering command handlers for Vitis TCF services
16:15:26 INFO  : XSCT server has started successfully.
16:15:26 INFO  : Successfully done setting XSCT server connection channel  
16:15:26 INFO  : plnx-install-location is set to ''
16:15:26 INFO  : Successfully done query RDI_DATADIR 
16:15:26 INFO  : Successfully done setting workspace for the tool. 
16:15:51 WARN  : Failed to identify the type of project 'sdx_export_metadata'. Skipping...
16:15:51 WARN  : The following projects could not be identified as Vitis projects and will not be managed by the tool:
	sdx_export_metadata
16:15:51 INFO  : Platform 'design_1_wrapper' is added to custom repositories.
16:16:51 INFO  : Hardware specification for platform project 'design_1_wrapper' is updated.
16:17:31 INFO  : Result from executing command 'getProjects': design_1_wrapper
16:17:31 INFO  : Result from executing command 'getPlatforms': design_1_wrapper|C:/LocalWorkspace/EE277_local/EE277_Drive_Dec17_2024/EE277_FinalProject/Impl_1/Vitis/newWorkspace/design_1_wrapper/export/design_1_wrapper/design_1_wrapper.xpfm;xilinx_vck190_base_202210_1|D:/Vitis/2022.1/base_platforms/xilinx_vck190_base_202210_1/xilinx_vck190_base_202210_1.xpfm;xilinx_vck190_base_dfx_202210_1|D:/Vitis/2022.1/base_platforms/xilinx_vck190_base_dfx_202210_1/xilinx_vck190_base_dfx_202210_1.xpfm;xilinx_vmk180_base_202210_1|D:/Vitis/2022.1/base_platforms/xilinx_vmk180_base_202210_1/xilinx_vmk180_base_202210_1.xpfm;xilinx_zcu102_base_202210_1|D:/Vitis/2022.1/base_platforms/xilinx_zcu102_base_202210_1/xilinx_zcu102_base_202210_1.xpfm;xilinx_zcu102_base_dfx_202210_1|D:/Vitis/2022.1/base_platforms/xilinx_zcu102_base_dfx_202210_1/xilinx_zcu102_base_dfx_202210_1.xpfm;xilinx_zcu104_base_202210_1|D:/Vitis/2022.1/base_platforms/xilinx_zcu104_base_202210_1/xilinx_zcu104_base_202210_1.xpfm
16:17:32 INFO  : Checking for BSP changes to sync application flags for project 'Zybo-Z7-10-HDMI'...
16:17:35 INFO  : Updating application flags with new BSP settings...
16:17:35 INFO  : Successfully updated application flags for project Zybo-Z7-10-HDMI.
16:17:38 INFO  : The hardware specification used by project 'Zybo-Z7-10-HDMI' is out of sync with the platform. Resource files extracted from the hardware specification will be updated.
16:17:38 INFO  : The file 'C:\LocalWorkspace\EE277_local\EE277_Drive_Dec17_2024\EE277_FinalProject\Impl_1\Vitis\newWorkspace\Zybo-Z7-10-HDMI\_ide\bitstream\design_1_wrapper_new.bit' stored in project is removed.
16:17:38 INFO  : The updated bitstream files are copied from platform to folder 'C:\LocalWorkspace\EE277_local\EE277_Drive_Dec17_2024\EE277_FinalProject\Impl_1\Vitis\newWorkspace\Zybo-Z7-10-HDMI\_ide\bitstream' in project 'Zybo-Z7-10-HDMI'.
16:17:38 INFO  : The file 'C:\LocalWorkspace\EE277_local\EE277_Drive_Dec17_2024\EE277_FinalProject\Impl_1\Vitis\newWorkspace\Zybo-Z7-10-HDMI\_ide\psinit\ps7_init.tcl' stored in project is removed.
16:17:44 INFO  : The updated ps init files are copied from platform to folder 'C:\LocalWorkspace\EE277_local\EE277_Drive_Dec17_2024\EE277_FinalProject\Impl_1\Vitis\newWorkspace\Zybo-Z7-10-HDMI\_ide\psinit' in project 'Zybo-Z7-10-HDMI'.
16:18:23 INFO  : Checking for BSP changes to sync application flags for project 'Zybo-Z7-10-HDMI'...
16:18:41 INFO  : Connected to target on host '127.0.0.1' and port '3121'.
16:18:41 INFO  : Jtag cable 'Digilent Zybo Z7 210351B7A98FA' is selected.
16:18:41 INFO  : 'jtag frequency' command is executed.
16:18:41 INFO  : Context for 'APU' is selected.
16:18:41 INFO  : System reset is completed.
16:18:44 INFO  : 'after 3000' command is executed.
16:18:45 INFO  : 'targets -set -filter {jtag_cable_name =~ "Digilent Zybo Z7 210351B7A98FA" && level==0 && jtag_device_ctx=="jsn-Zybo Z7-210351B7A98FA-13722093-0"}' command is executed.
16:18:46 INFO  : Device configured successfully with "C:/LocalWorkspace/EE277_local/EE277_Drive_Dec17_2024/EE277_FinalProject/Impl_1/Vitis/newWorkspace/Zybo-Z7-10-HDMI/_ide/bitstream/design_1_wrapper_sw.bit"
16:18:46 INFO  : Context for 'APU' is selected.
16:18:46 INFO  : Hardware design and registers information is loaded from 'C:/LocalWorkspace/EE277_local/EE277_Drive_Dec17_2024/EE277_FinalProject/Impl_1/Vitis/newWorkspace/design_1_wrapper/export/design_1_wrapper/hw/design_1_wrapper_sw.xsa'.
16:18:46 INFO  : 'configparams force-mem-access 1' command is executed.
16:18:46 INFO  : Context for 'APU' is selected.
16:18:46 INFO  : Sourcing of 'C:/LocalWorkspace/EE277_local/EE277_Drive_Dec17_2024/EE277_FinalProject/Impl_1/Vitis/newWorkspace/Zybo-Z7-10-HDMI/_ide/psinit/ps7_init.tcl' is done.
16:18:46 INFO  : 'ps7_init' command is executed.
16:18:46 INFO  : 'ps7_post_config' command is executed.
16:18:46 INFO  : Context for processor 'ps7_cortexa9_0' is selected.
16:18:47 INFO  : The application 'C:/LocalWorkspace/EE277_local/EE277_Drive_Dec17_2024/EE277_FinalProject/Impl_1/Vitis/newWorkspace/Zybo-Z7-10-HDMI/Debug/Zybo-Z7-10-HDMI.elf' is downloaded to processor 'ps7_cortexa9_0'.
16:18:47 INFO  : 'configparams force-mem-access 0' command is executed.
16:18:47 INFO  : ----------------XSDB Script----------------
connect -url tcp:127.0.0.1:3121
targets -set -nocase -filter {name =~"APU*"}
rst -system
after 3000
targets -set -filter {jtag_cable_name =~ "Digilent Zybo Z7 210351B7A98FA" && level==0 && jtag_device_ctx=="jsn-Zybo Z7-210351B7A98FA-13722093-0"}
fpga -file C:/LocalWorkspace/EE277_local/EE277_Drive_Dec17_2024/EE277_FinalProject/Impl_1/Vitis/newWorkspace/Zybo-Z7-10-HDMI/_ide/bitstream/design_1_wrapper_sw.bit
targets -set -nocase -filter {name =~"APU*"}
loadhw -hw C:/LocalWorkspace/EE277_local/EE277_Drive_Dec17_2024/EE277_FinalProject/Impl_1/Vitis/newWorkspace/design_1_wrapper/export/design_1_wrapper/hw/design_1_wrapper_sw.xsa -mem-ranges [list {0x40000000 0xbfffffff}] -regs
configparams force-mem-access 1
targets -set -nocase -filter {name =~"APU*"}
source C:/LocalWorkspace/EE277_local/EE277_Drive_Dec17_2024/EE277_FinalProject/Impl_1/Vitis/newWorkspace/Zybo-Z7-10-HDMI/_ide/psinit/ps7_init.tcl
ps7_init
ps7_post_config
targets -set -nocase -filter {name =~ "*A9*#0"}
dow C:/LocalWorkspace/EE277_local/EE277_Drive_Dec17_2024/EE277_FinalProject/Impl_1/Vitis/newWorkspace/Zybo-Z7-10-HDMI/Debug/Zybo-Z7-10-HDMI.elf
configparams force-mem-access 0
----------------End of Script----------------

16:18:47 INFO  : Context for processor 'ps7_cortexa9_0' is selected.
16:18:47 INFO  : 'con' command is executed.
16:18:47 INFO  : ----------------XSDB Script (After Launch)----------------
targets -set -nocase -filter {name =~ "*A9*#0"}
con
----------------End of Script----------------

16:18:47 INFO  : Launch script is exported to file 'C:\LocalWorkspace\EE277_local\EE277_Drive_Dec17_2024\EE277_FinalProject\Impl_1\Vitis\newWorkspace\Zybo-Z7-10-HDMI_system\_ide\scripts\debugger_zybo-z7-10-hdmi-default.tcl'
16:23:58 INFO  : Checking for BSP changes to sync application flags for project 'Zybo-Z7-10-HDMI'...
16:24:26 INFO  : Checking for BSP changes to sync application flags for project 'Zybo-Z7-10-HDMI'...
16:26:07 INFO  : Checking for BSP changes to sync application flags for project 'Zybo-Z7-10-HDMI'...
16:26:22 INFO  : Checking for BSP changes to sync application flags for project 'Zybo-Z7-10-HDMI'...
16:26:33 INFO  : Checking for BSP changes to sync application flags for project 'Zybo-Z7-10-HDMI'...
16:31:27 INFO  : Checking for BSP changes to sync application flags for project 'Zybo-Z7-10-HDMI'...
16:32:35 INFO  : Checking for BSP changes to sync application flags for project 'Zybo-Z7-10-HDMI'...
16:32:49 INFO  : Checking for BSP changes to sync application flags for project 'Zybo-Z7-10-HDMI'...
16:33:31 INFO  : Checking for BSP changes to sync application flags for project 'Zybo-Z7-10-HDMI'...
16:35:11 INFO  : Checking for BSP changes to sync application flags for project 'Zybo-Z7-10-HDMI'...
16:35:40 INFO  : Checking for BSP changes to sync application flags for project 'Zybo-Z7-10-HDMI'...
16:35:53 INFO  : Disconnected from the channel tcfchan#4.
16:35:55 INFO  : Connected to target on host '127.0.0.1' and port '3121'.
16:35:55 INFO  : Jtag cable 'Digilent Zybo Z7 210351B7A98FA' is selected.
16:35:55 ERROR : port closed
16:35:55 INFO  : ----------------XSDB Script----------------
connect -url tcp:127.0.0.1:3121
----------------End of Script----------------

16:35:55 ERROR : port closed
16:36:08 INFO  : Connected to target on host '127.0.0.1' and port '3121'.
16:36:08 INFO  : Jtag cable 'Digilent Zybo Z7 210351B7A98FA' is selected.
16:36:08 INFO  : 'jtag frequency' command is executed.
16:36:08 INFO  : Context for 'APU' is selected.
16:36:08 INFO  : System reset is completed.
16:36:11 INFO  : 'after 3000' command is executed.
16:36:11 INFO  : 'targets -set -filter {jtag_cable_name =~ "Digilent Zybo Z7 210351B7A98FA" && level==0 && jtag_device_ctx=="jsn-Zybo Z7-210351B7A98FA-13722093-0"}' command is executed.
16:36:12 INFO  : Device configured successfully with "C:/LocalWorkspace/EE277_local/EE277_Drive_Dec17_2024/EE277_FinalProject/Impl_1/Vitis/newWorkspace/Zybo-Z7-10-HDMI/_ide/bitstream/design_1_wrapper_sw.bit"
16:36:13 INFO  : Context for 'APU' is selected.
16:36:13 INFO  : Hardware design and registers information is loaded from 'C:/LocalWorkspace/EE277_local/EE277_Drive_Dec17_2024/EE277_FinalProject/Impl_1/Vitis/newWorkspace/design_1_wrapper/export/design_1_wrapper/hw/design_1_wrapper_sw.xsa'.
16:36:13 INFO  : 'configparams force-mem-access 1' command is executed.
16:36:13 INFO  : Context for 'APU' is selected.
16:36:13 INFO  : Sourcing of 'C:/LocalWorkspace/EE277_local/EE277_Drive_Dec17_2024/EE277_FinalProject/Impl_1/Vitis/newWorkspace/Zybo-Z7-10-HDMI/_ide/psinit/ps7_init.tcl' is done.
16:36:13 INFO  : 'ps7_init' command is executed.
16:36:13 INFO  : 'ps7_post_config' command is executed.
16:36:13 INFO  : Context for processor 'ps7_cortexa9_0' is selected.
16:36:13 INFO  : The application 'C:/LocalWorkspace/EE277_local/EE277_Drive_Dec17_2024/EE277_FinalProject/Impl_1/Vitis/newWorkspace/Zybo-Z7-10-HDMI/Debug/Zybo-Z7-10-HDMI.elf' is downloaded to processor 'ps7_cortexa9_0'.
16:36:13 INFO  : 'configparams force-mem-access 0' command is executed.
16:36:13 INFO  : ----------------XSDB Script----------------
connect -url tcp:127.0.0.1:3121
targets -set -nocase -filter {name =~"APU*"}
rst -system
after 3000
targets -set -filter {jtag_cable_name =~ "Digilent Zybo Z7 210351B7A98FA" && level==0 && jtag_device_ctx=="jsn-Zybo Z7-210351B7A98FA-13722093-0"}
fpga -file C:/LocalWorkspace/EE277_local/EE277_Drive_Dec17_2024/EE277_FinalProject/Impl_1/Vitis/newWorkspace/Zybo-Z7-10-HDMI/_ide/bitstream/design_1_wrapper_sw.bit
targets -set -nocase -filter {name =~"APU*"}
loadhw -hw C:/LocalWorkspace/EE277_local/EE277_Drive_Dec17_2024/EE277_FinalProject/Impl_1/Vitis/newWorkspace/design_1_wrapper/export/design_1_wrapper/hw/design_1_wrapper_sw.xsa -mem-ranges [list {0x40000000 0xbfffffff}] -regs
configparams force-mem-access 1
targets -set -nocase -filter {name =~"APU*"}
source C:/LocalWorkspace/EE277_local/EE277_Drive_Dec17_2024/EE277_FinalProject/Impl_1/Vitis/newWorkspace/Zybo-Z7-10-HDMI/_ide/psinit/ps7_init.tcl
ps7_init
ps7_post_config
targets -set -nocase -filter {name =~ "*A9*#0"}
dow C:/LocalWorkspace/EE277_local/EE277_Drive_Dec17_2024/EE277_FinalProject/Impl_1/Vitis/newWorkspace/Zybo-Z7-10-HDMI/Debug/Zybo-Z7-10-HDMI.elf
configparams force-mem-access 0
----------------End of Script----------------

16:36:13 INFO  : Context for processor 'ps7_cortexa9_0' is selected.
16:36:13 INFO  : 'con' command is executed.
16:36:13 INFO  : ----------------XSDB Script (After Launch)----------------
targets -set -nocase -filter {name =~ "*A9*#0"}
con
----------------End of Script----------------

16:36:13 INFO  : Launch script is exported to file 'C:\LocalWorkspace\EE277_local\EE277_Drive_Dec17_2024\EE277_FinalProject\Impl_1\Vitis\newWorkspace\Zybo-Z7-10-HDMI_system\_ide\scripts\debugger_zybo-z7-10-hdmi-default.tcl'
16:40:38 INFO  : Checking for BSP changes to sync application flags for project 'Zybo-Z7-10-HDMI'...
16:40:52 INFO  : Disconnected from the channel tcfchan#8.
16:40:53 INFO  : Connected to target on host '127.0.0.1' and port '3121'.
16:40:53 INFO  : Jtag cable 'Digilent Zybo Z7 210351B7A98FA' is selected.
16:40:53 INFO  : 'jtag frequency' command is executed.
16:40:53 INFO  : Context for 'APU' is selected.
16:40:53 INFO  : System reset is completed.
16:40:56 INFO  : 'after 3000' command is executed.
16:40:57 INFO  : 'targets -set -filter {jtag_cable_name =~ "Digilent Zybo Z7 210351B7A98FA" && level==0 && jtag_device_ctx=="jsn-Zybo Z7-210351B7A98FA-13722093-0"}' command is executed.
16:40:58 INFO  : Device configured successfully with "C:/LocalWorkspace/EE277_local/EE277_Drive_Dec17_2024/EE277_FinalProject/Impl_1/Vitis/newWorkspace/Zybo-Z7-10-HDMI/_ide/bitstream/design_1_wrapper_sw.bit"
16:40:58 INFO  : Context for 'APU' is selected.
16:40:58 INFO  : Hardware design and registers information is loaded from 'C:/LocalWorkspace/EE277_local/EE277_Drive_Dec17_2024/EE277_FinalProject/Impl_1/Vitis/newWorkspace/design_1_wrapper/export/design_1_wrapper/hw/design_1_wrapper_sw.xsa'.
16:40:58 INFO  : 'configparams force-mem-access 1' command is executed.
16:40:58 INFO  : Context for 'APU' is selected.
16:40:58 INFO  : Sourcing of 'C:/LocalWorkspace/EE277_local/EE277_Drive_Dec17_2024/EE277_FinalProject/Impl_1/Vitis/newWorkspace/Zybo-Z7-10-HDMI/_ide/psinit/ps7_init.tcl' is done.
16:40:58 INFO  : 'ps7_init' command is executed.
16:40:58 INFO  : 'ps7_post_config' command is executed.
16:40:58 INFO  : Context for processor 'ps7_cortexa9_0' is selected.
16:40:59 INFO  : The application 'C:/LocalWorkspace/EE277_local/EE277_Drive_Dec17_2024/EE277_FinalProject/Impl_1/Vitis/newWorkspace/Zybo-Z7-10-HDMI/Debug/Zybo-Z7-10-HDMI.elf' is downloaded to processor 'ps7_cortexa9_0'.
16:40:59 INFO  : 'configparams force-mem-access 0' command is executed.
16:40:59 INFO  : ----------------XSDB Script----------------
connect -url tcp:127.0.0.1:3121
targets -set -nocase -filter {name =~"APU*"}
rst -system
after 3000
targets -set -filter {jtag_cable_name =~ "Digilent Zybo Z7 210351B7A98FA" && level==0 && jtag_device_ctx=="jsn-Zybo Z7-210351B7A98FA-13722093-0"}
fpga -file C:/LocalWorkspace/EE277_local/EE277_Drive_Dec17_2024/EE277_FinalProject/Impl_1/Vitis/newWorkspace/Zybo-Z7-10-HDMI/_ide/bitstream/design_1_wrapper_sw.bit
targets -set -nocase -filter {name =~"APU*"}
loadhw -hw C:/LocalWorkspace/EE277_local/EE277_Drive_Dec17_2024/EE277_FinalProject/Impl_1/Vitis/newWorkspace/design_1_wrapper/export/design_1_wrapper/hw/design_1_wrapper_sw.xsa -mem-ranges [list {0x40000000 0xbfffffff}] -regs
configparams force-mem-access 1
targets -set -nocase -filter {name =~"APU*"}
source C:/LocalWorkspace/EE277_local/EE277_Drive_Dec17_2024/EE277_FinalProject/Impl_1/Vitis/newWorkspace/Zybo-Z7-10-HDMI/_ide/psinit/ps7_init.tcl
ps7_init
ps7_post_config
targets -set -nocase -filter {name =~ "*A9*#0"}
dow C:/LocalWorkspace/EE277_local/EE277_Drive_Dec17_2024/EE277_FinalProject/Impl_1/Vitis/newWorkspace/Zybo-Z7-10-HDMI/Debug/Zybo-Z7-10-HDMI.elf
configparams force-mem-access 0
----------------End of Script----------------

16:40:59 INFO  : Context for processor 'ps7_cortexa9_0' is selected.
16:40:59 INFO  : 'con' command is executed.
16:40:59 INFO  : ----------------XSDB Script (After Launch)----------------
targets -set -nocase -filter {name =~ "*A9*#0"}
con
----------------End of Script----------------

16:40:59 INFO  : Launch script is exported to file 'C:\LocalWorkspace\EE277_local\EE277_Drive_Dec17_2024\EE277_FinalProject\Impl_1\Vitis\newWorkspace\Zybo-Z7-10-HDMI_system\_ide\scripts\debugger_zybo-z7-10-hdmi-default.tcl'
16:49:47 INFO  : Checking for BSP changes to sync application flags for project 'Zybo-Z7-10-HDMI'...
16:50:01 INFO  : Checking for BSP changes to sync application flags for project 'Zybo-Z7-10-HDMI'...
16:50:17 INFO  : Disconnected from the channel tcfchan#10.
16:50:18 INFO  : Connected to target on host '127.0.0.1' and port '3121'.
16:50:18 INFO  : Jtag cable 'Digilent Zybo Z7 210351B7A98FA' is selected.
16:50:18 INFO  : 'jtag frequency' command is executed.
16:50:18 INFO  : Context for 'APU' is selected.
16:50:18 INFO  : System reset is completed.
16:50:21 INFO  : 'after 3000' command is executed.
16:50:21 INFO  : 'targets -set -filter {jtag_cable_name =~ "Digilent Zybo Z7 210351B7A98FA" && level==0 && jtag_device_ctx=="jsn-Zybo Z7-210351B7A98FA-13722093-0"}' command is executed.
16:50:23 INFO  : Device configured successfully with "C:/LocalWorkspace/EE277_local/EE277_Drive_Dec17_2024/EE277_FinalProject/Impl_1/Vitis/newWorkspace/Zybo-Z7-10-HDMI/_ide/bitstream/design_1_wrapper_sw.bit"
16:50:23 INFO  : Context for 'APU' is selected.
16:50:23 INFO  : Hardware design and registers information is loaded from 'C:/LocalWorkspace/EE277_local/EE277_Drive_Dec17_2024/EE277_FinalProject/Impl_1/Vitis/newWorkspace/design_1_wrapper/export/design_1_wrapper/hw/design_1_wrapper_sw.xsa'.
16:50:23 INFO  : 'configparams force-mem-access 1' command is executed.
16:50:23 INFO  : Context for 'APU' is selected.
16:50:23 INFO  : Sourcing of 'C:/LocalWorkspace/EE277_local/EE277_Drive_Dec17_2024/EE277_FinalProject/Impl_1/Vitis/newWorkspace/Zybo-Z7-10-HDMI/_ide/psinit/ps7_init.tcl' is done.
16:50:23 INFO  : 'ps7_init' command is executed.
16:50:23 INFO  : 'ps7_post_config' command is executed.
16:50:23 INFO  : Context for processor 'ps7_cortexa9_0' is selected.
16:50:23 INFO  : The application 'C:/LocalWorkspace/EE277_local/EE277_Drive_Dec17_2024/EE277_FinalProject/Impl_1/Vitis/newWorkspace/Zybo-Z7-10-HDMI/Debug/Zybo-Z7-10-HDMI.elf' is downloaded to processor 'ps7_cortexa9_0'.
16:50:23 INFO  : 'configparams force-mem-access 0' command is executed.
16:50:23 INFO  : ----------------XSDB Script----------------
connect -url tcp:127.0.0.1:3121
targets -set -nocase -filter {name =~"APU*"}
rst -system
after 3000
targets -set -filter {jtag_cable_name =~ "Digilent Zybo Z7 210351B7A98FA" && level==0 && jtag_device_ctx=="jsn-Zybo Z7-210351B7A98FA-13722093-0"}
fpga -file C:/LocalWorkspace/EE277_local/EE277_Drive_Dec17_2024/EE277_FinalProject/Impl_1/Vitis/newWorkspace/Zybo-Z7-10-HDMI/_ide/bitstream/design_1_wrapper_sw.bit
targets -set -nocase -filter {name =~"APU*"}
loadhw -hw C:/LocalWorkspace/EE277_local/EE277_Drive_Dec17_2024/EE277_FinalProject/Impl_1/Vitis/newWorkspace/design_1_wrapper/export/design_1_wrapper/hw/design_1_wrapper_sw.xsa -mem-ranges [list {0x40000000 0xbfffffff}] -regs
configparams force-mem-access 1
targets -set -nocase -filter {name =~"APU*"}
source C:/LocalWorkspace/EE277_local/EE277_Drive_Dec17_2024/EE277_FinalProject/Impl_1/Vitis/newWorkspace/Zybo-Z7-10-HDMI/_ide/psinit/ps7_init.tcl
ps7_init
ps7_post_config
targets -set -nocase -filter {name =~ "*A9*#0"}
dow C:/LocalWorkspace/EE277_local/EE277_Drive_Dec17_2024/EE277_FinalProject/Impl_1/Vitis/newWorkspace/Zybo-Z7-10-HDMI/Debug/Zybo-Z7-10-HDMI.elf
configparams force-mem-access 0
----------------End of Script----------------

16:50:24 INFO  : Context for processor 'ps7_cortexa9_0' is selected.
16:50:24 INFO  : 'con' command is executed.
16:50:24 INFO  : ----------------XSDB Script (After Launch)----------------
targets -set -nocase -filter {name =~ "*A9*#0"}
con
----------------End of Script----------------

16:50:24 INFO  : Launch script is exported to file 'C:\LocalWorkspace\EE277_local\EE277_Drive_Dec17_2024\EE277_FinalProject\Impl_1\Vitis\newWorkspace\Zybo-Z7-10-HDMI_system\_ide\scripts\debugger_zybo-z7-10-hdmi-default.tcl'
16:52:35 INFO  : Checking for BSP changes to sync application flags for project 'Zybo-Z7-10-HDMI'...
16:53:38 INFO  : Checking for BSP changes to sync application flags for project 'Zybo-Z7-10-HDMI'...
16:53:53 INFO  : Disconnected from the channel tcfchan#12.
16:53:54 INFO  : Connected to target on host '127.0.0.1' and port '3121'.
16:53:54 INFO  : Jtag cable 'Digilent Zybo Z7 210351B7A98FA' is selected.
16:53:54 INFO  : 'jtag frequency' command is executed.
16:53:54 INFO  : Context for 'APU' is selected.
16:53:54 INFO  : System reset is completed.
16:53:57 INFO  : 'after 3000' command is executed.
16:53:57 INFO  : 'targets -set -filter {jtag_cable_name =~ "Digilent Zybo Z7 210351B7A98FA" && level==0 && jtag_device_ctx=="jsn-Zybo Z7-210351B7A98FA-13722093-0"}' command is executed.
16:53:59 INFO  : Device configured successfully with "C:/LocalWorkspace/EE277_local/EE277_Drive_Dec17_2024/EE277_FinalProject/Impl_1/Vitis/newWorkspace/Zybo-Z7-10-HDMI/_ide/bitstream/design_1_wrapper_sw.bit"
16:53:59 INFO  : Context for 'APU' is selected.
16:53:59 INFO  : Hardware design and registers information is loaded from 'C:/LocalWorkspace/EE277_local/EE277_Drive_Dec17_2024/EE277_FinalProject/Impl_1/Vitis/newWorkspace/design_1_wrapper/export/design_1_wrapper/hw/design_1_wrapper_sw.xsa'.
16:53:59 INFO  : 'configparams force-mem-access 1' command is executed.
16:53:59 INFO  : Context for 'APU' is selected.
16:53:59 INFO  : Sourcing of 'C:/LocalWorkspace/EE277_local/EE277_Drive_Dec17_2024/EE277_FinalProject/Impl_1/Vitis/newWorkspace/Zybo-Z7-10-HDMI/_ide/psinit/ps7_init.tcl' is done.
16:53:59 INFO  : 'ps7_init' command is executed.
16:53:59 INFO  : 'ps7_post_config' command is executed.
16:53:59 INFO  : Context for processor 'ps7_cortexa9_0' is selected.
16:53:59 INFO  : The application 'C:/LocalWorkspace/EE277_local/EE277_Drive_Dec17_2024/EE277_FinalProject/Impl_1/Vitis/newWorkspace/Zybo-Z7-10-HDMI/Debug/Zybo-Z7-10-HDMI.elf' is downloaded to processor 'ps7_cortexa9_0'.
16:53:59 INFO  : 'configparams force-mem-access 0' command is executed.
16:53:59 INFO  : ----------------XSDB Script----------------
connect -url tcp:127.0.0.1:3121
targets -set -nocase -filter {name =~"APU*"}
rst -system
after 3000
targets -set -filter {jtag_cable_name =~ "Digilent Zybo Z7 210351B7A98FA" && level==0 && jtag_device_ctx=="jsn-Zybo Z7-210351B7A98FA-13722093-0"}
fpga -file C:/LocalWorkspace/EE277_local/EE277_Drive_Dec17_2024/EE277_FinalProject/Impl_1/Vitis/newWorkspace/Zybo-Z7-10-HDMI/_ide/bitstream/design_1_wrapper_sw.bit
targets -set -nocase -filter {name =~"APU*"}
loadhw -hw C:/LocalWorkspace/EE277_local/EE277_Drive_Dec17_2024/EE277_FinalProject/Impl_1/Vitis/newWorkspace/design_1_wrapper/export/design_1_wrapper/hw/design_1_wrapper_sw.xsa -mem-ranges [list {0x40000000 0xbfffffff}] -regs
configparams force-mem-access 1
targets -set -nocase -filter {name =~"APU*"}
source C:/LocalWorkspace/EE277_local/EE277_Drive_Dec17_2024/EE277_FinalProject/Impl_1/Vitis/newWorkspace/Zybo-Z7-10-HDMI/_ide/psinit/ps7_init.tcl
ps7_init
ps7_post_config
targets -set -nocase -filter {name =~ "*A9*#0"}
dow C:/LocalWorkspace/EE277_local/EE277_Drive_Dec17_2024/EE277_FinalProject/Impl_1/Vitis/newWorkspace/Zybo-Z7-10-HDMI/Debug/Zybo-Z7-10-HDMI.elf
configparams force-mem-access 0
----------------End of Script----------------

16:54:00 INFO  : Context for processor 'ps7_cortexa9_0' is selected.
16:54:00 INFO  : 'con' command is executed.
16:54:00 INFO  : ----------------XSDB Script (After Launch)----------------
targets -set -nocase -filter {name =~ "*A9*#0"}
con
----------------End of Script----------------

16:54:00 INFO  : Launch script is exported to file 'C:\LocalWorkspace\EE277_local\EE277_Drive_Dec17_2024\EE277_FinalProject\Impl_1\Vitis\newWorkspace\Zybo-Z7-10-HDMI_system\_ide\scripts\debugger_zybo-z7-10-hdmi-default.tcl'
16:55:59 INFO  : Checking for BSP changes to sync application flags for project 'Zybo-Z7-10-HDMI'...
16:56:10 INFO  : Disconnected from the channel tcfchan#14.
16:56:11 INFO  : Connected to target on host '127.0.0.1' and port '3121'.
16:56:11 INFO  : Jtag cable 'Digilent Zybo Z7 210351B7A98FA' is selected.
16:56:11 INFO  : 'jtag frequency' command is executed.
16:56:11 INFO  : Context for 'APU' is selected.
16:56:12 INFO  : System reset is completed.
16:56:15 INFO  : 'after 3000' command is executed.
16:56:15 INFO  : 'targets -set -filter {jtag_cable_name =~ "Digilent Zybo Z7 210351B7A98FA" && level==0 && jtag_device_ctx=="jsn-Zybo Z7-210351B7A98FA-13722093-0"}' command is executed.
16:56:16 INFO  : Device configured successfully with "C:/LocalWorkspace/EE277_local/EE277_Drive_Dec17_2024/EE277_FinalProject/Impl_1/Vitis/newWorkspace/Zybo-Z7-10-HDMI/_ide/bitstream/design_1_wrapper_sw.bit"
16:56:16 INFO  : Context for 'APU' is selected.
16:56:16 INFO  : Hardware design and registers information is loaded from 'C:/LocalWorkspace/EE277_local/EE277_Drive_Dec17_2024/EE277_FinalProject/Impl_1/Vitis/newWorkspace/design_1_wrapper/export/design_1_wrapper/hw/design_1_wrapper_sw.xsa'.
16:56:16 INFO  : 'configparams force-mem-access 1' command is executed.
16:56:16 INFO  : Context for 'APU' is selected.
16:56:16 INFO  : Sourcing of 'C:/LocalWorkspace/EE277_local/EE277_Drive_Dec17_2024/EE277_FinalProject/Impl_1/Vitis/newWorkspace/Zybo-Z7-10-HDMI/_ide/psinit/ps7_init.tcl' is done.
16:56:16 INFO  : 'ps7_init' command is executed.
16:56:16 INFO  : 'ps7_post_config' command is executed.
16:56:16 INFO  : Context for processor 'ps7_cortexa9_0' is selected.
16:56:17 INFO  : The application 'C:/LocalWorkspace/EE277_local/EE277_Drive_Dec17_2024/EE277_FinalProject/Impl_1/Vitis/newWorkspace/Zybo-Z7-10-HDMI/Debug/Zybo-Z7-10-HDMI.elf' is downloaded to processor 'ps7_cortexa9_0'.
16:56:17 INFO  : 'configparams force-mem-access 0' command is executed.
16:56:17 INFO  : ----------------XSDB Script----------------
connect -url tcp:127.0.0.1:3121
targets -set -nocase -filter {name =~"APU*"}
rst -system
after 3000
targets -set -filter {jtag_cable_name =~ "Digilent Zybo Z7 210351B7A98FA" && level==0 && jtag_device_ctx=="jsn-Zybo Z7-210351B7A98FA-13722093-0"}
fpga -file C:/LocalWorkspace/EE277_local/EE277_Drive_Dec17_2024/EE277_FinalProject/Impl_1/Vitis/newWorkspace/Zybo-Z7-10-HDMI/_ide/bitstream/design_1_wrapper_sw.bit
targets -set -nocase -filter {name =~"APU*"}
loadhw -hw C:/LocalWorkspace/EE277_local/EE277_Drive_Dec17_2024/EE277_FinalProject/Impl_1/Vitis/newWorkspace/design_1_wrapper/export/design_1_wrapper/hw/design_1_wrapper_sw.xsa -mem-ranges [list {0x40000000 0xbfffffff}] -regs
configparams force-mem-access 1
targets -set -nocase -filter {name =~"APU*"}
source C:/LocalWorkspace/EE277_local/EE277_Drive_Dec17_2024/EE277_FinalProject/Impl_1/Vitis/newWorkspace/Zybo-Z7-10-HDMI/_ide/psinit/ps7_init.tcl
ps7_init
ps7_post_config
targets -set -nocase -filter {name =~ "*A9*#0"}
dow C:/LocalWorkspace/EE277_local/EE277_Drive_Dec17_2024/EE277_FinalProject/Impl_1/Vitis/newWorkspace/Zybo-Z7-10-HDMI/Debug/Zybo-Z7-10-HDMI.elf
configparams force-mem-access 0
----------------End of Script----------------

16:56:17 INFO  : Context for processor 'ps7_cortexa9_0' is selected.
16:56:17 INFO  : 'con' command is executed.
16:56:17 INFO  : ----------------XSDB Script (After Launch)----------------
targets -set -nocase -filter {name =~ "*A9*#0"}
con
----------------End of Script----------------

16:56:17 INFO  : Launch script is exported to file 'C:\LocalWorkspace\EE277_local\EE277_Drive_Dec17_2024\EE277_FinalProject\Impl_1\Vitis\newWorkspace\Zybo-Z7-10-HDMI_system\_ide\scripts\debugger_zybo-z7-10-hdmi-default.tcl'
16:58:19 INFO  : Checking for BSP changes to sync application flags for project 'Zybo-Z7-10-HDMI'...
16:58:37 INFO  : Disconnected from the channel tcfchan#16.
16:58:38 INFO  : Connected to target on host '127.0.0.1' and port '3121'.
16:58:38 INFO  : Jtag cable 'Digilent Zybo Z7 210351B7A98FA' is selected.
16:58:38 INFO  : 'jtag frequency' command is executed.
16:58:38 INFO  : Context for 'APU' is selected.
16:58:39 INFO  : System reset is completed.
16:58:42 INFO  : 'after 3000' command is executed.
16:58:42 INFO  : 'targets -set -filter {jtag_cable_name =~ "Digilent Zybo Z7 210351B7A98FA" && level==0 && jtag_device_ctx=="jsn-Zybo Z7-210351B7A98FA-13722093-0"}' command is executed.
16:58:43 INFO  : Device configured successfully with "C:/LocalWorkspace/EE277_local/EE277_Drive_Dec17_2024/EE277_FinalProject/Impl_1/Vitis/newWorkspace/Zybo-Z7-10-HDMI/_ide/bitstream/design_1_wrapper_sw.bit"
16:58:43 INFO  : Context for 'APU' is selected.
16:58:43 INFO  : Hardware design and registers information is loaded from 'C:/LocalWorkspace/EE277_local/EE277_Drive_Dec17_2024/EE277_FinalProject/Impl_1/Vitis/newWorkspace/design_1_wrapper/export/design_1_wrapper/hw/design_1_wrapper_sw.xsa'.
16:58:43 INFO  : 'configparams force-mem-access 1' command is executed.
16:58:43 INFO  : Context for 'APU' is selected.
16:58:43 INFO  : Sourcing of 'C:/LocalWorkspace/EE277_local/EE277_Drive_Dec17_2024/EE277_FinalProject/Impl_1/Vitis/newWorkspace/Zybo-Z7-10-HDMI/_ide/psinit/ps7_init.tcl' is done.
16:58:43 INFO  : 'ps7_init' command is executed.
16:58:43 INFO  : 'ps7_post_config' command is executed.
16:58:43 INFO  : Context for processor 'ps7_cortexa9_0' is selected.
16:58:44 INFO  : The application 'C:/LocalWorkspace/EE277_local/EE277_Drive_Dec17_2024/EE277_FinalProject/Impl_1/Vitis/newWorkspace/Zybo-Z7-10-HDMI/Debug/Zybo-Z7-10-HDMI.elf' is downloaded to processor 'ps7_cortexa9_0'.
16:58:44 INFO  : 'configparams force-mem-access 0' command is executed.
16:58:44 INFO  : ----------------XSDB Script----------------
connect -url tcp:127.0.0.1:3121
targets -set -nocase -filter {name =~"APU*"}
rst -system
after 3000
targets -set -filter {jtag_cable_name =~ "Digilent Zybo Z7 210351B7A98FA" && level==0 && jtag_device_ctx=="jsn-Zybo Z7-210351B7A98FA-13722093-0"}
fpga -file C:/LocalWorkspace/EE277_local/EE277_Drive_Dec17_2024/EE277_FinalProject/Impl_1/Vitis/newWorkspace/Zybo-Z7-10-HDMI/_ide/bitstream/design_1_wrapper_sw.bit
targets -set -nocase -filter {name =~"APU*"}
loadhw -hw C:/LocalWorkspace/EE277_local/EE277_Drive_Dec17_2024/EE277_FinalProject/Impl_1/Vitis/newWorkspace/design_1_wrapper/export/design_1_wrapper/hw/design_1_wrapper_sw.xsa -mem-ranges [list {0x40000000 0xbfffffff}] -regs
configparams force-mem-access 1
targets -set -nocase -filter {name =~"APU*"}
source C:/LocalWorkspace/EE277_local/EE277_Drive_Dec17_2024/EE277_FinalProject/Impl_1/Vitis/newWorkspace/Zybo-Z7-10-HDMI/_ide/psinit/ps7_init.tcl
ps7_init
ps7_post_config
targets -set -nocase -filter {name =~ "*A9*#0"}
dow C:/LocalWorkspace/EE277_local/EE277_Drive_Dec17_2024/EE277_FinalProject/Impl_1/Vitis/newWorkspace/Zybo-Z7-10-HDMI/Debug/Zybo-Z7-10-HDMI.elf
configparams force-mem-access 0
----------------End of Script----------------

16:58:44 INFO  : Context for processor 'ps7_cortexa9_0' is selected.
16:58:44 INFO  : 'con' command is executed.
16:58:44 INFO  : ----------------XSDB Script (After Launch)----------------
targets -set -nocase -filter {name =~ "*A9*#0"}
con
----------------End of Script----------------

16:58:44 INFO  : Launch script is exported to file 'C:\LocalWorkspace\EE277_local\EE277_Drive_Dec17_2024\EE277_FinalProject\Impl_1\Vitis\newWorkspace\Zybo-Z7-10-HDMI_system\_ide\scripts\debugger_zybo-z7-10-hdmi-default.tcl'
17:04:03 INFO  : Checking for BSP changes to sync application flags for project 'Zybo-Z7-10-HDMI'...
17:04:46 INFO  : Checking for BSP changes to sync application flags for project 'Zybo-Z7-10-HDMI'...
17:05:29 INFO  : Checking for BSP changes to sync application flags for project 'Zybo-Z7-10-HDMI'...
17:05:42 INFO  : Disconnected from the channel tcfchan#18.
17:05:43 INFO  : Connected to target on host '127.0.0.1' and port '3121'.
17:05:43 INFO  : Jtag cable 'Digilent Zybo Z7 210351B7A98FA' is selected.
17:05:43 INFO  : 'jtag frequency' command is executed.
17:05:44 INFO  : Context for 'APU' is selected.
17:05:44 INFO  : System reset is completed.
17:05:47 INFO  : 'after 3000' command is executed.
17:05:47 INFO  : 'targets -set -filter {jtag_cable_name =~ "Digilent Zybo Z7 210351B7A98FA" && level==0 && jtag_device_ctx=="jsn-Zybo Z7-210351B7A98FA-13722093-0"}' command is executed.
17:05:48 INFO  : Device configured successfully with "C:/LocalWorkspace/EE277_local/EE277_Drive_Dec17_2024/EE277_FinalProject/Impl_1/Vitis/newWorkspace/Zybo-Z7-10-HDMI/_ide/bitstream/design_1_wrapper_sw.bit"
17:05:48 INFO  : Context for 'APU' is selected.
17:05:48 INFO  : Hardware design and registers information is loaded from 'C:/LocalWorkspace/EE277_local/EE277_Drive_Dec17_2024/EE277_FinalProject/Impl_1/Vitis/newWorkspace/design_1_wrapper/export/design_1_wrapper/hw/design_1_wrapper_sw.xsa'.
17:05:48 INFO  : 'configparams force-mem-access 1' command is executed.
17:05:48 INFO  : Context for 'APU' is selected.
17:05:48 INFO  : Sourcing of 'C:/LocalWorkspace/EE277_local/EE277_Drive_Dec17_2024/EE277_FinalProject/Impl_1/Vitis/newWorkspace/Zybo-Z7-10-HDMI/_ide/psinit/ps7_init.tcl' is done.
17:05:48 INFO  : 'ps7_init' command is executed.
17:05:48 INFO  : 'ps7_post_config' command is executed.
17:05:48 INFO  : Context for processor 'ps7_cortexa9_0' is selected.
17:05:49 INFO  : The application 'C:/LocalWorkspace/EE277_local/EE277_Drive_Dec17_2024/EE277_FinalProject/Impl_1/Vitis/newWorkspace/Zybo-Z7-10-HDMI/Debug/Zybo-Z7-10-HDMI.elf' is downloaded to processor 'ps7_cortexa9_0'.
17:05:49 INFO  : 'configparams force-mem-access 0' command is executed.
17:05:49 INFO  : ----------------XSDB Script----------------
connect -url tcp:127.0.0.1:3121
targets -set -nocase -filter {name =~"APU*"}
rst -system
after 3000
targets -set -filter {jtag_cable_name =~ "Digilent Zybo Z7 210351B7A98FA" && level==0 && jtag_device_ctx=="jsn-Zybo Z7-210351B7A98FA-13722093-0"}
fpga -file C:/LocalWorkspace/EE277_local/EE277_Drive_Dec17_2024/EE277_FinalProject/Impl_1/Vitis/newWorkspace/Zybo-Z7-10-HDMI/_ide/bitstream/design_1_wrapper_sw.bit
targets -set -nocase -filter {name =~"APU*"}
loadhw -hw C:/LocalWorkspace/EE277_local/EE277_Drive_Dec17_2024/EE277_FinalProject/Impl_1/Vitis/newWorkspace/design_1_wrapper/export/design_1_wrapper/hw/design_1_wrapper_sw.xsa -mem-ranges [list {0x40000000 0xbfffffff}] -regs
configparams force-mem-access 1
targets -set -nocase -filter {name =~"APU*"}
source C:/LocalWorkspace/EE277_local/EE277_Drive_Dec17_2024/EE277_FinalProject/Impl_1/Vitis/newWorkspace/Zybo-Z7-10-HDMI/_ide/psinit/ps7_init.tcl
ps7_init
ps7_post_config
targets -set -nocase -filter {name =~ "*A9*#0"}
dow C:/LocalWorkspace/EE277_local/EE277_Drive_Dec17_2024/EE277_FinalProject/Impl_1/Vitis/newWorkspace/Zybo-Z7-10-HDMI/Debug/Zybo-Z7-10-HDMI.elf
configparams force-mem-access 0
----------------End of Script----------------

17:05:49 INFO  : Context for processor 'ps7_cortexa9_0' is selected.
17:05:49 INFO  : 'con' command is executed.
17:05:49 INFO  : ----------------XSDB Script (After Launch)----------------
targets -set -nocase -filter {name =~ "*A9*#0"}
con
----------------End of Script----------------

17:05:49 INFO  : Launch script is exported to file 'C:\LocalWorkspace\EE277_local\EE277_Drive_Dec17_2024\EE277_FinalProject\Impl_1\Vitis\newWorkspace\Zybo-Z7-10-HDMI_system\_ide\scripts\debugger_zybo-z7-10-hdmi-default.tcl'
17:06:55 INFO  : Checking for BSP changes to sync application flags for project 'Zybo-Z7-10-HDMI'...
17:07:24 INFO  : Disconnected from the channel tcfchan#20.
17:07:25 INFO  : Connected to target on host '127.0.0.1' and port '3121'.
17:07:25 INFO  : Jtag cable 'Digilent Zybo Z7 210351B7A98FA' is selected.
17:07:25 INFO  : 'jtag frequency' command is executed.
17:07:25 INFO  : Context for 'APU' is selected.
17:07:25 INFO  : System reset is completed.
17:07:28 INFO  : 'after 3000' command is executed.
17:07:28 INFO  : 'targets -set -filter {jtag_cable_name =~ "Digilent Zybo Z7 210351B7A98FA" && level==0 && jtag_device_ctx=="jsn-Zybo Z7-210351B7A98FA-13722093-0"}' command is executed.
17:07:29 INFO  : Device configured successfully with "C:/LocalWorkspace/EE277_local/EE277_Drive_Dec17_2024/EE277_FinalProject/Impl_1/Vitis/newWorkspace/Zybo-Z7-10-HDMI/_ide/bitstream/design_1_wrapper_sw.bit"
17:07:30 INFO  : Context for 'APU' is selected.
17:07:30 INFO  : Hardware design and registers information is loaded from 'C:/LocalWorkspace/EE277_local/EE277_Drive_Dec17_2024/EE277_FinalProject/Impl_1/Vitis/newWorkspace/design_1_wrapper/export/design_1_wrapper/hw/design_1_wrapper_sw.xsa'.
17:07:30 INFO  : 'configparams force-mem-access 1' command is executed.
17:07:30 INFO  : Context for 'APU' is selected.
17:07:30 INFO  : Sourcing of 'C:/LocalWorkspace/EE277_local/EE277_Drive_Dec17_2024/EE277_FinalProject/Impl_1/Vitis/newWorkspace/Zybo-Z7-10-HDMI/_ide/psinit/ps7_init.tcl' is done.
17:07:30 INFO  : 'ps7_init' command is executed.
17:07:30 INFO  : 'ps7_post_config' command is executed.
17:07:30 INFO  : Context for processor 'ps7_cortexa9_0' is selected.
17:07:30 INFO  : The application 'C:/LocalWorkspace/EE277_local/EE277_Drive_Dec17_2024/EE277_FinalProject/Impl_1/Vitis/newWorkspace/Zybo-Z7-10-HDMI/Debug/Zybo-Z7-10-HDMI.elf' is downloaded to processor 'ps7_cortexa9_0'.
17:07:30 INFO  : 'configparams force-mem-access 0' command is executed.
17:07:30 INFO  : ----------------XSDB Script----------------
connect -url tcp:127.0.0.1:3121
targets -set -nocase -filter {name =~"APU*"}
rst -system
after 3000
targets -set -filter {jtag_cable_name =~ "Digilent Zybo Z7 210351B7A98FA" && level==0 && jtag_device_ctx=="jsn-Zybo Z7-210351B7A98FA-13722093-0"}
fpga -file C:/LocalWorkspace/EE277_local/EE277_Drive_Dec17_2024/EE277_FinalProject/Impl_1/Vitis/newWorkspace/Zybo-Z7-10-HDMI/_ide/bitstream/design_1_wrapper_sw.bit
targets -set -nocase -filter {name =~"APU*"}
loadhw -hw C:/LocalWorkspace/EE277_local/EE277_Drive_Dec17_2024/EE277_FinalProject/Impl_1/Vitis/newWorkspace/design_1_wrapper/export/design_1_wrapper/hw/design_1_wrapper_sw.xsa -mem-ranges [list {0x40000000 0xbfffffff}] -regs
configparams force-mem-access 1
targets -set -nocase -filter {name =~"APU*"}
source C:/LocalWorkspace/EE277_local/EE277_Drive_Dec17_2024/EE277_FinalProject/Impl_1/Vitis/newWorkspace/Zybo-Z7-10-HDMI/_ide/psinit/ps7_init.tcl
ps7_init
ps7_post_config
targets -set -nocase -filter {name =~ "*A9*#0"}
dow C:/LocalWorkspace/EE277_local/EE277_Drive_Dec17_2024/EE277_FinalProject/Impl_1/Vitis/newWorkspace/Zybo-Z7-10-HDMI/Debug/Zybo-Z7-10-HDMI.elf
configparams force-mem-access 0
----------------End of Script----------------

17:07:30 INFO  : Context for processor 'ps7_cortexa9_0' is selected.
17:07:30 INFO  : 'con' command is executed.
17:07:30 INFO  : ----------------XSDB Script (After Launch)----------------
targets -set -nocase -filter {name =~ "*A9*#0"}
con
----------------End of Script----------------

17:07:30 INFO  : Launch script is exported to file 'C:\LocalWorkspace\EE277_local\EE277_Drive_Dec17_2024\EE277_FinalProject\Impl_1\Vitis\newWorkspace\Zybo-Z7-10-HDMI_system\_ide\scripts\debugger_zybo-z7-10-hdmi-default.tcl'
17:12:44 INFO  : Checking for BSP changes to sync application flags for project 'Zybo-Z7-10-HDMI'...
17:12:56 INFO  : Disconnected from the channel tcfchan#22.
17:12:57 INFO  : Connected to target on host '127.0.0.1' and port '3121'.
17:12:57 INFO  : Jtag cable 'Digilent Zybo Z7 210351B7A98FA' is selected.
17:12:57 INFO  : 'jtag frequency' command is executed.
17:12:57 INFO  : Context for 'APU' is selected.
17:12:57 INFO  : System reset is completed.
17:13:00 INFO  : 'after 3000' command is executed.
17:13:00 INFO  : 'targets -set -filter {jtag_cable_name =~ "Digilent Zybo Z7 210351B7A98FA" && level==0 && jtag_device_ctx=="jsn-Zybo Z7-210351B7A98FA-13722093-0"}' command is executed.
17:13:02 INFO  : Device configured successfully with "C:/LocalWorkspace/EE277_local/EE277_Drive_Dec17_2024/EE277_FinalProject/Impl_1/Vitis/newWorkspace/Zybo-Z7-10-HDMI/_ide/bitstream/design_1_wrapper_sw.bit"
17:13:02 INFO  : Context for 'APU' is selected.
17:13:02 INFO  : Hardware design and registers information is loaded from 'C:/LocalWorkspace/EE277_local/EE277_Drive_Dec17_2024/EE277_FinalProject/Impl_1/Vitis/newWorkspace/design_1_wrapper/export/design_1_wrapper/hw/design_1_wrapper_sw.xsa'.
17:13:02 INFO  : 'configparams force-mem-access 1' command is executed.
17:13:02 INFO  : Context for 'APU' is selected.
17:13:02 INFO  : Sourcing of 'C:/LocalWorkspace/EE277_local/EE277_Drive_Dec17_2024/EE277_FinalProject/Impl_1/Vitis/newWorkspace/Zybo-Z7-10-HDMI/_ide/psinit/ps7_init.tcl' is done.
17:13:02 INFO  : 'ps7_init' command is executed.
17:13:02 INFO  : 'ps7_post_config' command is executed.
17:13:02 INFO  : Context for processor 'ps7_cortexa9_0' is selected.
17:13:02 INFO  : The application 'C:/LocalWorkspace/EE277_local/EE277_Drive_Dec17_2024/EE277_FinalProject/Impl_1/Vitis/newWorkspace/Zybo-Z7-10-HDMI/Debug/Zybo-Z7-10-HDMI.elf' is downloaded to processor 'ps7_cortexa9_0'.
17:13:02 INFO  : 'configparams force-mem-access 0' command is executed.
17:13:02 INFO  : ----------------XSDB Script----------------
connect -url tcp:127.0.0.1:3121
targets -set -nocase -filter {name =~"APU*"}
rst -system
after 3000
targets -set -filter {jtag_cable_name =~ "Digilent Zybo Z7 210351B7A98FA" && level==0 && jtag_device_ctx=="jsn-Zybo Z7-210351B7A98FA-13722093-0"}
fpga -file C:/LocalWorkspace/EE277_local/EE277_Drive_Dec17_2024/EE277_FinalProject/Impl_1/Vitis/newWorkspace/Zybo-Z7-10-HDMI/_ide/bitstream/design_1_wrapper_sw.bit
targets -set -nocase -filter {name =~"APU*"}
loadhw -hw C:/LocalWorkspace/EE277_local/EE277_Drive_Dec17_2024/EE277_FinalProject/Impl_1/Vitis/newWorkspace/design_1_wrapper/export/design_1_wrapper/hw/design_1_wrapper_sw.xsa -mem-ranges [list {0x40000000 0xbfffffff}] -regs
configparams force-mem-access 1
targets -set -nocase -filter {name =~"APU*"}
source C:/LocalWorkspace/EE277_local/EE277_Drive_Dec17_2024/EE277_FinalProject/Impl_1/Vitis/newWorkspace/Zybo-Z7-10-HDMI/_ide/psinit/ps7_init.tcl
ps7_init
ps7_post_config
targets -set -nocase -filter {name =~ "*A9*#0"}
dow C:/LocalWorkspace/EE277_local/EE277_Drive_Dec17_2024/EE277_FinalProject/Impl_1/Vitis/newWorkspace/Zybo-Z7-10-HDMI/Debug/Zybo-Z7-10-HDMI.elf
configparams force-mem-access 0
----------------End of Script----------------

17:13:02 INFO  : Context for processor 'ps7_cortexa9_0' is selected.
17:13:02 INFO  : 'con' command is executed.
17:13:02 INFO  : ----------------XSDB Script (After Launch)----------------
targets -set -nocase -filter {name =~ "*A9*#0"}
con
----------------End of Script----------------

17:13:02 INFO  : Launch script is exported to file 'C:\LocalWorkspace\EE277_local\EE277_Drive_Dec17_2024\EE277_FinalProject\Impl_1\Vitis\newWorkspace\Zybo-Z7-10-HDMI_system\_ide\scripts\debugger_zybo-z7-10-hdmi-default.tcl'
17:15:16 INFO  : Checking for BSP changes to sync application flags for project 'Zybo-Z7-10-HDMI'...
17:15:31 INFO  : Disconnected from the channel tcfchan#24.
17:15:32 INFO  : Connected to target on host '127.0.0.1' and port '3121'.
17:15:41 INFO  : ----------------XSDB Script----------------
connect -url tcp:127.0.0.1:3121
----------------End of Script----------------

17:15:41 ERROR : Could not find Jtag device on the board for connection 'Local'.


Troubleshooting hints:
1. Check whether board is connected to system properly.
2. In case of zynq board, check whether Digilent/Xilinx cable switch settings are correct.
3. If you are using Xilinx Platform Cable USB, ensure that status LED is green.
17:15:53 INFO  : Connected to target on host '127.0.0.1' and port '3121'.
17:15:54 INFO  : Jtag cable 'Digilent Zybo Z7 210351B7A98FA' is selected.
17:15:54 INFO  : 'jtag frequency' command is executed.
17:15:54 INFO  : Context for 'APU' is selected.
17:15:54 INFO  : System reset is completed.
17:15:57 INFO  : 'after 3000' command is executed.
17:15:57 INFO  : 'targets -set -filter {jtag_cable_name =~ "Digilent Zybo Z7 210351B7A98FA" && level==0 && jtag_device_ctx=="jsn-Zybo Z7-210351B7A98FA-13722093-0"}' command is executed.
17:15:58 INFO  : Device configured successfully with "C:/LocalWorkspace/EE277_local/EE277_Drive_Dec17_2024/EE277_FinalProject/Impl_1/Vitis/newWorkspace/Zybo-Z7-10-HDMI/_ide/bitstream/design_1_wrapper_sw.bit"
17:15:58 INFO  : Context for 'APU' is selected.
17:15:58 INFO  : Hardware design and registers information is loaded from 'C:/LocalWorkspace/EE277_local/EE277_Drive_Dec17_2024/EE277_FinalProject/Impl_1/Vitis/newWorkspace/design_1_wrapper/export/design_1_wrapper/hw/design_1_wrapper_sw.xsa'.
17:15:58 INFO  : 'configparams force-mem-access 1' command is executed.
17:15:58 INFO  : Context for 'APU' is selected.
17:15:58 INFO  : Sourcing of 'C:/LocalWorkspace/EE277_local/EE277_Drive_Dec17_2024/EE277_FinalProject/Impl_1/Vitis/newWorkspace/Zybo-Z7-10-HDMI/_ide/psinit/ps7_init.tcl' is done.
17:15:58 INFO  : 'ps7_init' command is executed.
17:15:58 INFO  : 'ps7_post_config' command is executed.
17:15:58 INFO  : Context for processor 'ps7_cortexa9_0' is selected.
17:15:59 INFO  : The application 'C:/LocalWorkspace/EE277_local/EE277_Drive_Dec17_2024/EE277_FinalProject/Impl_1/Vitis/newWorkspace/Zybo-Z7-10-HDMI/Debug/Zybo-Z7-10-HDMI.elf' is downloaded to processor 'ps7_cortexa9_0'.
17:15:59 INFO  : 'configparams force-mem-access 0' command is executed.
17:15:59 INFO  : ----------------XSDB Script----------------
connect -url tcp:127.0.0.1:3121
targets -set -nocase -filter {name =~"APU*"}
rst -system
after 3000
targets -set -filter {jtag_cable_name =~ "Digilent Zybo Z7 210351B7A98FA" && level==0 && jtag_device_ctx=="jsn-Zybo Z7-210351B7A98FA-13722093-0"}
fpga -file C:/LocalWorkspace/EE277_local/EE277_Drive_Dec17_2024/EE277_FinalProject/Impl_1/Vitis/newWorkspace/Zybo-Z7-10-HDMI/_ide/bitstream/design_1_wrapper_sw.bit
targets -set -nocase -filter {name =~"APU*"}
loadhw -hw C:/LocalWorkspace/EE277_local/EE277_Drive_Dec17_2024/EE277_FinalProject/Impl_1/Vitis/newWorkspace/design_1_wrapper/export/design_1_wrapper/hw/design_1_wrapper_sw.xsa -mem-ranges [list {0x40000000 0xbfffffff}] -regs
configparams force-mem-access 1
targets -set -nocase -filter {name =~"APU*"}
source C:/LocalWorkspace/EE277_local/EE277_Drive_Dec17_2024/EE277_FinalProject/Impl_1/Vitis/newWorkspace/Zybo-Z7-10-HDMI/_ide/psinit/ps7_init.tcl
ps7_init
ps7_post_config
targets -set -nocase -filter {name =~ "*A9*#0"}
dow C:/LocalWorkspace/EE277_local/EE277_Drive_Dec17_2024/EE277_FinalProject/Impl_1/Vitis/newWorkspace/Zybo-Z7-10-HDMI/Debug/Zybo-Z7-10-HDMI.elf
configparams force-mem-access 0
----------------End of Script----------------

17:15:59 INFO  : Context for processor 'ps7_cortexa9_0' is selected.
17:15:59 INFO  : 'con' command is executed.
17:15:59 INFO  : ----------------XSDB Script (After Launch)----------------
targets -set -nocase -filter {name =~ "*A9*#0"}
con
----------------End of Script----------------

17:15:59 INFO  : Launch script is exported to file 'C:\LocalWorkspace\EE277_local\EE277_Drive_Dec17_2024\EE277_FinalProject\Impl_1\Vitis\newWorkspace\Zybo-Z7-10-HDMI_system\_ide\scripts\debugger_zybo-z7-10-hdmi-default.tcl'
17:17:42 INFO  : Checking for BSP changes to sync application flags for project 'Zybo-Z7-10-HDMI'...
17:17:54 INFO  : Disconnected from the channel tcfchan#26.
17:17:55 INFO  : Connected to target on host '127.0.0.1' and port '3121'.
17:17:55 INFO  : Jtag cable 'Digilent Zybo Z7 210351B7A98FA' is selected.
17:17:55 INFO  : 'jtag frequency' command is executed.
17:17:55 INFO  : Context for 'APU' is selected.
17:17:55 INFO  : System reset is completed.
17:17:58 INFO  : 'after 3000' command is executed.
17:17:58 INFO  : 'targets -set -filter {jtag_cable_name =~ "Digilent Zybo Z7 210351B7A98FA" && level==0 && jtag_device_ctx=="jsn-Zybo Z7-210351B7A98FA-13722093-0"}' command is executed.
17:18:00 INFO  : Device configured successfully with "C:/LocalWorkspace/EE277_local/EE277_Drive_Dec17_2024/EE277_FinalProject/Impl_1/Vitis/newWorkspace/Zybo-Z7-10-HDMI/_ide/bitstream/design_1_wrapper_sw.bit"
17:18:00 INFO  : Context for 'APU' is selected.
17:18:00 INFO  : Hardware design and registers information is loaded from 'C:/LocalWorkspace/EE277_local/EE277_Drive_Dec17_2024/EE277_FinalProject/Impl_1/Vitis/newWorkspace/design_1_wrapper/export/design_1_wrapper/hw/design_1_wrapper_sw.xsa'.
17:18:00 INFO  : 'configparams force-mem-access 1' command is executed.
17:18:00 INFO  : Context for 'APU' is selected.
17:18:00 INFO  : Sourcing of 'C:/LocalWorkspace/EE277_local/EE277_Drive_Dec17_2024/EE277_FinalProject/Impl_1/Vitis/newWorkspace/Zybo-Z7-10-HDMI/_ide/psinit/ps7_init.tcl' is done.
17:18:00 INFO  : 'ps7_init' command is executed.
17:18:00 INFO  : 'ps7_post_config' command is executed.
17:18:00 INFO  : Context for processor 'ps7_cortexa9_0' is selected.
17:18:00 INFO  : The application 'C:/LocalWorkspace/EE277_local/EE277_Drive_Dec17_2024/EE277_FinalProject/Impl_1/Vitis/newWorkspace/Zybo-Z7-10-HDMI/Debug/Zybo-Z7-10-HDMI.elf' is downloaded to processor 'ps7_cortexa9_0'.
17:18:00 INFO  : 'configparams force-mem-access 0' command is executed.
17:18:00 INFO  : ----------------XSDB Script----------------
connect -url tcp:127.0.0.1:3121
targets -set -nocase -filter {name =~"APU*"}
rst -system
after 3000
targets -set -filter {jtag_cable_name =~ "Digilent Zybo Z7 210351B7A98FA" && level==0 && jtag_device_ctx=="jsn-Zybo Z7-210351B7A98FA-13722093-0"}
fpga -file C:/LocalWorkspace/EE277_local/EE277_Drive_Dec17_2024/EE277_FinalProject/Impl_1/Vitis/newWorkspace/Zybo-Z7-10-HDMI/_ide/bitstream/design_1_wrapper_sw.bit
targets -set -nocase -filter {name =~"APU*"}
loadhw -hw C:/LocalWorkspace/EE277_local/EE277_Drive_Dec17_2024/EE277_FinalProject/Impl_1/Vitis/newWorkspace/design_1_wrapper/export/design_1_wrapper/hw/design_1_wrapper_sw.xsa -mem-ranges [list {0x40000000 0xbfffffff}] -regs
configparams force-mem-access 1
targets -set -nocase -filter {name =~"APU*"}
source C:/LocalWorkspace/EE277_local/EE277_Drive_Dec17_2024/EE277_FinalProject/Impl_1/Vitis/newWorkspace/Zybo-Z7-10-HDMI/_ide/psinit/ps7_init.tcl
ps7_init
ps7_post_config
targets -set -nocase -filter {name =~ "*A9*#0"}
dow C:/LocalWorkspace/EE277_local/EE277_Drive_Dec17_2024/EE277_FinalProject/Impl_1/Vitis/newWorkspace/Zybo-Z7-10-HDMI/Debug/Zybo-Z7-10-HDMI.elf
configparams force-mem-access 0
----------------End of Script----------------

17:18:00 INFO  : Context for processor 'ps7_cortexa9_0' is selected.
17:18:00 INFO  : 'con' command is executed.
17:18:00 INFO  : ----------------XSDB Script (After Launch)----------------
targets -set -nocase -filter {name =~ "*A9*#0"}
con
----------------End of Script----------------

17:18:00 INFO  : Launch script is exported to file 'C:\LocalWorkspace\EE277_local\EE277_Drive_Dec17_2024\EE277_FinalProject\Impl_1\Vitis\newWorkspace\Zybo-Z7-10-HDMI_system\_ide\scripts\debugger_zybo-z7-10-hdmi-default.tcl'
17:26:34 INFO  : Checking for BSP changes to sync application flags for project 'Zybo-Z7-10-HDMI'...
17:27:00 INFO  : Checking for BSP changes to sync application flags for project 'Zybo-Z7-10-HDMI'...
17:27:11 INFO  : Disconnected from the channel tcfchan#28.
17:27:12 INFO  : Connected to target on host '127.0.0.1' and port '3121'.
17:27:12 INFO  : Jtag cable 'Digilent Zybo Z7 210351B7A98FA' is selected.
17:27:12 INFO  : 'jtag frequency' command is executed.
17:27:13 INFO  : Context for 'APU' is selected.
17:27:13 INFO  : System reset is completed.
17:27:16 INFO  : 'after 3000' command is executed.
17:27:16 INFO  : 'targets -set -filter {jtag_cable_name =~ "Digilent Zybo Z7 210351B7A98FA" && level==0 && jtag_device_ctx=="jsn-Zybo Z7-210351B7A98FA-13722093-0"}' command is executed.
17:27:17 INFO  : Device configured successfully with "C:/LocalWorkspace/EE277_local/EE277_Drive_Dec17_2024/EE277_FinalProject/Impl_1/Vitis/newWorkspace/Zybo-Z7-10-HDMI/_ide/bitstream/design_1_wrapper_sw.bit"
17:27:17 INFO  : Context for 'APU' is selected.
17:27:17 INFO  : Hardware design and registers information is loaded from 'C:/LocalWorkspace/EE277_local/EE277_Drive_Dec17_2024/EE277_FinalProject/Impl_1/Vitis/newWorkspace/design_1_wrapper/export/design_1_wrapper/hw/design_1_wrapper_sw.xsa'.
17:27:17 INFO  : 'configparams force-mem-access 1' command is executed.
17:27:17 INFO  : Context for 'APU' is selected.
17:27:17 INFO  : Sourcing of 'C:/LocalWorkspace/EE277_local/EE277_Drive_Dec17_2024/EE277_FinalProject/Impl_1/Vitis/newWorkspace/Zybo-Z7-10-HDMI/_ide/psinit/ps7_init.tcl' is done.
17:27:18 INFO  : 'ps7_init' command is executed.
17:27:18 INFO  : 'ps7_post_config' command is executed.
17:27:18 INFO  : Context for processor 'ps7_cortexa9_0' is selected.
17:27:18 INFO  : The application 'C:/LocalWorkspace/EE277_local/EE277_Drive_Dec17_2024/EE277_FinalProject/Impl_1/Vitis/newWorkspace/Zybo-Z7-10-HDMI/Debug/Zybo-Z7-10-HDMI.elf' is downloaded to processor 'ps7_cortexa9_0'.
17:27:18 INFO  : 'configparams force-mem-access 0' command is executed.
17:27:18 INFO  : ----------------XSDB Script----------------
connect -url tcp:127.0.0.1:3121
targets -set -nocase -filter {name =~"APU*"}
rst -system
after 3000
targets -set -filter {jtag_cable_name =~ "Digilent Zybo Z7 210351B7A98FA" && level==0 && jtag_device_ctx=="jsn-Zybo Z7-210351B7A98FA-13722093-0"}
fpga -file C:/LocalWorkspace/EE277_local/EE277_Drive_Dec17_2024/EE277_FinalProject/Impl_1/Vitis/newWorkspace/Zybo-Z7-10-HDMI/_ide/bitstream/design_1_wrapper_sw.bit
targets -set -nocase -filter {name =~"APU*"}
loadhw -hw C:/LocalWorkspace/EE277_local/EE277_Drive_Dec17_2024/EE277_FinalProject/Impl_1/Vitis/newWorkspace/design_1_wrapper/export/design_1_wrapper/hw/design_1_wrapper_sw.xsa -mem-ranges [list {0x40000000 0xbfffffff}] -regs
configparams force-mem-access 1
targets -set -nocase -filter {name =~"APU*"}
source C:/LocalWorkspace/EE277_local/EE277_Drive_Dec17_2024/EE277_FinalProject/Impl_1/Vitis/newWorkspace/Zybo-Z7-10-HDMI/_ide/psinit/ps7_init.tcl
ps7_init
ps7_post_config
targets -set -nocase -filter {name =~ "*A9*#0"}
dow C:/LocalWorkspace/EE277_local/EE277_Drive_Dec17_2024/EE277_FinalProject/Impl_1/Vitis/newWorkspace/Zybo-Z7-10-HDMI/Debug/Zybo-Z7-10-HDMI.elf
configparams force-mem-access 0
----------------End of Script----------------

17:27:18 INFO  : Context for processor 'ps7_cortexa9_0' is selected.
17:27:18 INFO  : 'con' command is executed.
17:27:18 INFO  : ----------------XSDB Script (After Launch)----------------
targets -set -nocase -filter {name =~ "*A9*#0"}
con
----------------End of Script----------------

17:27:18 INFO  : Launch script is exported to file 'C:\LocalWorkspace\EE277_local\EE277_Drive_Dec17_2024\EE277_FinalProject\Impl_1\Vitis\newWorkspace\Zybo-Z7-10-HDMI_system\_ide\scripts\debugger_zybo-z7-10-hdmi-default.tcl'
17:32:33 INFO  : Checking for BSP changes to sync application flags for project 'Zybo-Z7-10-HDMI'...
17:32:46 INFO  : Disconnected from the channel tcfchan#30.
17:32:47 INFO  : Connected to target on host '127.0.0.1' and port '3121'.
17:32:47 INFO  : Jtag cable 'Digilent Zybo Z7 210351B7A98FA' is selected.
17:32:47 INFO  : 'jtag frequency' command is executed.
17:32:48 INFO  : Context for 'APU' is selected.
17:32:48 INFO  : System reset is completed.
17:32:51 INFO  : 'after 3000' command is executed.
17:32:51 INFO  : 'targets -set -filter {jtag_cable_name =~ "Digilent Zybo Z7 210351B7A98FA" && level==0 && jtag_device_ctx=="jsn-Zybo Z7-210351B7A98FA-13722093-0"}' command is executed.
17:32:52 INFO  : Device configured successfully with "C:/LocalWorkspace/EE277_local/EE277_Drive_Dec17_2024/EE277_FinalProject/Impl_1/Vitis/newWorkspace/Zybo-Z7-10-HDMI/_ide/bitstream/design_1_wrapper_sw.bit"
17:32:52 INFO  : Context for 'APU' is selected.
17:32:52 INFO  : Hardware design and registers information is loaded from 'C:/LocalWorkspace/EE277_local/EE277_Drive_Dec17_2024/EE277_FinalProject/Impl_1/Vitis/newWorkspace/design_1_wrapper/export/design_1_wrapper/hw/design_1_wrapper_sw.xsa'.
17:32:52 INFO  : 'configparams force-mem-access 1' command is executed.
17:32:52 INFO  : Context for 'APU' is selected.
17:32:52 INFO  : Sourcing of 'C:/LocalWorkspace/EE277_local/EE277_Drive_Dec17_2024/EE277_FinalProject/Impl_1/Vitis/newWorkspace/Zybo-Z7-10-HDMI/_ide/psinit/ps7_init.tcl' is done.
17:32:52 INFO  : 'ps7_init' command is executed.
17:32:52 INFO  : 'ps7_post_config' command is executed.
17:32:52 INFO  : Context for processor 'ps7_cortexa9_0' is selected.
17:32:53 INFO  : The application 'C:/LocalWorkspace/EE277_local/EE277_Drive_Dec17_2024/EE277_FinalProject/Impl_1/Vitis/newWorkspace/Zybo-Z7-10-HDMI/Debug/Zybo-Z7-10-HDMI.elf' is downloaded to processor 'ps7_cortexa9_0'.
17:32:53 INFO  : 'configparams force-mem-access 0' command is executed.
17:32:53 INFO  : ----------------XSDB Script----------------
connect -url tcp:127.0.0.1:3121
targets -set -nocase -filter {name =~"APU*"}
rst -system
after 3000
targets -set -filter {jtag_cable_name =~ "Digilent Zybo Z7 210351B7A98FA" && level==0 && jtag_device_ctx=="jsn-Zybo Z7-210351B7A98FA-13722093-0"}
fpga -file C:/LocalWorkspace/EE277_local/EE277_Drive_Dec17_2024/EE277_FinalProject/Impl_1/Vitis/newWorkspace/Zybo-Z7-10-HDMI/_ide/bitstream/design_1_wrapper_sw.bit
targets -set -nocase -filter {name =~"APU*"}
loadhw -hw C:/LocalWorkspace/EE277_local/EE277_Drive_Dec17_2024/EE277_FinalProject/Impl_1/Vitis/newWorkspace/design_1_wrapper/export/design_1_wrapper/hw/design_1_wrapper_sw.xsa -mem-ranges [list {0x40000000 0xbfffffff}] -regs
configparams force-mem-access 1
targets -set -nocase -filter {name =~"APU*"}
source C:/LocalWorkspace/EE277_local/EE277_Drive_Dec17_2024/EE277_FinalProject/Impl_1/Vitis/newWorkspace/Zybo-Z7-10-HDMI/_ide/psinit/ps7_init.tcl
ps7_init
ps7_post_config
targets -set -nocase -filter {name =~ "*A9*#0"}
dow C:/LocalWorkspace/EE277_local/EE277_Drive_Dec17_2024/EE277_FinalProject/Impl_1/Vitis/newWorkspace/Zybo-Z7-10-HDMI/Debug/Zybo-Z7-10-HDMI.elf
configparams force-mem-access 0
----------------End of Script----------------

17:32:53 INFO  : Context for processor 'ps7_cortexa9_0' is selected.
17:32:53 INFO  : 'con' command is executed.
17:32:53 INFO  : ----------------XSDB Script (After Launch)----------------
targets -set -nocase -filter {name =~ "*A9*#0"}
con
----------------End of Script----------------

17:32:53 INFO  : Launch script is exported to file 'C:\LocalWorkspace\EE277_local\EE277_Drive_Dec17_2024\EE277_FinalProject\Impl_1\Vitis\newWorkspace\Zybo-Z7-10-HDMI_system\_ide\scripts\debugger_zybo-z7-10-hdmi-default.tcl'
18:23:33 INFO  : Checking for BSP changes to sync application flags for project 'Zybo-Z7-10-HDMI'...
18:23:45 INFO  : Disconnected from the channel tcfchan#32.
18:23:46 INFO  : Connected to target on host '127.0.0.1' and port '3121'.
18:23:46 INFO  : Jtag cable 'Digilent Zybo Z7 210351B7A98FA' is selected.
18:23:46 INFO  : 'jtag frequency' command is executed.
18:23:46 INFO  : Context for 'APU' is selected.
18:23:46 INFO  : System reset is completed.
18:23:49 INFO  : 'after 3000' command is executed.
18:23:49 INFO  : 'targets -set -filter {jtag_cable_name =~ "Digilent Zybo Z7 210351B7A98FA" && level==0 && jtag_device_ctx=="jsn-Zybo Z7-210351B7A98FA-13722093-0"}' command is executed.
18:23:51 INFO  : Device configured successfully with "C:/LocalWorkspace/EE277_local/EE277_Drive_Dec17_2024/EE277_FinalProject/Impl_1/Vitis/newWorkspace/Zybo-Z7-10-HDMI/_ide/bitstream/design_1_wrapper_sw.bit"
18:23:51 INFO  : Context for 'APU' is selected.
18:23:51 INFO  : Hardware design and registers information is loaded from 'C:/LocalWorkspace/EE277_local/EE277_Drive_Dec17_2024/EE277_FinalProject/Impl_1/Vitis/newWorkspace/design_1_wrapper/export/design_1_wrapper/hw/design_1_wrapper_sw.xsa'.
18:23:51 INFO  : 'configparams force-mem-access 1' command is executed.
18:23:51 INFO  : Context for 'APU' is selected.
18:23:51 INFO  : Sourcing of 'C:/LocalWorkspace/EE277_local/EE277_Drive_Dec17_2024/EE277_FinalProject/Impl_1/Vitis/newWorkspace/Zybo-Z7-10-HDMI/_ide/psinit/ps7_init.tcl' is done.
18:23:51 INFO  : 'ps7_init' command is executed.
18:23:51 INFO  : 'ps7_post_config' command is executed.
18:23:51 INFO  : Context for processor 'ps7_cortexa9_0' is selected.
18:23:51 INFO  : The application 'C:/LocalWorkspace/EE277_local/EE277_Drive_Dec17_2024/EE277_FinalProject/Impl_1/Vitis/newWorkspace/Zybo-Z7-10-HDMI/Debug/Zybo-Z7-10-HDMI.elf' is downloaded to processor 'ps7_cortexa9_0'.
18:23:51 INFO  : 'configparams force-mem-access 0' command is executed.
18:23:51 INFO  : ----------------XSDB Script----------------
connect -url tcp:127.0.0.1:3121
targets -set -nocase -filter {name =~"APU*"}
rst -system
after 3000
targets -set -filter {jtag_cable_name =~ "Digilent Zybo Z7 210351B7A98FA" && level==0 && jtag_device_ctx=="jsn-Zybo Z7-210351B7A98FA-13722093-0"}
fpga -file C:/LocalWorkspace/EE277_local/EE277_Drive_Dec17_2024/EE277_FinalProject/Impl_1/Vitis/newWorkspace/Zybo-Z7-10-HDMI/_ide/bitstream/design_1_wrapper_sw.bit
targets -set -nocase -filter {name =~"APU*"}
loadhw -hw C:/LocalWorkspace/EE277_local/EE277_Drive_Dec17_2024/EE277_FinalProject/Impl_1/Vitis/newWorkspace/design_1_wrapper/export/design_1_wrapper/hw/design_1_wrapper_sw.xsa -mem-ranges [list {0x40000000 0xbfffffff}] -regs
configparams force-mem-access 1
targets -set -nocase -filter {name =~"APU*"}
source C:/LocalWorkspace/EE277_local/EE277_Drive_Dec17_2024/EE277_FinalProject/Impl_1/Vitis/newWorkspace/Zybo-Z7-10-HDMI/_ide/psinit/ps7_init.tcl
ps7_init
ps7_post_config
targets -set -nocase -filter {name =~ "*A9*#0"}
dow C:/LocalWorkspace/EE277_local/EE277_Drive_Dec17_2024/EE277_FinalProject/Impl_1/Vitis/newWorkspace/Zybo-Z7-10-HDMI/Debug/Zybo-Z7-10-HDMI.elf
configparams force-mem-access 0
----------------End of Script----------------

18:23:51 INFO  : Context for processor 'ps7_cortexa9_0' is selected.
18:23:51 INFO  : 'con' command is executed.
18:23:51 INFO  : ----------------XSDB Script (After Launch)----------------
targets -set -nocase -filter {name =~ "*A9*#0"}
con
----------------End of Script----------------

18:23:51 INFO  : Launch script is exported to file 'C:\LocalWorkspace\EE277_local\EE277_Drive_Dec17_2024\EE277_FinalProject\Impl_1\Vitis\newWorkspace\Zybo-Z7-10-HDMI_system\_ide\scripts\debugger_zybo-z7-10-hdmi-default.tcl'
20:33:52 INFO  : Disconnected from the channel tcfchan#34.
20:51:09 DEBUG : Logs will be stored at 'C:/LocalWorkspace/EE277_local/EE277_Drive_Dec17_2024/EE277_FinalProject/Impl_1/Vitis/newWorkspace/IDE.log'.
20:51:10 INFO  : Launching XSCT server: xsct.bat -n  -interactive C:\LocalWorkspace\EE277_local\EE277_Drive_Dec17_2024\EE277_FinalProject\Impl_1\Vitis\newWorkspace\temp_xsdb_launch_script.tcl
20:51:13 INFO  : Registering command handlers for Vitis TCF services
20:51:14 INFO  : Platform repository initialization has completed.
20:51:14 INFO  : XSCT server has started successfully.
20:51:17 INFO  : plnx-install-location is set to ''
20:51:17 INFO  : Successfully done setting XSCT server connection channel  
20:51:17 INFO  : Successfully done query RDI_DATADIR 
20:51:17 INFO  : Successfully done setting workspace for the tool. 
21:01:16 INFO  : Checking for BSP changes to sync application flags for project 'Zybo-Z7-10-HDMI'...
21:01:23 ERROR : (XSDB Server)ERROR: [Hsi 55-1571] The design file C:/LocalWorkspace/EE277_local/EE277_Drive_Dec17_2024/EE277_FinalProject/Impl_1/Vitis/newWorkspace/design_1_wrapper/export/design_1_wrapper/hw/design_1_wrapper_sw.xsa is already opened

21:01:38 INFO  : Connected to target on host '127.0.0.1' and port '3121'.
21:01:39 INFO  : Jtag cable 'Digilent Zybo Z7 210351B7A98FA' is selected.
21:01:39 INFO  : 'jtag frequency' command is executed.
21:01:39 INFO  : Context for 'APU' is selected.
21:01:39 INFO  : System reset is completed.
21:01:42 INFO  : 'after 3000' command is executed.
21:01:42 INFO  : 'targets -set -filter {jtag_cable_name =~ "Digilent Zybo Z7 210351B7A98FA" && level==0 && jtag_device_ctx=="jsn-Zybo Z7-210351B7A98FA-13722093-0"}' command is executed.
21:01:43 INFO  : Device configured successfully with "C:/LocalWorkspace/EE277_local/EE277_Drive_Dec17_2024/EE277_FinalProject/Impl_1/Vitis/newWorkspace/Zybo-Z7-10-HDMI/_ide/bitstream/design_1_wrapper_sw.bit"
21:01:43 INFO  : Context for 'APU' is selected.
21:01:43 INFO  : Hardware design and registers information is loaded from 'C:/LocalWorkspace/EE277_local/EE277_Drive_Dec17_2024/EE277_FinalProject/Impl_1/Vitis/newWorkspace/design_1_wrapper/export/design_1_wrapper/hw/design_1_wrapper_sw.xsa'.
21:01:43 INFO  : 'configparams force-mem-access 1' command is executed.
21:01:43 INFO  : Context for 'APU' is selected.
21:01:43 INFO  : Sourcing of 'C:/LocalWorkspace/EE277_local/EE277_Drive_Dec17_2024/EE277_FinalProject/Impl_1/Vitis/newWorkspace/Zybo-Z7-10-HDMI/_ide/psinit/ps7_init.tcl' is done.
21:01:44 INFO  : 'ps7_init' command is executed.
21:01:44 INFO  : 'ps7_post_config' command is executed.
21:01:44 INFO  : Context for processor 'ps7_cortexa9_0' is selected.
21:01:44 INFO  : The application 'C:/LocalWorkspace/EE277_local/EE277_Drive_Dec17_2024/EE277_FinalProject/Impl_1/Vitis/newWorkspace/Zybo-Z7-10-HDMI/Debug/Zybo-Z7-10-HDMI.elf' is downloaded to processor 'ps7_cortexa9_0'.
21:01:44 INFO  : 'configparams force-mem-access 0' command is executed.
21:01:44 INFO  : ----------------XSDB Script----------------
connect -url tcp:127.0.0.1:3121
targets -set -nocase -filter {name =~"APU*"}
rst -system
after 3000
targets -set -filter {jtag_cable_name =~ "Digilent Zybo Z7 210351B7A98FA" && level==0 && jtag_device_ctx=="jsn-Zybo Z7-210351B7A98FA-13722093-0"}
fpga -file C:/LocalWorkspace/EE277_local/EE277_Drive_Dec17_2024/EE277_FinalProject/Impl_1/Vitis/newWorkspace/Zybo-Z7-10-HDMI/_ide/bitstream/design_1_wrapper_sw.bit
targets -set -nocase -filter {name =~"APU*"}
loadhw -hw C:/LocalWorkspace/EE277_local/EE277_Drive_Dec17_2024/EE277_FinalProject/Impl_1/Vitis/newWorkspace/design_1_wrapper/export/design_1_wrapper/hw/design_1_wrapper_sw.xsa -mem-ranges [list {0x40000000 0xbfffffff}] -regs
configparams force-mem-access 1
targets -set -nocase -filter {name =~"APU*"}
source C:/LocalWorkspace/EE277_local/EE277_Drive_Dec17_2024/EE277_FinalProject/Impl_1/Vitis/newWorkspace/Zybo-Z7-10-HDMI/_ide/psinit/ps7_init.tcl
ps7_init
ps7_post_config
targets -set -nocase -filter {name =~ "*A9*#0"}
dow C:/LocalWorkspace/EE277_local/EE277_Drive_Dec17_2024/EE277_FinalProject/Impl_1/Vitis/newWorkspace/Zybo-Z7-10-HDMI/Debug/Zybo-Z7-10-HDMI.elf
configparams force-mem-access 0
----------------End of Script----------------

21:01:44 INFO  : Context for processor 'ps7_cortexa9_0' is selected.
21:01:44 INFO  : 'con' command is executed.
21:01:44 INFO  : ----------------XSDB Script (After Launch)----------------
targets -set -nocase -filter {name =~ "*A9*#0"}
con
----------------End of Script----------------

21:01:44 INFO  : Launch script is exported to file 'C:\LocalWorkspace\EE277_local\EE277_Drive_Dec17_2024\EE277_FinalProject\Impl_1\Vitis\newWorkspace\Zybo-Z7-10-HDMI_system\_ide\scripts\debugger_zybo-z7-10-hdmi-default.tcl'
21:05:24 INFO  : Checking for BSP changes to sync application flags for project 'Zybo-Z7-10-HDMI'...
21:05:38 INFO  : Checking for BSP changes to sync application flags for project 'Zybo-Z7-10-HDMI'...
21:06:11 INFO  : Checking for BSP changes to sync application flags for project 'Zybo-Z7-10-HDMI'...
21:06:35 INFO  : Checking for BSP changes to sync application flags for project 'Zybo-Z7-10-HDMI'...
21:06:57 INFO  : Checking for BSP changes to sync application flags for project 'Zybo-Z7-10-HDMI'...
21:07:05 INFO  : Checking for BSP changes to sync application flags for project 'Zybo-Z7-10-HDMI'...
21:07:08 ERROR : (XSDB Server)ERROR: [Hsi 55-1571] The design file C:/LocalWorkspace/EE277_local/EE277_Drive_Dec17_2024/EE277_FinalProject/Impl_1/Vitis/newWorkspace/design_1_wrapper/export/design_1_wrapper/hw/design_1_wrapper_sw.xsa is already opened

21:12:07 INFO  : Disconnected from the channel tcfchan#2.
21:12:08 INFO  : Connected to target on host '127.0.0.1' and port '3121'.
21:12:08 INFO  : Jtag cable 'Digilent Zybo Z7 210351B7A98FA' is selected.
21:12:08 INFO  : 'jtag frequency' command is executed.
21:12:08 INFO  : Context for 'APU' is selected.
21:12:08 INFO  : System reset is completed.
21:12:11 INFO  : 'after 3000' command is executed.
21:12:12 INFO  : 'targets -set -filter {jtag_cable_name =~ "Digilent Zybo Z7 210351B7A98FA" && level==0 && jtag_device_ctx=="jsn-Zybo Z7-210351B7A98FA-13722093-0"}' command is executed.
21:12:13 INFO  : Device configured successfully with "C:/LocalWorkspace/EE277_local/EE277_Drive_Dec17_2024/EE277_FinalProject/Impl_1/Vitis/newWorkspace/Zybo-Z7-10-HDMI/_ide/bitstream/design_1_wrapper_sw.bit"
21:12:13 INFO  : Context for 'APU' is selected.
21:12:16 INFO  : Hardware design and registers information is loaded from 'C:/LocalWorkspace/EE277_local/EE277_Drive_Dec17_2024/EE277_FinalProject/Impl_1/Vitis/newWorkspace/design_1_wrapper/export/design_1_wrapper/hw/design_1_wrapper_sw.xsa'.
21:12:16 INFO  : 'configparams force-mem-access 1' command is executed.
21:12:16 INFO  : Context for 'APU' is selected.
21:12:16 INFO  : Sourcing of 'C:/LocalWorkspace/EE277_local/EE277_Drive_Dec17_2024/EE277_FinalProject/Impl_1/Vitis/newWorkspace/Zybo-Z7-10-HDMI/_ide/psinit/ps7_init.tcl' is done.
21:12:16 INFO  : 'ps7_init' command is executed.
21:12:16 INFO  : 'ps7_post_config' command is executed.
21:12:16 INFO  : Context for processor 'ps7_cortexa9_0' is selected.
21:12:17 INFO  : The application 'C:/LocalWorkspace/EE277_local/EE277_Drive_Dec17_2024/EE277_FinalProject/Impl_1/Vitis/newWorkspace/Zybo-Z7-10-HDMI/Debug/Zybo-Z7-10-HDMI.elf' is downloaded to processor 'ps7_cortexa9_0'.
21:12:17 INFO  : 'configparams force-mem-access 0' command is executed.
21:12:17 INFO  : ----------------XSDB Script----------------
connect -url tcp:127.0.0.1:3121
targets -set -nocase -filter {name =~"APU*"}
rst -system
after 3000
targets -set -filter {jtag_cable_name =~ "Digilent Zybo Z7 210351B7A98FA" && level==0 && jtag_device_ctx=="jsn-Zybo Z7-210351B7A98FA-13722093-0"}
fpga -file C:/LocalWorkspace/EE277_local/EE277_Drive_Dec17_2024/EE277_FinalProject/Impl_1/Vitis/newWorkspace/Zybo-Z7-10-HDMI/_ide/bitstream/design_1_wrapper_sw.bit
targets -set -nocase -filter {name =~"APU*"}
loadhw -hw C:/LocalWorkspace/EE277_local/EE277_Drive_Dec17_2024/EE277_FinalProject/Impl_1/Vitis/newWorkspace/design_1_wrapper/export/design_1_wrapper/hw/design_1_wrapper_sw.xsa -mem-ranges [list {0x40000000 0xbfffffff}] -regs
configparams force-mem-access 1
targets -set -nocase -filter {name =~"APU*"}
source C:/LocalWorkspace/EE277_local/EE277_Drive_Dec17_2024/EE277_FinalProject/Impl_1/Vitis/newWorkspace/Zybo-Z7-10-HDMI/_ide/psinit/ps7_init.tcl
ps7_init
ps7_post_config
targets -set -nocase -filter {name =~ "*A9*#0"}
dow C:/LocalWorkspace/EE277_local/EE277_Drive_Dec17_2024/EE277_FinalProject/Impl_1/Vitis/newWorkspace/Zybo-Z7-10-HDMI/Debug/Zybo-Z7-10-HDMI.elf
configparams force-mem-access 0
----------------End of Script----------------

21:12:17 INFO  : Context for processor 'ps7_cortexa9_0' is selected.
21:12:17 INFO  : 'con' command is executed.
21:12:17 INFO  : ----------------XSDB Script (After Launch)----------------
targets -set -nocase -filter {name =~ "*A9*#0"}
con
----------------End of Script----------------

21:12:17 INFO  : Launch script is exported to file 'C:\LocalWorkspace\EE277_local\EE277_Drive_Dec17_2024\EE277_FinalProject\Impl_1\Vitis\newWorkspace\Zybo-Z7-10-HDMI_system\_ide\scripts\debugger_zybo-z7-10-hdmi-default.tcl'
21:32:53 INFO  : Checking for BSP changes to sync application flags for project 'Zybo-Z7-10-HDMI'...
21:33:00 INFO  : Checking for BSP changes to sync application flags for project 'Zybo-Z7-10-HDMI'...
21:33:54 INFO  : Checking for BSP changes to sync application flags for project 'Zybo-Z7-10-HDMI'...
21:35:14 INFO  : Checking for BSP changes to sync application flags for project 'Zybo-Z7-10-HDMI'...
21:35:17 ERROR : (XSDB Server)ERROR: [Hsi 55-1571] The design file C:/LocalWorkspace/EE277_local/EE277_Drive_Dec17_2024/EE277_FinalProject/Impl_1/Vitis/newWorkspace/design_1_wrapper/export/design_1_wrapper/hw/design_1_wrapper_sw.xsa is already opened

21:35:24 INFO  : Disconnected from the channel tcfchan#4.
21:35:25 INFO  : Connected to target on host '127.0.0.1' and port '3121'.
21:35:25 INFO  : Jtag cable 'Digilent Zybo Z7 210351B7A98FA' is selected.
21:35:25 INFO  : 'jtag frequency' command is executed.
21:35:25 INFO  : Context for 'APU' is selected.
21:35:25 INFO  : System reset is completed.
21:35:28 INFO  : 'after 3000' command is executed.
21:35:28 INFO  : 'targets -set -filter {jtag_cable_name =~ "Digilent Zybo Z7 210351B7A98FA" && level==0 && jtag_device_ctx=="jsn-Zybo Z7-210351B7A98FA-13722093-0"}' command is executed.
21:35:30 INFO  : Device configured successfully with "C:/LocalWorkspace/EE277_local/EE277_Drive_Dec17_2024/EE277_FinalProject/Impl_1/Vitis/newWorkspace/Zybo-Z7-10-HDMI/_ide/bitstream/design_1_wrapper_sw.bit"
21:35:30 INFO  : Context for 'APU' is selected.
21:35:32 INFO  : Hardware design and registers information is loaded from 'C:/LocalWorkspace/EE277_local/EE277_Drive_Dec17_2024/EE277_FinalProject/Impl_1/Vitis/newWorkspace/design_1_wrapper/export/design_1_wrapper/hw/design_1_wrapper_sw.xsa'.
21:35:32 INFO  : 'configparams force-mem-access 1' command is executed.
21:35:32 INFO  : Context for 'APU' is selected.
21:35:32 INFO  : Sourcing of 'C:/LocalWorkspace/EE277_local/EE277_Drive_Dec17_2024/EE277_FinalProject/Impl_1/Vitis/newWorkspace/Zybo-Z7-10-HDMI/_ide/psinit/ps7_init.tcl' is done.
21:35:32 INFO  : 'ps7_init' command is executed.
21:35:32 INFO  : 'ps7_post_config' command is executed.
21:35:32 INFO  : Context for processor 'ps7_cortexa9_0' is selected.
21:35:33 INFO  : The application 'C:/LocalWorkspace/EE277_local/EE277_Drive_Dec17_2024/EE277_FinalProject/Impl_1/Vitis/newWorkspace/Zybo-Z7-10-HDMI/Debug/Zybo-Z7-10-HDMI.elf' is downloaded to processor 'ps7_cortexa9_0'.
21:35:33 INFO  : 'configparams force-mem-access 0' command is executed.
21:35:33 INFO  : ----------------XSDB Script----------------
connect -url tcp:127.0.0.1:3121
targets -set -nocase -filter {name =~"APU*"}
rst -system
after 3000
targets -set -filter {jtag_cable_name =~ "Digilent Zybo Z7 210351B7A98FA" && level==0 && jtag_device_ctx=="jsn-Zybo Z7-210351B7A98FA-13722093-0"}
fpga -file C:/LocalWorkspace/EE277_local/EE277_Drive_Dec17_2024/EE277_FinalProject/Impl_1/Vitis/newWorkspace/Zybo-Z7-10-HDMI/_ide/bitstream/design_1_wrapper_sw.bit
targets -set -nocase -filter {name =~"APU*"}
loadhw -hw C:/LocalWorkspace/EE277_local/EE277_Drive_Dec17_2024/EE277_FinalProject/Impl_1/Vitis/newWorkspace/design_1_wrapper/export/design_1_wrapper/hw/design_1_wrapper_sw.xsa -mem-ranges [list {0x40000000 0xbfffffff}] -regs
configparams force-mem-access 1
targets -set -nocase -filter {name =~"APU*"}
source C:/LocalWorkspace/EE277_local/EE277_Drive_Dec17_2024/EE277_FinalProject/Impl_1/Vitis/newWorkspace/Zybo-Z7-10-HDMI/_ide/psinit/ps7_init.tcl
ps7_init
ps7_post_config
targets -set -nocase -filter {name =~ "*A9*#0"}
dow C:/LocalWorkspace/EE277_local/EE277_Drive_Dec17_2024/EE277_FinalProject/Impl_1/Vitis/newWorkspace/Zybo-Z7-10-HDMI/Debug/Zybo-Z7-10-HDMI.elf
configparams force-mem-access 0
----------------End of Script----------------

21:35:33 INFO  : Context for processor 'ps7_cortexa9_0' is selected.
21:35:33 INFO  : 'con' command is executed.
21:35:33 INFO  : ----------------XSDB Script (After Launch)----------------
targets -set -nocase -filter {name =~ "*A9*#0"}
con
----------------End of Script----------------

21:35:33 INFO  : Launch script is exported to file 'C:\LocalWorkspace\EE277_local\EE277_Drive_Dec17_2024\EE277_FinalProject\Impl_1\Vitis\newWorkspace\Zybo-Z7-10-HDMI_system\_ide\scripts\debugger_zybo-z7-10-hdmi-default.tcl'
21:36:38 INFO  : Disconnected from the channel tcfchan#6.
