
*** Running vivado
    with args -log design_1_axis_subset_converter_in_0.vds -m64 -product Vivado -mode batch -messageDb vivado.pb -notrace -source design_1_axis_subset_converter_in_0.tcl



****** Vivado v2021.1 (64-bit)
  **** SW Build 3247384 on Thu Jun 10 19:36:33 MDT 2021
  **** IP Build 3246043 on Fri Jun 11 00:30:35 MDT 2021
    ** Copyright 1986-2021 Xilinx, Inc. All Rights Reserved.

source design_1_axis_subset_converter_in_0.tcl -notrace
INFO: [IP_Flow 19-234] Refreshing IP repositories
INFO: [IP_Flow 19-1700] Loaded user IP repository 'd:/WorkRaduV/Projects/Zybo-Z7/hw/repo'.
INFO: [IP_Flow 19-2313] Loaded Vivado IP repository 'C:/Xilinx/Vivado/2021.1/data/ip'.
Command: synth_design -top design_1_axis_subset_converter_in_0 -part xc7z010clg400-1 -mode out_of_context
Starting synth_design
Attempting to get a license for feature 'Synthesis' and/or device 'xc7z010'
INFO: [Common 17-349] Got license for feature 'Synthesis' and/or device 'xc7z010'
INFO: [Device 21-403] Loading part xc7z010clg400-1
INFO: [Synth 8-7079] Multithreading enabled for synth_design using a maximum of 2 processes.
INFO: [Synth 8-7078] Launching helper process for spawning children vivado processes
INFO: [Synth 8-7075] Helper process launched with PID 264288
---------------------------------------------------------------------------------
Starting RTL Elaboration : Time (s): cpu = 00:00:05 ; elapsed = 00:00:05 . Memory (MB): peak = 1257.582 ; gain = 0.000
---------------------------------------------------------------------------------
INFO: [Synth 8-6157] synthesizing module 'design_1_axis_subset_converter_in_0' [d:/WorkRaduV/Projects/Zybo-Z7/hw/proj/hw.gen/sources_1/bd/design_1/ip/design_1_axis_subset_converter_in_0/synth/design_1_axis_subset_converter_in_0.v:58]
INFO: [Synth 8-6157] synthesizing module 'top_design_1_axis_subset_converter_in_0' [d:/WorkRaduV/Projects/Zybo-Z7/hw/proj/hw.gen/sources_1/bd/design_1/ip/design_1_axis_subset_converter_in_0/hdl/top_design_1_axis_subset_converter_in_0.v:60]
INFO: [Synth 8-6157] synthesizing module 'axis_subset_converter_v1_1_24_core' [d:/WorkRaduV/Projects/Zybo-Z7/hw/proj/hw.gen/sources_1/bd/design_1/ipshared/cdd1/hdl/axis_subset_converter_v1_1_vl_rfs.v:62]
INFO: [Synth 8-6155] done synthesizing module 'axis_subset_converter_v1_1_24_core' (1#1) [d:/WorkRaduV/Projects/Zybo-Z7/hw/proj/hw.gen/sources_1/bd/design_1/ipshared/cdd1/hdl/axis_subset_converter_v1_1_vl_rfs.v:62]
INFO: [Synth 8-6157] synthesizing module 'tdata_design_1_axis_subset_converter_in_0' [d:/WorkRaduV/Projects/Zybo-Z7/hw/proj/hw.gen/sources_1/bd/design_1/ip/design_1_axis_subset_converter_in_0/hdl/tdata_design_1_axis_subset_converter_in_0.v:48]
INFO: [Synth 8-6155] done synthesizing module 'tdata_design_1_axis_subset_converter_in_0' (2#1) [d:/WorkRaduV/Projects/Zybo-Z7/hw/proj/hw.gen/sources_1/bd/design_1/ip/design_1_axis_subset_converter_in_0/hdl/tdata_design_1_axis_subset_converter_in_0.v:48]
INFO: [Synth 8-6157] synthesizing module 'tuser_design_1_axis_subset_converter_in_0' [d:/WorkRaduV/Projects/Zybo-Z7/hw/proj/hw.gen/sources_1/bd/design_1/ip/design_1_axis_subset_converter_in_0/hdl/tuser_design_1_axis_subset_converter_in_0.v:48]
INFO: [Synth 8-6155] done synthesizing module 'tuser_design_1_axis_subset_converter_in_0' (3#1) [d:/WorkRaduV/Projects/Zybo-Z7/hw/proj/hw.gen/sources_1/bd/design_1/ip/design_1_axis_subset_converter_in_0/hdl/tuser_design_1_axis_subset_converter_in_0.v:48]
INFO: [Synth 8-6157] synthesizing module 'tid_design_1_axis_subset_converter_in_0' [d:/WorkRaduV/Projects/Zybo-Z7/hw/proj/hw.gen/sources_1/bd/design_1/ip/design_1_axis_subset_converter_in_0/hdl/tid_design_1_axis_subset_converter_in_0.v:48]
INFO: [Synth 8-6155] done synthesizing module 'tid_design_1_axis_subset_converter_in_0' (4#1) [d:/WorkRaduV/Projects/Zybo-Z7/hw/proj/hw.gen/sources_1/bd/design_1/ip/design_1_axis_subset_converter_in_0/hdl/tid_design_1_axis_subset_converter_in_0.v:48]
INFO: [Synth 8-6157] synthesizing module 'tdest_design_1_axis_subset_converter_in_0' [d:/WorkRaduV/Projects/Zybo-Z7/hw/proj/hw.gen/sources_1/bd/design_1/ip/design_1_axis_subset_converter_in_0/hdl/tdest_design_1_axis_subset_converter_in_0.v:48]
INFO: [Synth 8-6155] done synthesizing module 'tdest_design_1_axis_subset_converter_in_0' (5#1) [d:/WorkRaduV/Projects/Zybo-Z7/hw/proj/hw.gen/sources_1/bd/design_1/ip/design_1_axis_subset_converter_in_0/hdl/tdest_design_1_axis_subset_converter_in_0.v:48]
INFO: [Synth 8-6157] synthesizing module 'tstrb_design_1_axis_subset_converter_in_0' [d:/WorkRaduV/Projects/Zybo-Z7/hw/proj/hw.gen/sources_1/bd/design_1/ip/design_1_axis_subset_converter_in_0/hdl/tstrb_design_1_axis_subset_converter_in_0.v:48]
INFO: [Synth 8-6155] done synthesizing module 'tstrb_design_1_axis_subset_converter_in_0' (6#1) [d:/WorkRaduV/Projects/Zybo-Z7/hw/proj/hw.gen/sources_1/bd/design_1/ip/design_1_axis_subset_converter_in_0/hdl/tstrb_design_1_axis_subset_converter_in_0.v:48]
INFO: [Synth 8-6157] synthesizing module 'tkeep_design_1_axis_subset_converter_in_0' [d:/WorkRaduV/Projects/Zybo-Z7/hw/proj/hw.gen/sources_1/bd/design_1/ip/design_1_axis_subset_converter_in_0/hdl/tkeep_design_1_axis_subset_converter_in_0.v:48]
INFO: [Synth 8-6155] done synthesizing module 'tkeep_design_1_axis_subset_converter_in_0' (7#1) [d:/WorkRaduV/Projects/Zybo-Z7/hw/proj/hw.gen/sources_1/bd/design_1/ip/design_1_axis_subset_converter_in_0/hdl/tkeep_design_1_axis_subset_converter_in_0.v:48]
INFO: [Synth 8-6157] synthesizing module 'tlast_design_1_axis_subset_converter_in_0' [d:/WorkRaduV/Projects/Zybo-Z7/hw/proj/hw.gen/sources_1/bd/design_1/ip/design_1_axis_subset_converter_in_0/hdl/tlast_design_1_axis_subset_converter_in_0.v:48]
INFO: [Synth 8-6155] done synthesizing module 'tlast_design_1_axis_subset_converter_in_0' (8#1) [d:/WorkRaduV/Projects/Zybo-Z7/hw/proj/hw.gen/sources_1/bd/design_1/ip/design_1_axis_subset_converter_in_0/hdl/tlast_design_1_axis_subset_converter_in_0.v:48]
INFO: [Synth 8-6155] done synthesizing module 'top_design_1_axis_subset_converter_in_0' (9#1) [d:/WorkRaduV/Projects/Zybo-Z7/hw/proj/hw.gen/sources_1/bd/design_1/ip/design_1_axis_subset_converter_in_0/hdl/top_design_1_axis_subset_converter_in_0.v:60]
INFO: [Synth 8-6155] done synthesizing module 'design_1_axis_subset_converter_in_0' (10#1) [d:/WorkRaduV/Projects/Zybo-Z7/hw/proj/hw.gen/sources_1/bd/design_1/ip/design_1_axis_subset_converter_in_0/synth/design_1_axis_subset_converter_in_0.v:58]
---------------------------------------------------------------------------------
Finished RTL Elaboration : Time (s): cpu = 00:00:06 ; elapsed = 00:00:07 . Memory (MB): peak = 1257.582 ; gain = 0.000
---------------------------------------------------------------------------------
---------------------------------------------------------------------------------
Start Handling Custom Attributes
---------------------------------------------------------------------------------
---------------------------------------------------------------------------------
Finished Handling Custom Attributes : Time (s): cpu = 00:00:07 ; elapsed = 00:00:07 . Memory (MB): peak = 1257.582 ; gain = 0.000
---------------------------------------------------------------------------------
---------------------------------------------------------------------------------
Finished RTL Optimization Phase 1 : Time (s): cpu = 00:00:07 ; elapsed = 00:00:07 . Memory (MB): peak = 1257.582 ; gain = 0.000
---------------------------------------------------------------------------------
Netlist sorting complete. Time (s): cpu = 00:00:00 ; elapsed = 00:00:00.004 . Memory (MB): peak = 1257.582 ; gain = 0.000
INFO: [Project 1-570] Preparing netlist for logic optimization

Processing XDC Constraints
Initializing timing engine
Parsing XDC File [d:/WorkRaduV/Projects/Zybo-Z7/hw/proj/hw.gen/sources_1/bd/design_1/ip/design_1_axis_subset_converter_in_0/design_1_axis_subset_converter_in_0_ooc.xdc] for cell 'inst'
Finished Parsing XDC File [d:/WorkRaduV/Projects/Zybo-Z7/hw/proj/hw.gen/sources_1/bd/design_1/ip/design_1_axis_subset_converter_in_0/design_1_axis_subset_converter_in_0_ooc.xdc] for cell 'inst'
Parsing XDC File [D:/WorkRaduV/Projects/Zybo-Z7/hw/proj/hw.runs/design_1_axis_subset_converter_in_0_synth_1/dont_touch.xdc]
Finished Parsing XDC File [D:/WorkRaduV/Projects/Zybo-Z7/hw/proj/hw.runs/design_1_axis_subset_converter_in_0_synth_1/dont_touch.xdc]
Completed Processing XDC Constraints

Netlist sorting complete. Time (s): cpu = 00:00:00 ; elapsed = 00:00:00 . Memory (MB): peak = 1257.582 ; gain = 0.000
INFO: [Project 1-111] Unisim Transformation Summary:
No Unisim elements were transformed.

Constraint Validation Runtime : Time (s): cpu = 00:00:00 ; elapsed = 00:00:00.036 . Memory (MB): peak = 1257.582 ; gain = 0.000
---------------------------------------------------------------------------------
Finished Constraint Validation : Time (s): cpu = 00:00:17 ; elapsed = 00:00:18 . Memory (MB): peak = 1257.582 ; gain = 0.000
---------------------------------------------------------------------------------
---------------------------------------------------------------------------------
Start Loading Part and Timing Information
---------------------------------------------------------------------------------
Loading part: xc7z010clg400-1
---------------------------------------------------------------------------------
Finished Loading Part and Timing Information : Time (s): cpu = 00:00:17 ; elapsed = 00:00:18 . Memory (MB): peak = 1257.582 ; gain = 0.000
---------------------------------------------------------------------------------
---------------------------------------------------------------------------------
Start Applying 'set_property' XDC Constraints
---------------------------------------------------------------------------------
Applied set_property KEEP_HIERARCHY = SOFT for inst. (constraint file  D:/WorkRaduV/Projects/Zybo-Z7/hw/proj/hw.runs/design_1_axis_subset_converter_in_0_synth_1/dont_touch.xdc, line 9).
---------------------------------------------------------------------------------
Finished applying 'set_property' XDC Constraints : Time (s): cpu = 00:00:17 ; elapsed = 00:00:18 . Memory (MB): peak = 1257.582 ; gain = 0.000
---------------------------------------------------------------------------------
---------------------------------------------------------------------------------
Finished RTL Optimization Phase 2 : Time (s): cpu = 00:00:17 ; elapsed = 00:00:18 . Memory (MB): peak = 1257.582 ; gain = 0.000
---------------------------------------------------------------------------------
---------------------------------------------------------------------------------
Start RTL Component Statistics 
---------------------------------------------------------------------------------
Detailed RTL Component Info : 
---------------------------------------------------------------------------------
Finished RTL Component Statistics 
---------------------------------------------------------------------------------
---------------------------------------------------------------------------------
Start Part Resource Summary
---------------------------------------------------------------------------------
Part Resources:
DSPs: 80 (col length:40)
BRAMs: 120 (col length: RAMB18 40 RAMB36 20)
---------------------------------------------------------------------------------
Finished Part Resource Summary
---------------------------------------------------------------------------------
---------------------------------------------------------------------------------
Start Cross Boundary and Area Optimization
---------------------------------------------------------------------------------
---------------------------------------------------------------------------------
Finished Cross Boundary and Area Optimization : Time (s): cpu = 00:00:19 ; elapsed = 00:00:20 . Memory (MB): peak = 1257.582 ; gain = 0.000
---------------------------------------------------------------------------------
---------------------------------------------------------------------------------
Start Applying XDC Timing Constraints
---------------------------------------------------------------------------------
---------------------------------------------------------------------------------
Finished Applying XDC Timing Constraints : Time (s): cpu = 00:00:27 ; elapsed = 00:00:27 . Memory (MB): peak = 1266.066 ; gain = 8.484
---------------------------------------------------------------------------------
---------------------------------------------------------------------------------
Start Timing Optimization
---------------------------------------------------------------------------------
---------------------------------------------------------------------------------
Finished Timing Optimization : Time (s): cpu = 00:00:27 ; elapsed = 00:00:27 . Memory (MB): peak = 1266.066 ; gain = 8.484
---------------------------------------------------------------------------------
---------------------------------------------------------------------------------
Start Technology Mapping
---------------------------------------------------------------------------------
---------------------------------------------------------------------------------
Finished Technology Mapping : Time (s): cpu = 00:00:27 ; elapsed = 00:00:27 . Memory (MB): peak = 1285.184 ; gain = 27.602
---------------------------------------------------------------------------------
---------------------------------------------------------------------------------
Start IO Insertion
---------------------------------------------------------------------------------
---------------------------------------------------------------------------------
Start Flattening Before IO Insertion
---------------------------------------------------------------------------------
---------------------------------------------------------------------------------
Finished Flattening Before IO Insertion
---------------------------------------------------------------------------------
---------------------------------------------------------------------------------
Start Final Netlist Cleanup
---------------------------------------------------------------------------------
---------------------------------------------------------------------------------
Finished Final Netlist Cleanup
---------------------------------------------------------------------------------
---------------------------------------------------------------------------------
Finished IO Insertion : Time (s): cpu = 00:00:31 ; elapsed = 00:00:32 . Memory (MB): peak = 1290.918 ; gain = 33.336
---------------------------------------------------------------------------------
---------------------------------------------------------------------------------
Start Renaming Generated Instances
---------------------------------------------------------------------------------
---------------------------------------------------------------------------------
Finished Renaming Generated Instances : Time (s): cpu = 00:00:31 ; elapsed = 00:00:32 . Memory (MB): peak = 1290.918 ; gain = 33.336
---------------------------------------------------------------------------------
---------------------------------------------------------------------------------
Start Rebuilding User Hierarchy
---------------------------------------------------------------------------------
---------------------------------------------------------------------------------
Finished Rebuilding User Hierarchy : Time (s): cpu = 00:00:31 ; elapsed = 00:00:32 . Memory (MB): peak = 1290.918 ; gain = 33.336
---------------------------------------------------------------------------------
---------------------------------------------------------------------------------
Start Renaming Generated Ports
---------------------------------------------------------------------------------
---------------------------------------------------------------------------------
Finished Renaming Generated Ports : Time (s): cpu = 00:00:31 ; elapsed = 00:00:32 . Memory (MB): peak = 1290.918 ; gain = 33.336
---------------------------------------------------------------------------------
---------------------------------------------------------------------------------
Start Handling Custom Attributes
---------------------------------------------------------------------------------
---------------------------------------------------------------------------------
Finished Handling Custom Attributes : Time (s): cpu = 00:00:31 ; elapsed = 00:00:32 . Memory (MB): peak = 1290.918 ; gain = 33.336
---------------------------------------------------------------------------------
---------------------------------------------------------------------------------
Start Renaming Generated Nets
---------------------------------------------------------------------------------
---------------------------------------------------------------------------------
Finished Renaming Generated Nets : Time (s): cpu = 00:00:31 ; elapsed = 00:00:32 . Memory (MB): peak = 1290.918 ; gain = 33.336
---------------------------------------------------------------------------------
---------------------------------------------------------------------------------
Start Writing Synthesis Report
---------------------------------------------------------------------------------

Report BlackBoxes: 
+-+--------------+----------+
| |BlackBox name |Instances |
+-+--------------+----------+
+-+--------------+----------+

Report Cell Usage: 
+-+-----+------+
| |Cell |Count |
+-+-----+------+
+-+-----+------+
---------------------------------------------------------------------------------
Finished Writing Synthesis Report : Time (s): cpu = 00:00:31 ; elapsed = 00:00:32 . Memory (MB): peak = 1290.918 ; gain = 33.336
---------------------------------------------------------------------------------
Synthesis finished with 0 errors, 0 critical warnings and 0 warnings.
Synthesis Optimization Runtime : Time (s): cpu = 00:00:21 ; elapsed = 00:00:29 . Memory (MB): peak = 1290.918 ; gain = 33.336
Synthesis Optimization Complete : Time (s): cpu = 00:00:31 ; elapsed = 00:00:32 . Memory (MB): peak = 1290.918 ; gain = 33.336
INFO: [Project 1-571] Translating synthesized netlist
Netlist sorting complete. Time (s): cpu = 00:00:00 ; elapsed = 00:00:00 . Memory (MB): peak = 1290.918 ; gain = 0.000
INFO: [Project 1-570] Preparing netlist for logic optimization
INFO: [Opt 31-138] Pushed 0 inverter(s) to 0 load pin(s).
Netlist sorting complete. Time (s): cpu = 00:00:00 ; elapsed = 00:00:00 . Memory (MB): peak = 1315.164 ; gain = 0.000
INFO: [Project 1-111] Unisim Transformation Summary:
No Unisim elements were transformed.

Synth Design complete, checksum: 28b65dd9
INFO: [Common 17-83] Releasing license: Synthesis
35 Infos, 0 Warnings, 0 Critical Warnings and 0 Errors encountered.
synth_design completed successfully
synth_design: Time (s): cpu = 00:00:36 ; elapsed = 00:00:41 . Memory (MB): peak = 1320.164 ; gain = 62.582
INFO: [Common 17-1381] The checkpoint 'D:/WorkRaduV/Projects/Zybo-Z7/hw/proj/hw.runs/design_1_axis_subset_converter_in_0_synth_1/design_1_axis_subset_converter_in_0.dcp' has been generated.
INFO: [Coretcl 2-1648] Added synthesis output to IP cache for IP design_1_axis_subset_converter_in_0, cache-ID = 27b33924154a8b40
INFO: [Common 17-1381] The checkpoint 'D:/WorkRaduV/Projects/Zybo-Z7/hw/proj/hw.runs/design_1_axis_subset_converter_in_0_synth_1/design_1_axis_subset_converter_in_0.dcp' has been generated.
INFO: [runtcl-4] Executing : report_utilization -file design_1_axis_subset_converter_in_0_utilization_synth.rpt -pb design_1_axis_subset_converter_in_0_utilization_synth.pb
INFO: [Common 17-206] Exiting Vivado at Tue Jul 26 14:22:54 2022...
