
*** Running vivado
    with args -log design_1_m00_regslice_0.vds -m64 -product Vivado -mode batch -messageDb vivado.pb -notrace -source design_1_m00_regslice_0.tcl



****** Vivado v2021.1.1 (64-bit)
  **** SW Build 3286242 on Wed Jul 28 13:10:47 MDT 2021
  **** IP Build 3279568 on Wed Jul 28 16:48:48 MDT 2021
    ** Copyright 1986-2021 Xilinx, Inc. All Rights Reserved.

source design_1_m00_regslice_0.tcl -notrace
couldn't read file "design_1_m00_regslice_0.tcl": no such file or directory
INFO: [Common 17-206] Exiting Vivado at Wed Nov 20 01:38:51 2024...

*** Running vivado
    with args -log design_1_m00_regslice_0.vds -m64 -product Vivado -mode batch -messageDb vivado.pb -notrace -source design_1_m00_regslice_0.tcl



****** Vivado v2021.1.1 (64-bit)
  **** SW Build 3286242 on Wed Jul 28 13:10:47 MDT 2021
  **** IP Build 3279568 on Wed Jul 28 16:48:48 MDT 2021
    ** Copyright 1986-2021 Xilinx, Inc. All Rights Reserved.

source design_1_m00_regslice_0.tcl -notrace
INFO: [IP_Flow 19-234] Refreshing IP repositories
INFO: [IP_Flow 19-1700] Loaded user IP repository 'c:/LocalWorkspace/EE277workspace/Lab4/2021_1__1/ZyboZ7_10_HDMI_hw.xpr/hw/hw.ipdefs/repo'.
INFO: [IP_Flow 19-2313] Loaded Vivado IP repository 'C:/Xilinx/Vivado/2021.1/data/ip'.
WARNING: [IP_Flow 19-4995] The host OS only allows 260 characters in a normal path. The IP cache path is more than 80 characters. If you experience issues with IP caching, please consider changing the IP cache to a location with a shorter path. Alternately consider using the OS subst command to map part of the path to a drive letter. 
Current IP cache path is c:/LocalWorkspace/EE277workspace/Lab4/2021_1__1/ZyboZ7_10_HDMI_hw.xpr/hw/hw.cache/ip 
Command: synth_design -top design_1_m00_regslice_0 -part xc7z010clg400-1 -mode out_of_context
Starting synth_design
Attempting to get a license for feature 'Synthesis' and/or device 'xc7z010'
INFO: [Common 17-349] Got license for feature 'Synthesis' and/or device 'xc7z010'
INFO: [Device 21-403] Loading part xc7z010clg400-1
INFO: [Synth 8-7079] Multithreading enabled for synth_design using a maximum of 2 processes.
INFO: [Synth 8-7078] Launching helper process for spawning children vivado processes
INFO: [Synth 8-7075] Helper process launched with PID 35252
---------------------------------------------------------------------------------
Starting RTL Elaboration : Time (s): cpu = 00:00:03 ; elapsed = 00:00:05 . Memory (MB): peak = 1281.875 ; gain = 0.000
---------------------------------------------------------------------------------
INFO: [Synth 8-6157] synthesizing module 'design_1_m00_regslice_0' [c:/LocalWorkspace/EE277workspace/Lab4/2021_1__1/ZyboZ7_10_HDMI_hw.xpr/hw/hw.gen/sources_1/bd/design_1/ip/design_1_m00_regslice_0/synth/design_1_m00_regslice_0.v:58]
INFO: [Synth 8-6157] synthesizing module 'axi_register_slice_v2_1_24_axi_register_slice' [c:/LocalWorkspace/EE277workspace/Lab4/2021_1__1/ZyboZ7_10_HDMI_hw.xpr/hw/hw.gen/sources_1/bd/design_1/ipshared/8f68/hdl/axi_register_slice_v2_1_vl_rfs.v:3726]
INFO: [Synth 8-6157] synthesizing module 'axi_infrastructure_v1_1_0_axi2vector' [c:/LocalWorkspace/EE277workspace/Lab4/2021_1__1/ZyboZ7_10_HDMI_hw.xpr/hw/hw.gen/sources_1/bd/design_1/ipshared/ec67/hdl/axi_infrastructure_v1_1_vl_rfs.v:60]
INFO: [Synth 8-6155] done synthesizing module 'axi_infrastructure_v1_1_0_axi2vector' (1#1) [c:/LocalWorkspace/EE277workspace/Lab4/2021_1__1/ZyboZ7_10_HDMI_hw.xpr/hw/hw.gen/sources_1/bd/design_1/ipshared/ec67/hdl/axi_infrastructure_v1_1_vl_rfs.v:60]
INFO: [Synth 8-6157] synthesizing module 'axi_infrastructure_v1_1_0_vector2axi' [c:/LocalWorkspace/EE277workspace/Lab4/2021_1__1/ZyboZ7_10_HDMI_hw.xpr/hw/hw.gen/sources_1/bd/design_1/ipshared/ec67/hdl/axi_infrastructure_v1_1_vl_rfs.v:474]
INFO: [Synth 8-6155] done synthesizing module 'axi_infrastructure_v1_1_0_vector2axi' (2#1) [c:/LocalWorkspace/EE277workspace/Lab4/2021_1__1/ZyboZ7_10_HDMI_hw.xpr/hw/hw.gen/sources_1/bd/design_1/ipshared/ec67/hdl/axi_infrastructure_v1_1_vl_rfs.v:474]
INFO: [Synth 8-6157] synthesizing module 'axi_register_slice_v2_1_24_axic_register_slice' [c:/LocalWorkspace/EE277workspace/Lab4/2021_1__1/ZyboZ7_10_HDMI_hw.xpr/hw/hw.gen/sources_1/bd/design_1/ipshared/8f68/hdl/axi_register_slice_v2_1_vl_rfs.v:1498]
INFO: [Synth 8-6155] done synthesizing module 'axi_register_slice_v2_1_24_axic_register_slice' (3#1) [c:/LocalWorkspace/EE277workspace/Lab4/2021_1__1/ZyboZ7_10_HDMI_hw.xpr/hw/hw.gen/sources_1/bd/design_1/ipshared/8f68/hdl/axi_register_slice_v2_1_vl_rfs.v:1498]
INFO: [Synth 8-6157] synthesizing module 'axi_register_slice_v2_1_24_axic_register_slice__parameterized0' [c:/LocalWorkspace/EE277workspace/Lab4/2021_1__1/ZyboZ7_10_HDMI_hw.xpr/hw/hw.gen/sources_1/bd/design_1/ipshared/8f68/hdl/axi_register_slice_v2_1_vl_rfs.v:1498]
INFO: [Synth 8-6155] done synthesizing module 'axi_register_slice_v2_1_24_axic_register_slice__parameterized0' (3#1) [c:/LocalWorkspace/EE277workspace/Lab4/2021_1__1/ZyboZ7_10_HDMI_hw.xpr/hw/hw.gen/sources_1/bd/design_1/ipshared/8f68/hdl/axi_register_slice_v2_1_vl_rfs.v:1498]
INFO: [Synth 8-6157] synthesizing module 'axi_register_slice_v2_1_24_axic_register_slice__parameterized1' [c:/LocalWorkspace/EE277workspace/Lab4/2021_1__1/ZyboZ7_10_HDMI_hw.xpr/hw/hw.gen/sources_1/bd/design_1/ipshared/8f68/hdl/axi_register_slice_v2_1_vl_rfs.v:1498]
INFO: [Synth 8-6155] done synthesizing module 'axi_register_slice_v2_1_24_axic_register_slice__parameterized1' (3#1) [c:/LocalWorkspace/EE277workspace/Lab4/2021_1__1/ZyboZ7_10_HDMI_hw.xpr/hw/hw.gen/sources_1/bd/design_1/ipshared/8f68/hdl/axi_register_slice_v2_1_vl_rfs.v:1498]
INFO: [Synth 8-6157] synthesizing module 'axi_register_slice_v2_1_24_axic_register_slice__parameterized2' [c:/LocalWorkspace/EE277workspace/Lab4/2021_1__1/ZyboZ7_10_HDMI_hw.xpr/hw/hw.gen/sources_1/bd/design_1/ipshared/8f68/hdl/axi_register_slice_v2_1_vl_rfs.v:1498]
INFO: [Synth 8-6155] done synthesizing module 'axi_register_slice_v2_1_24_axic_register_slice__parameterized2' (3#1) [c:/LocalWorkspace/EE277workspace/Lab4/2021_1__1/ZyboZ7_10_HDMI_hw.xpr/hw/hw.gen/sources_1/bd/design_1/ipshared/8f68/hdl/axi_register_slice_v2_1_vl_rfs.v:1498]
INFO: [Synth 8-6155] done synthesizing module 'axi_register_slice_v2_1_24_axi_register_slice' (4#1) [c:/LocalWorkspace/EE277workspace/Lab4/2021_1__1/ZyboZ7_10_HDMI_hw.xpr/hw/hw.gen/sources_1/bd/design_1/ipshared/8f68/hdl/axi_register_slice_v2_1_vl_rfs.v:3726]
INFO: [Synth 8-6155] done synthesizing module 'design_1_m00_regslice_0' (5#1) [c:/LocalWorkspace/EE277workspace/Lab4/2021_1__1/ZyboZ7_10_HDMI_hw.xpr/hw/hw.gen/sources_1/bd/design_1/ip/design_1_m00_regslice_0/synth/design_1_m00_regslice_0.v:58]
---------------------------------------------------------------------------------
Finished RTL Elaboration : Time (s): cpu = 00:00:03 ; elapsed = 00:00:06 . Memory (MB): peak = 1281.875 ; gain = 0.000
---------------------------------------------------------------------------------
---------------------------------------------------------------------------------
Start Handling Custom Attributes
---------------------------------------------------------------------------------
---------------------------------------------------------------------------------
Finished Handling Custom Attributes : Time (s): cpu = 00:00:04 ; elapsed = 00:00:07 . Memory (MB): peak = 1281.875 ; gain = 0.000
---------------------------------------------------------------------------------
---------------------------------------------------------------------------------
Finished RTL Optimization Phase 1 : Time (s): cpu = 00:00:04 ; elapsed = 00:00:07 . Memory (MB): peak = 1281.875 ; gain = 0.000
---------------------------------------------------------------------------------
Netlist sorting complete. Time (s): cpu = 00:00:00 ; elapsed = 00:00:00.022 . Memory (MB): peak = 1281.875 ; gain = 0.000
INFO: [Project 1-570] Preparing netlist for logic optimization

Processing XDC Constraints
Initializing timing engine
Parsing XDC File [c:/LocalWorkspace/EE277workspace/Lab4/2021_1__1/ZyboZ7_10_HDMI_hw.xpr/hw/hw.gen/sources_1/bd/design_1/ip/design_1_m00_regslice_0/design_1_m00_regslice_0_ooc.xdc] for cell 'inst'
Finished Parsing XDC File [c:/LocalWorkspace/EE277workspace/Lab4/2021_1__1/ZyboZ7_10_HDMI_hw.xpr/hw/hw.gen/sources_1/bd/design_1/ip/design_1_m00_regslice_0/design_1_m00_regslice_0_ooc.xdc] for cell 'inst'
Parsing XDC File [C:/LocalWorkspace/EE277workspace/Lab4/2021_1__1/ZyboZ7_10_HDMI_hw.xpr/hw/hw.runs/design_1_m00_regslice_0_synth_1/dont_touch.xdc]
Finished Parsing XDC File [C:/LocalWorkspace/EE277workspace/Lab4/2021_1__1/ZyboZ7_10_HDMI_hw.xpr/hw/hw.runs/design_1_m00_regslice_0_synth_1/dont_touch.xdc]
Parsing XDC File [c:/LocalWorkspace/EE277workspace/Lab4/2021_1__1/ZyboZ7_10_HDMI_hw.xpr/hw/hw.gen/sources_1/bd/design_1/ip/design_1_m00_regslice_0/design_1_m00_regslice_0_clocks.xdc] for cell 'inst'
Finished Parsing XDC File [c:/LocalWorkspace/EE277workspace/Lab4/2021_1__1/ZyboZ7_10_HDMI_hw.xpr/hw/hw.gen/sources_1/bd/design_1/ip/design_1_m00_regslice_0/design_1_m00_regslice_0_clocks.xdc] for cell 'inst'
INFO: [Project 1-236] Implementation specific constraints were found while reading constraint file [c:/LocalWorkspace/EE277workspace/Lab4/2021_1__1/ZyboZ7_10_HDMI_hw.xpr/hw/hw.gen/sources_1/bd/design_1/ip/design_1_m00_regslice_0/design_1_m00_regslice_0_clocks.xdc]. These constraints will be ignored for synthesis but will be used in implementation. Impacted constraints are listed in the file [.Xil/design_1_m00_regslice_0_propImpl.xdc].
Resolution: To avoid this warning, move constraints listed in [.Xil/design_1_m00_regslice_0_propImpl.xdc] to another XDC file and exclude this new file from synthesis with the used_in_synthesis property (File Properties dialog in GUI) and re-run elaboration/synthesis.
Completed Processing XDC Constraints

Netlist sorting complete. Time (s): cpu = 00:00:00 ; elapsed = 00:00:00 . Memory (MB): peak = 1281.875 ; gain = 0.000
INFO: [Project 1-111] Unisim Transformation Summary:
No Unisim elements were transformed.

Constraint Validation Runtime : Time (s): cpu = 00:00:00 ; elapsed = 00:00:00.028 . Memory (MB): peak = 1284.609 ; gain = 2.734
---------------------------------------------------------------------------------
Finished Constraint Validation : Time (s): cpu = 00:00:08 ; elapsed = 00:00:12 . Memory (MB): peak = 1284.609 ; gain = 2.734
---------------------------------------------------------------------------------
---------------------------------------------------------------------------------
Start Loading Part and Timing Information
---------------------------------------------------------------------------------
Loading part: xc7z010clg400-1
---------------------------------------------------------------------------------
Finished Loading Part and Timing Information : Time (s): cpu = 00:00:08 ; elapsed = 00:00:12 . Memory (MB): peak = 1284.609 ; gain = 2.734
---------------------------------------------------------------------------------
---------------------------------------------------------------------------------
Start Applying 'set_property' XDC Constraints
---------------------------------------------------------------------------------
Applied set_property KEEP_HIERARCHY = SOFT for inst. (constraint file  C:/LocalWorkspace/EE277workspace/Lab4/2021_1__1/ZyboZ7_10_HDMI_hw.xpr/hw/hw.runs/design_1_m00_regslice_0_synth_1/dont_touch.xdc, line 9).
---------------------------------------------------------------------------------
Finished applying 'set_property' XDC Constraints : Time (s): cpu = 00:00:08 ; elapsed = 00:00:12 . Memory (MB): peak = 1284.609 ; gain = 2.734
---------------------------------------------------------------------------------
---------------------------------------------------------------------------------
Finished RTL Optimization Phase 2 : Time (s): cpu = 00:00:08 ; elapsed = 00:00:13 . Memory (MB): peak = 1284.609 ; gain = 2.734
---------------------------------------------------------------------------------
---------------------------------------------------------------------------------
Start RTL Component Statistics 
---------------------------------------------------------------------------------
Detailed RTL Component Info : 
+---Registers : 
	               74 Bit    Registers := 2     
	               68 Bit    Registers := 2     
	               55 Bit    Registers := 2     
	                3 Bit    Registers := 1     
	                2 Bit    Registers := 5     
	                1 Bit    Registers := 10    
+---Muxes : 
	   2 Input   74 Bit        Muxes := 2     
	   2 Input   68 Bit        Muxes := 2     
	   2 Input    1 Bit        Muxes := 6     
---------------------------------------------------------------------------------
Finished RTL Component Statistics 
---------------------------------------------------------------------------------
---------------------------------------------------------------------------------
Start Part Resource Summary
---------------------------------------------------------------------------------
Part Resources:
DSPs: 80 (col length:40)
BRAMs: 120 (col length: RAMB18 40 RAMB36 20)
---------------------------------------------------------------------------------
Finished Part Resource Summary
---------------------------------------------------------------------------------
---------------------------------------------------------------------------------
Start Cross Boundary and Area Optimization
---------------------------------------------------------------------------------
---------------------------------------------------------------------------------
Finished Cross Boundary and Area Optimization : Time (s): cpu = 00:00:09 ; elapsed = 00:00:14 . Memory (MB): peak = 1284.609 ; gain = 2.734
---------------------------------------------------------------------------------
---------------------------------------------------------------------------------
Start Applying XDC Timing Constraints
---------------------------------------------------------------------------------
---------------------------------------------------------------------------------
Finished Applying XDC Timing Constraints : Time (s): cpu = 00:00:14 ; elapsed = 00:00:20 . Memory (MB): peak = 1284.609 ; gain = 2.734
---------------------------------------------------------------------------------
---------------------------------------------------------------------------------
Start Timing Optimization
---------------------------------------------------------------------------------
---------------------------------------------------------------------------------
Finished Timing Optimization : Time (s): cpu = 00:00:14 ; elapsed = 00:00:20 . Memory (MB): peak = 1284.609 ; gain = 2.734
---------------------------------------------------------------------------------
---------------------------------------------------------------------------------
Start Technology Mapping
---------------------------------------------------------------------------------
---------------------------------------------------------------------------------
Finished Technology Mapping : Time (s): cpu = 00:00:14 ; elapsed = 00:00:20 . Memory (MB): peak = 1284.609 ; gain = 2.734
---------------------------------------------------------------------------------
---------------------------------------------------------------------------------
Start IO Insertion
---------------------------------------------------------------------------------
---------------------------------------------------------------------------------
Start Flattening Before IO Insertion
---------------------------------------------------------------------------------
---------------------------------------------------------------------------------
Finished Flattening Before IO Insertion
---------------------------------------------------------------------------------
---------------------------------------------------------------------------------
Start Final Netlist Cleanup
---------------------------------------------------------------------------------
---------------------------------------------------------------------------------
Finished Final Netlist Cleanup
---------------------------------------------------------------------------------
---------------------------------------------------------------------------------
Finished IO Insertion : Time (s): cpu = 00:00:16 ; elapsed = 00:00:22 . Memory (MB): peak = 1284.609 ; gain = 2.734
---------------------------------------------------------------------------------
---------------------------------------------------------------------------------
Start Renaming Generated Instances
---------------------------------------------------------------------------------
---------------------------------------------------------------------------------
Finished Renaming Generated Instances : Time (s): cpu = 00:00:16 ; elapsed = 00:00:22 . Memory (MB): peak = 1284.609 ; gain = 2.734
---------------------------------------------------------------------------------
---------------------------------------------------------------------------------
Start Rebuilding User Hierarchy
---------------------------------------------------------------------------------
---------------------------------------------------------------------------------
Finished Rebuilding User Hierarchy : Time (s): cpu = 00:00:16 ; elapsed = 00:00:23 . Memory (MB): peak = 1284.609 ; gain = 2.734
---------------------------------------------------------------------------------
---------------------------------------------------------------------------------
Start Renaming Generated Ports
---------------------------------------------------------------------------------
---------------------------------------------------------------------------------
Finished Renaming Generated Ports : Time (s): cpu = 00:00:16 ; elapsed = 00:00:23 . Memory (MB): peak = 1284.609 ; gain = 2.734
---------------------------------------------------------------------------------
---------------------------------------------------------------------------------
Start Handling Custom Attributes
---------------------------------------------------------------------------------
---------------------------------------------------------------------------------
Finished Handling Custom Attributes : Time (s): cpu = 00:00:16 ; elapsed = 00:00:23 . Memory (MB): peak = 1284.609 ; gain = 2.734
---------------------------------------------------------------------------------
---------------------------------------------------------------------------------
Start Renaming Generated Nets
---------------------------------------------------------------------------------
---------------------------------------------------------------------------------
Finished Renaming Generated Nets : Time (s): cpu = 00:00:16 ; elapsed = 00:00:23 . Memory (MB): peak = 1284.609 ; gain = 2.734
---------------------------------------------------------------------------------
---------------------------------------------------------------------------------
Start Writing Synthesis Report
---------------------------------------------------------------------------------

Report BlackBoxes: 
+-+--------------+----------+
| |BlackBox name |Instances |
+-+--------------+----------+
+-+--------------+----------+

Report Cell Usage: 
+------+-----+------+
|      |Cell |Count |
+------+-----+------+
|1     |LUT1 |     4|
|2     |LUT2 |     3|
|3     |LUT3 |   148|
|4     |LUT4 |     7|
|5     |FDRE |   409|
+------+-----+------+
---------------------------------------------------------------------------------
Finished Writing Synthesis Report : Time (s): cpu = 00:00:16 ; elapsed = 00:00:23 . Memory (MB): peak = 1284.609 ; gain = 2.734
---------------------------------------------------------------------------------
Synthesis finished with 0 errors, 0 critical warnings and 0 warnings.
Synthesis Optimization Runtime : Time (s): cpu = 00:00:11 ; elapsed = 00:00:21 . Memory (MB): peak = 1284.609 ; gain = 0.000
Synthesis Optimization Complete : Time (s): cpu = 00:00:16 ; elapsed = 00:00:23 . Memory (MB): peak = 1284.609 ; gain = 2.734
INFO: [Project 1-571] Translating synthesized netlist
Netlist sorting complete. Time (s): cpu = 00:00:00 ; elapsed = 00:00:00.015 . Memory (MB): peak = 1284.609 ; gain = 0.000
INFO: [Project 1-570] Preparing netlist for logic optimization
INFO: [Opt 31-138] Pushed 0 inverter(s) to 0 load pin(s).
Netlist sorting complete. Time (s): cpu = 00:00:00 ; elapsed = 00:00:00 . Memory (MB): peak = 1299.301 ; gain = 0.000
INFO: [Project 1-111] Unisim Transformation Summary:
No Unisim elements were transformed.

Synth Design complete, checksum: 4622832c
INFO: [Common 17-83] Releasing license: Synthesis
32 Infos, 1 Warnings, 0 Critical Warnings and 0 Errors encountered.
synth_design completed successfully
synth_design: Time (s): cpu = 00:00:19 ; elapsed = 00:00:27 . Memory (MB): peak = 1299.301 ; gain = 17.426
INFO: [Common 17-1381] The checkpoint 'C:/LocalWorkspace/EE277workspace/Lab4/2021_1__1/ZyboZ7_10_HDMI_hw.xpr/hw/hw.runs/design_1_m00_regslice_0_synth_1/design_1_m00_regslice_0.dcp' has been generated.
INFO: [Coretcl 2-1648] Added synthesis output to IP cache for IP design_1_m00_regslice_0, cache-ID = e5bfc354c8a94769
INFO: [Coretcl 2-1174] Renamed 6 cell refs.
INFO: [Common 17-1381] The checkpoint 'C:/LocalWorkspace/EE277workspace/Lab4/2021_1__1/ZyboZ7_10_HDMI_hw.xpr/hw/hw.runs/design_1_m00_regslice_0_synth_1/design_1_m00_regslice_0.dcp' has been generated.
INFO: [runtcl-4] Executing : report_utilization -file design_1_m00_regslice_0_utilization_synth.rpt -pb design_1_m00_regslice_0_utilization_synth.pb
INFO: [Common 17-206] Exiting Vivado at Wed Nov 20 13:04:54 2024...
